[2022-06-14 02:44:19] Storing files in experiments/CDur/2022-06-14_02-44-06_d573585aeb4811ec94337c8ae1d40299
[2022-06-14 02:44:19] data:
[2022-06-14 02:44:19]   class_indice_file: data/metadata/class_label_indices.txt
[2022-06-14 02:44:19]   feature: data/dev/feature.csv
[2022-06-14 02:44:19]   freaug: false
[2022-06-14 02:44:19]   freshift: true
[2022-06-14 02:44:19]   label: data/dev/label.csv
[2022-06-14 02:44:19]   mix: false
[2022-06-14 02:44:19]   specaug: false
[2022-06-14 02:44:19]   stratified: true
[2022-06-14 02:44:19]   timeshift: false
[2022-06-14 02:44:19] dataloader_args:
[2022-06-14 02:44:19]   batch_size: 64
[2022-06-14 02:44:19]   num_workers: 1
[2022-06-14 02:44:19] early_stop: 7
[2022-06-14 02:44:19] epochs: 500
[2022-06-14 02:44:19] loss: BceLoss
[2022-06-14 02:44:19] model:
[2022-06-14 02:44:19]   args: {}
[2022-06-14 02:44:19]   dropout: 0.0
[2022-06-14 02:44:19]   type: CDur
[2022-06-14 02:44:19] num_workers: 2
[2022-06-14 02:44:19] optimizer:
[2022-06-14 02:44:19]   args:
[2022-06-14 02:44:19]     lr: 0.001
[2022-06-14 02:44:19]   type: AdamW
[2022-06-14 02:44:19] outputpath: experiments/
[2022-06-14 02:44:19] postprocessing: triple
[2022-06-14 02:44:19] scheduler_args:
[2022-06-14 02:44:19]   factor: 0.1
[2022-06-14 02:44:19]   patience: 3
[2022-06-14 02:44:19] sct: true
[2022-06-14 02:44:19] 
[2022-06-14 02:44:19] Running on device cuda
