[2022-06-12 19:30:56] Storing files in experiments/CDur/2022-06-12_19-30-06_200f4817ea4311eca8ec7c8ae1d4050f
[2022-06-12 19:30:56] data:
[2022-06-12 19:30:56]   class_indice_file: data/metadata/class_label_indices.txt
[2022-06-12 19:30:56]   feature: data/dev/feature.csv
[2022-06-12 19:30:56]   freaug: false
[2022-06-12 19:30:56]   freshift: true
[2022-06-12 19:30:56]   label: data/dev/label.csv
[2022-06-12 19:30:56]   mix: false
[2022-06-12 19:30:56]   specaug: false
[2022-06-12 19:30:56]   stratified: true
[2022-06-12 19:30:56]   timeshift: false
[2022-06-12 19:30:56] dataloader_args:
[2022-06-12 19:30:56]   batch_size: 64
[2022-06-12 19:30:56]   num_workers: 1
[2022-06-12 19:30:56] early_stop: 7
[2022-06-12 19:30:56] epochs: 500
[2022-06-12 19:30:56] loss: BceLoss
[2022-06-12 19:30:56] model:
[2022-06-12 19:30:56]   args: {}
[2022-06-12 19:30:56]   dropout: 0.0
[2022-06-12 19:30:56]   type: CDur
[2022-06-12 19:30:56] num_workers: 2
[2022-06-12 19:30:56] optimizer:
[2022-06-12 19:30:56]   args:
[2022-06-12 19:30:56]     lr: 0.001
[2022-06-12 19:30:56]   type: AdamW
[2022-06-12 19:30:56] outputpath: experiments/
[2022-06-12 19:30:56] postprocessing: triple
[2022-06-12 19:30:56] scheduler_args:
[2022-06-12 19:30:56]   factor: 0.1
[2022-06-12 19:30:56]   patience: 3
[2022-06-12 19:30:56] sct: true
[2022-06-12 19:30:56] 
[2022-06-12 19:30:56] Running on device cuda
[2022-06-12 19:31:00] AdamW (
[2022-06-12 19:31:00] Parameter Group 0
[2022-06-12 19:31:00]     amsgrad: False
[2022-06-12 19:31:00]     betas: (0.9, 0.999)
[2022-06-12 19:31:00]     eps: 1e-08
[2022-06-12 19:31:00]     lr: 0.001
[2022-06-12 19:31:00]     maximize: False
[2022-06-12 19:31:00]     weight_decay: 0.01
[2022-06-12 19:31:00] )
[2022-06-12 19:31:00] CDur(
[2022-06-12 19:31:00]   (features): Sequential(
[2022-06-12 19:31:00]     (0): Block2D(
[2022-06-12 19:31:00]       (block): Sequential(
[2022-06-12 19:31:00]         (0): BatchNorm2d(1, eps=1e-05, momentum=0.1, affine=True, track_running_stats=True)
[2022-06-12 19:31:00]         (1): Conv2d(1, 32, kernel_size=(3, 3), stride=(1, 1), padding=(1, 1), bias=False)
[2022-06-12 19:31:00]         (2): LeakyReLU(negative_slope=0.1, inplace=True)
[2022-06-12 19:31:00]       )
[2022-06-12 19:31:00]     )
[2022-06-12 19:31:00]     (1): LPPool2d(norm_type=4, kernel_size=(2, 4), stride=None, ceil_mode=False)
[2022-06-12 19:31:00]     (2): Block2D(
[2022-06-12 19:31:00]       (block): Sequential(
[2022-06-12 19:31:00]         (0): BatchNorm2d(32, eps=1e-05, momentum=0.1, affine=True, track_running_stats=True)
[2022-06-12 19:31:00]         (1): Conv2d(32, 128, kernel_size=(3, 3), stride=(1, 1), padding=(1, 1), bias=False)
[2022-06-12 19:31:00]         (2): LeakyReLU(negative_slope=0.1, inplace=True)
[2022-06-12 19:31:00]       )
[2022-06-12 19:31:00]     )
[2022-06-12 19:31:00]     (3): Block2D(
[2022-06-12 19:31:00]       (block): Sequential(
[2022-06-12 19:31:00]         (0): BatchNorm2d(128, eps=1e-05, momentum=0.1, affine=True, track_running_stats=True)
[2022-06-12 19:31:00]         (1): Conv2d(128, 128, kernel_size=(3, 3), stride=(1, 1), padding=(1, 1), bias=False)
[2022-06-12 19:31:00]         (2): LeakyReLU(negative_slope=0.1, inplace=True)
[2022-06-12 19:31:00]       )
[2022-06-12 19:31:00]     )
[2022-06-12 19:31:00]     (4): LPPool2d(norm_type=4, kernel_size=(2, 4), stride=None, ceil_mode=False)
[2022-06-12 19:31:00]     (5): Block2D(
[2022-06-12 19:31:00]       (block): Sequential(
[2022-06-12 19:31:00]         (0): BatchNorm2d(128, eps=1e-05, momentum=0.1, affine=True, track_running_stats=True)
[2022-06-12 19:31:00]         (1): Conv2d(128, 128, kernel_size=(3, 3), stride=(1, 1), padding=(1, 1), bias=False)
[2022-06-12 19:31:00]         (2): LeakyReLU(negative_slope=0.1, inplace=True)
[2022-06-12 19:31:00]       )
[2022-06-12 19:31:00]     )
[2022-06-12 19:31:00]     (6): Block2D(
[2022-06-12 19:31:00]       (block): Sequential(
[2022-06-12 19:31:00]         (0): BatchNorm2d(128, eps=1e-05, momentum=0.1, affine=True, track_running_stats=True)
[2022-06-12 19:31:00]         (1): Conv2d(128, 128, kernel_size=(3, 3), stride=(1, 1), padding=(1, 1), bias=False)
[2022-06-12 19:31:00]         (2): LeakyReLU(negative_slope=0.1, inplace=True)
[2022-06-12 19:31:00]       )
[2022-06-12 19:31:00]     )
[2022-06-12 19:31:00]     (7): LPPool2d(norm_type=4, kernel_size=(1, 4), stride=None, ceil_mode=False)
[2022-06-12 19:31:00]     (8): Dropout(p=0.3, inplace=False)
[2022-06-12 19:31:00]   )
[2022-06-12 19:31:00]   (gru): GRU(128, 128, batch_first=True, bidirectional=True)
[2022-06-12 19:31:00]   (temp_pool): LinearSoftPool()
[2022-06-12 19:31:00]   (outputlayer): Linear(in_features=256, out_features=10, bias=True)
[2022-06-12 19:31:00] )
[2022-06-12 19:31:08] Epoch 1   training_loss: 0.36  val_loss: 0.32  precision: 0.44  recall: 0.20  f1: 0.25
[2022-06-12 19:31:14] Epoch 2   training_loss: 0.28  val_loss: 0.26  precision: 0.61  recall: 0.30  f1: 0.38
[2022-06-12 19:31:21] Epoch 3   training_loss: 0.23  val_loss: 0.20  precision: 0.73  recall: 0.48  f1: 0.55
[2022-06-12 19:31:28] Epoch 4   training_loss: 0.20  val_loss: 0.18  precision: 0.72  recall: 0.51  f1: 0.57
[2022-06-12 19:31:36] Epoch 5   training_loss: 0.18  val_loss: 0.16  precision: 0.81  recall: 0.65  f1: 0.69
[2022-06-12 19:31:42] Epoch 6   training_loss: 0.17  val_loss: 0.14  precision: 0.86  recall: 0.67  f1: 0.73
[2022-06-12 19:31:48] Epoch 7   training_loss: 0.15  val_loss: 0.14  precision: 0.82  recall: 0.70  f1: 0.73
[2022-06-12 19:31:55] Epoch 8   training_loss: 0.14  val_loss: 0.17  precision: 0.84  recall: 0.61  f1: 0.66
[2022-06-12 19:32:01] Epoch 9   training_loss: 0.13  val_loss: 0.14  precision: 0.84  recall: 0.66  f1: 0.72
[2022-06-12 19:32:08] Epoch 10   training_loss: 0.12  val_loss: 0.17  precision: 0.81  recall: 0.64  f1: 0.67
[2022-06-12 19:32:14] Epoch 11   training_loss: 0.10  val_loss: 0.11  precision: 0.87  recall: 0.71  f1: 0.77
[2022-06-12 19:32:20] Epoch 12   training_loss: 0.10  val_loss: 0.11  precision: 0.87  recall: 0.73  f1: 0.78
[2022-06-12 19:32:26] Epoch 13   training_loss: 0.09  val_loss: 0.11  precision: 0.86  recall: 0.72  f1: 0.77
[2022-06-12 19:32:33] Epoch 14   training_loss: 0.09  val_loss: 0.11  precision: 0.87  recall: 0.71  f1: 0.77
[2022-06-12 19:32:40] Epoch 15   training_loss: 0.09  val_loss: 0.10  precision: 0.88  recall: 0.75  f1: 0.79
[2022-06-12 19:32:46] Epoch 16   training_loss: 0.09  val_loss: 0.11  precision: 0.87  recall: 0.75  f1: 0.79
[2022-06-12 19:32:52] Epoch 17   training_loss: 0.08  val_loss: 0.10  precision: 0.88  recall: 0.77  f1: 0.80
[2022-06-12 19:32:58] Epoch 18   training_loss: 0.08  val_loss: 0.10  precision: 0.89  recall: 0.76  f1: 0.81
[2022-06-12 19:33:06] Epoch 19   training_loss: 0.08  val_loss: 0.11  precision: 0.88  recall: 0.75  f1: 0.80
[2022-06-12 19:33:12] Epoch 20   training_loss: 0.08  val_loss: 0.10  precision: 0.88  recall: 0.78  f1: 0.82
[2022-06-12 19:33:19] Epoch 21   training_loss: 0.08  val_loss: 0.10  precision: 0.88  recall: 0.78  f1: 0.82
[2022-06-12 19:33:26] Epoch 22   training_loss: 0.08  val_loss: 0.10  precision: 0.89  recall: 0.76  f1: 0.81
[2022-06-12 19:33:33] Epoch 23   training_loss: 0.08  val_loss: 0.10  precision: 0.89  recall: 0.78  f1: 0.82
[2022-06-12 19:33:40] Epoch 24   training_loss: 0.08  val_loss: 0.10  precision: 0.89  recall: 0.80  f1: 0.83
[2022-06-12 19:33:47] Epoch 25   training_loss: 0.07  val_loss: 0.10  precision: 0.88  recall: 0.78  f1: 0.82
[2022-06-12 19:33:54] Epoch 26   training_loss: 0.07  val_loss: 0.10  precision: 0.89  recall: 0.78  f1: 0.81
[2022-06-12 19:34:00] Epoch 27   training_loss: 0.08  val_loss: 0.10  precision: 0.89  recall: 0.79  f1: 0.83
[2022-06-12 19:34:06] Epoch 28   training_loss: 0.07  val_loss: 0.11  precision: 0.88  recall: 0.79  f1: 0.82
[2022-06-12 19:34:12] Epoch 29   training_loss: 0.07  val_loss: 0.10  precision: 0.89  recall: 0.80  f1: 0.83
[2022-06-12 19:34:18] Epoch 30   training_loss: 0.07  val_loss: 0.10  precision: 0.90  recall: 0.79  f1: 0.83
[2022-06-12 19:34:25] Epoch 31   training_loss: 0.07  val_loss: 0.10  precision: 0.89  recall: 0.78  f1: 0.82
[2022-06-12 19:34:32] Epoch 32   training_loss: 0.08  val_loss: 0.10  precision: 0.89  recall: 0.79  f1: 0.83
[2022-06-12 19:34:38] Epoch 33   training_loss: 0.07  val_loss: 0.10  precision: 0.89  recall: 0.79  f1: 0.83
[2022-06-12 19:34:45] Epoch 34   training_loss: 0.07  val_loss: 0.10  precision: 0.89  recall: 0.80  f1: 0.83
[2022-06-12 19:34:52] Epoch 35   training_loss: 0.07  val_loss: 0.10  precision: 0.89  recall: 0.80  f1: 0.83
[2022-06-12 19:34:57] Epoch 36   training_loss: 0.07  val_loss: 0.10  precision: 0.89  recall: 0.78  f1: 0.82
[2022-06-12 19:35:02] Epoch 37   training_loss: 0.07  val_loss: 0.10  precision: 0.88  recall: 0.77  f1: 0.81
