[2022-06-12 20:27:39] Storing files in experiments/CDur/2022-06-12_20-27-06_0c8d3d35ea4b11ec9e5f7c8ae1d40299
[2022-06-12 20:27:39] data:
[2022-06-12 20:27:39]   class_indice_file: data/metadata/class_label_indices.txt
[2022-06-12 20:27:39]   feature: data/dev/feature.csv
[2022-06-12 20:27:39]   freaug: false
[2022-06-12 20:27:39]   freshift: true
[2022-06-12 20:27:39]   label: data/dev/label.csv
[2022-06-12 20:27:39]   mix: false
[2022-06-12 20:27:39]   specaug: false
[2022-06-12 20:27:39]   stratified: true
[2022-06-12 20:27:39]   timeshift: false
[2022-06-12 20:27:39] dataloader_args:
[2022-06-12 20:27:39]   batch_size: 64
[2022-06-12 20:27:39]   num_workers: 1
[2022-06-12 20:27:39] early_stop: 7
[2022-06-12 20:27:39] epochs: 500
[2022-06-12 20:27:39] loss: BceLoss
[2022-06-12 20:27:39] model:
[2022-06-12 20:27:39]   args: {}
[2022-06-12 20:27:39]   dropout: 0.0
[2022-06-12 20:27:39]   type: CDur
[2022-06-12 20:27:39] num_workers: 2
[2022-06-12 20:27:39] optimizer:
[2022-06-12 20:27:39]   args:
[2022-06-12 20:27:39]     lr: 0.001
[2022-06-12 20:27:39]   type: AdamW
[2022-06-12 20:27:39] outputpath: experiments/
[2022-06-12 20:27:39] postprocessing: triple
[2022-06-12 20:27:39] scheduler_args:
[2022-06-12 20:27:39]   factor: 0.1
[2022-06-12 20:27:39]   patience: 3
[2022-06-12 20:27:39] sct: true
[2022-06-12 20:27:39] 
[2022-06-12 20:27:39] Running on device cuda
[2022-06-12 20:27:42] AdamW (
[2022-06-12 20:27:42] Parameter Group 0
[2022-06-12 20:27:42]     amsgrad: False
[2022-06-12 20:27:42]     betas: (0.9, 0.999)
[2022-06-12 20:27:42]     eps: 1e-08
[2022-06-12 20:27:42]     lr: 0.001
[2022-06-12 20:27:42]     maximize: False
[2022-06-12 20:27:42]     weight_decay: 0.01
[2022-06-12 20:27:42] )
[2022-06-12 20:27:42] CDur(
[2022-06-12 20:27:42]   (features): Sequential(
[2022-06-12 20:27:42]     (0): Block2D(
[2022-06-12 20:27:42]       (block): Sequential(
[2022-06-12 20:27:42]         (0): BatchNorm2d(1, eps=1e-05, momentum=0.1, affine=True, track_running_stats=True)
[2022-06-12 20:27:42]         (1): Conv2d(1, 32, kernel_size=(3, 3), stride=(1, 1), padding=(1, 1), bias=False)
[2022-06-12 20:27:42]         (2): LeakyReLU(negative_slope=0.1, inplace=True)
[2022-06-12 20:27:42]       )
[2022-06-12 20:27:42]     )
[2022-06-12 20:27:42]     (1): LPPool2d(norm_type=4, kernel_size=(2, 4), stride=None, ceil_mode=False)
[2022-06-12 20:27:42]     (2): Block2D(
[2022-06-12 20:27:42]       (block): Sequential(
[2022-06-12 20:27:42]         (0): BatchNorm2d(32, eps=1e-05, momentum=0.1, affine=True, track_running_stats=True)
[2022-06-12 20:27:42]         (1): Conv2d(32, 128, kernel_size=(3, 3), stride=(1, 1), padding=(1, 1), bias=False)
[2022-06-12 20:27:42]         (2): LeakyReLU(negative_slope=0.1, inplace=True)
[2022-06-12 20:27:42]       )
[2022-06-12 20:27:42]     )
[2022-06-12 20:27:42]     (3): Block2D(
[2022-06-12 20:27:42]       (block): Sequential(
[2022-06-12 20:27:42]         (0): BatchNorm2d(128, eps=1e-05, momentum=0.1, affine=True, track_running_stats=True)
[2022-06-12 20:27:42]         (1): Conv2d(128, 128, kernel_size=(3, 3), stride=(1, 1), padding=(1, 1), bias=False)
[2022-06-12 20:27:42]         (2): LeakyReLU(negative_slope=0.1, inplace=True)
[2022-06-12 20:27:42]       )
[2022-06-12 20:27:42]     )
[2022-06-12 20:27:42]     (4): LPPool2d(norm_type=4, kernel_size=(2, 4), stride=None, ceil_mode=False)
[2022-06-12 20:27:42]     (5): Block2D(
[2022-06-12 20:27:42]       (block): Sequential(
[2022-06-12 20:27:42]         (0): BatchNorm2d(128, eps=1e-05, momentum=0.1, affine=True, track_running_stats=True)
[2022-06-12 20:27:42]         (1): Conv2d(128, 128, kernel_size=(3, 3), stride=(1, 1), padding=(1, 1), bias=False)
[2022-06-12 20:27:42]         (2): LeakyReLU(negative_slope=0.1, inplace=True)
[2022-06-12 20:27:42]       )
[2022-06-12 20:27:42]     )
[2022-06-12 20:27:42]     (6): Block2D(
[2022-06-12 20:27:42]       (block): Sequential(
[2022-06-12 20:27:42]         (0): BatchNorm2d(128, eps=1e-05, momentum=0.1, affine=True, track_running_stats=True)
[2022-06-12 20:27:42]         (1): Conv2d(128, 128, kernel_size=(3, 3), stride=(1, 1), padding=(1, 1), bias=False)
[2022-06-12 20:27:42]         (2): LeakyReLU(negative_slope=0.1, inplace=True)
[2022-06-12 20:27:42]       )
[2022-06-12 20:27:42]     )
[2022-06-12 20:27:42]     (7): LPPool2d(norm_type=4, kernel_size=(1, 4), stride=None, ceil_mode=False)
[2022-06-12 20:27:42]     (8): Dropout(p=0.3, inplace=False)
[2022-06-12 20:27:42]   )
[2022-06-12 20:27:42]   (gru): GRU(128, 128, batch_first=True, bidirectional=True)
[2022-06-12 20:27:42]   (temp_pool): LinearSoftPool()
[2022-06-12 20:27:42]   (outputlayer): Linear(in_features=256, out_features=10, bias=True)
[2022-06-12 20:27:42] )
[2022-06-12 20:27:49] Epoch 1   training_loss: 0.36  val_loss: 0.29  precision: 0.30  recall: 0.16  f1: 0.19
[2022-06-12 20:27:55] Epoch 2   training_loss: 0.27  val_loss: 0.22  precision: 0.58  recall: 0.33  f1: 0.40
[2022-06-12 20:28:01] Epoch 3   training_loss: 0.22  val_loss: 0.22  precision: 0.76  recall: 0.41  f1: 0.47
[2022-06-12 20:28:08] Epoch 4   training_loss: 0.20  val_loss: 0.18  precision: 0.84  recall: 0.55  f1: 0.64
[2022-06-12 20:28:14] Epoch 5   training_loss: 0.18  val_loss: 0.17  precision: 0.83  recall: 0.58  f1: 0.65
[2022-06-12 20:28:20] Epoch 6   training_loss: 0.16  val_loss: 0.16  precision: 0.82  recall: 0.61  f1: 0.68
[2022-06-12 20:28:27] Epoch 7   training_loss: 0.15  val_loss: 0.16  precision: 0.84  recall: 0.59  f1: 0.66
[2022-06-12 20:28:33] Epoch 8   training_loss: 0.14  val_loss: 0.16  precision: 0.81  recall: 0.62  f1: 0.67
[2022-06-12 20:28:42] Epoch 9   training_loss: 0.13  val_loss: 0.13  precision: 0.87  recall: 0.69  f1: 0.75
[2022-06-12 20:28:50] Epoch 10   training_loss: 0.12  val_loss: 0.14  precision: 0.86  recall: 0.75  f1: 0.79
[2022-06-12 20:28:58] Epoch 11   training_loss: 0.11  val_loss: 0.15  precision: 0.73  recall: 0.65  f1: 0.67
[2022-06-12 20:29:06] Epoch 12   training_loss: 0.11  val_loss: 0.13  precision: 0.86  recall: 0.72  f1: 0.77
[2022-06-12 20:29:15] Epoch 13   training_loss: 0.11  val_loss: 0.15  precision: 0.83  recall: 0.67  f1: 0.72
[2022-06-12 20:29:22] Epoch 14   training_loss: 0.09  val_loss: 0.12  precision: 0.87  recall: 0.74  f1: 0.79
[2022-06-12 20:29:31] Epoch 15   training_loss: 0.08  val_loss: 0.12  precision: 0.86  recall: 0.77  f1: 0.80
[2022-06-12 20:29:39] Epoch 16   training_loss: 0.08  val_loss: 0.12  precision: 0.85  recall: 0.75  f1: 0.79
[2022-06-12 20:29:47] Epoch 17   training_loss: 0.07  val_loss: 0.11  precision: 0.87  recall: 0.77  f1: 0.80
[2022-06-12 20:29:56] Epoch 18   training_loss: 0.07  val_loss: 0.11  precision: 0.86  recall: 0.77  f1: 0.80
[2022-06-12 20:30:04] Epoch 19   training_loss: 0.07  val_loss: 0.11  precision: 0.87  recall: 0.77  f1: 0.81
[2022-06-12 20:30:12] Epoch 20   training_loss: 0.07  val_loss: 0.12  precision: 0.87  recall: 0.79  f1: 0.82
[2022-06-12 20:30:20] Epoch 21   training_loss: 0.07  val_loss: 0.12  precision: 0.87  recall: 0.79  f1: 0.82
[2022-06-12 20:30:27] Epoch 22   training_loss: 0.07  val_loss: 0.12  precision: 0.88  recall: 0.80  f1: 0.83
[2022-06-12 20:30:35] Epoch 23   training_loss: 0.07  val_loss: 0.12  precision: 0.87  recall: 0.80  f1: 0.83
[2022-06-12 20:30:43] Epoch 24   training_loss: 0.07  val_loss: 0.12  precision: 0.86  recall: 0.79  f1: 0.81
