[2022-06-12 20:55:54] Storing files in experiments/CDur/2022-06-12_20-55-06_fea81584ea4e11ec95767c8ae1d40299
[2022-06-12 20:55:54] data:
[2022-06-12 20:55:54]   class_indice_file: data/metadata/class_label_indices.txt
[2022-06-12 20:55:54]   feature: data/dev/feature.csv
[2022-06-12 20:55:54]   freaug: false
[2022-06-12 20:55:54]   freshift: true
[2022-06-12 20:55:54]   label: data/dev/label.csv
[2022-06-12 20:55:54]   mix: false
[2022-06-12 20:55:54]   specaug: false
[2022-06-12 20:55:54]   stratified: true
[2022-06-12 20:55:54]   timeshift: false
[2022-06-12 20:55:54] dataloader_args:
[2022-06-12 20:55:54]   batch_size: 64
[2022-06-12 20:55:54]   num_workers: 1
[2022-06-12 20:55:54] early_stop: 7
[2022-06-12 20:55:54] epochs: 500
[2022-06-12 20:55:54] loss: BceLoss
[2022-06-12 20:55:54] model:
[2022-06-12 20:55:54]   args: {}
[2022-06-12 20:55:54]   dropout: 0.0
[2022-06-12 20:55:54]   type: CDur
[2022-06-12 20:55:54] num_workers: 2
[2022-06-12 20:55:54] optimizer:
[2022-06-12 20:55:54]   args:
[2022-06-12 20:55:54]     lr: 0.001
[2022-06-12 20:55:54]   type: AdamW
[2022-06-12 20:55:54] outputpath: experiments/
[2022-06-12 20:55:54] postprocessing: triple
[2022-06-12 20:55:54] scheduler_args:
[2022-06-12 20:55:54]   factor: 0.1
[2022-06-12 20:55:54]   patience: 3
[2022-06-12 20:55:54] sct: true
[2022-06-12 20:55:54] 
[2022-06-12 20:55:54] Running on device cuda
[2022-06-12 20:55:58] AdamW (
[2022-06-12 20:55:58] Parameter Group 0
[2022-06-12 20:55:58]     amsgrad: False
[2022-06-12 20:55:58]     betas: (0.9, 0.999)
[2022-06-12 20:55:58]     eps: 1e-08
[2022-06-12 20:55:58]     lr: 0.001
[2022-06-12 20:55:58]     maximize: False
[2022-06-12 20:55:58]     weight_decay: 0.01
[2022-06-12 20:55:58] )
[2022-06-12 20:55:58] CDur(
[2022-06-12 20:55:58]   (features): Sequential(
[2022-06-12 20:55:58]     (0): Block2D(
[2022-06-12 20:55:58]       (block): Sequential(
[2022-06-12 20:55:58]         (0): BatchNorm2d(1, eps=1e-05, momentum=0.1, affine=True, track_running_stats=True)
[2022-06-12 20:55:58]         (1): Conv2d(1, 32, kernel_size=(3, 3), stride=(1, 1), padding=(1, 1), bias=False)
[2022-06-12 20:55:58]         (2): LeakyReLU(negative_slope=0.1, inplace=True)
[2022-06-12 20:55:58]       )
[2022-06-12 20:55:58]     )
[2022-06-12 20:55:58]     (1): LPPool2d(norm_type=4, kernel_size=(2, 4), stride=None, ceil_mode=False)
[2022-06-12 20:55:58]     (2): Block2D(
[2022-06-12 20:55:58]       (block): Sequential(
[2022-06-12 20:55:58]         (0): BatchNorm2d(32, eps=1e-05, momentum=0.1, affine=True, track_running_stats=True)
[2022-06-12 20:55:58]         (1): Conv2d(32, 128, kernel_size=(3, 3), stride=(1, 1), padding=(1, 1), bias=False)
[2022-06-12 20:55:58]         (2): LeakyReLU(negative_slope=0.1, inplace=True)
[2022-06-12 20:55:58]       )
[2022-06-12 20:55:58]     )
[2022-06-12 20:55:58]     (3): Block2D(
[2022-06-12 20:55:58]       (block): Sequential(
[2022-06-12 20:55:58]         (0): BatchNorm2d(128, eps=1e-05, momentum=0.1, affine=True, track_running_stats=True)
[2022-06-12 20:55:58]         (1): Conv2d(128, 128, kernel_size=(3, 3), stride=(1, 1), padding=(1, 1), bias=False)
[2022-06-12 20:55:58]         (2): LeakyReLU(negative_slope=0.1, inplace=True)
[2022-06-12 20:55:58]       )
[2022-06-12 20:55:58]     )
[2022-06-12 20:55:58]     (4): LPPool2d(norm_type=4, kernel_size=(2, 4), stride=None, ceil_mode=False)
[2022-06-12 20:55:58]     (5): Block2D(
[2022-06-12 20:55:58]       (block): Sequential(
[2022-06-12 20:55:58]         (0): BatchNorm2d(128, eps=1e-05, momentum=0.1, affine=True, track_running_stats=True)
[2022-06-12 20:55:58]         (1): Conv2d(128, 128, kernel_size=(3, 3), stride=(1, 1), padding=(1, 1), bias=False)
[2022-06-12 20:55:58]         (2): LeakyReLU(negative_slope=0.1, inplace=True)
[2022-06-12 20:55:58]       )
[2022-06-12 20:55:58]     )
[2022-06-12 20:55:58]     (6): Block2D(
[2022-06-12 20:55:58]       (block): Sequential(
[2022-06-12 20:55:58]         (0): BatchNorm2d(128, eps=1e-05, momentum=0.1, affine=True, track_running_stats=True)
[2022-06-12 20:55:58]         (1): Conv2d(128, 128, kernel_size=(3, 3), stride=(1, 1), padding=(1, 1), bias=False)
[2022-06-12 20:55:58]         (2): LeakyReLU(negative_slope=0.1, inplace=True)
[2022-06-12 20:55:58]       )
[2022-06-12 20:55:58]     )
[2022-06-12 20:55:58]     (7): LPPool2d(norm_type=4, kernel_size=(1, 4), stride=None, ceil_mode=False)
[2022-06-12 20:55:58]     (8): Dropout(p=0.3, inplace=False)
[2022-06-12 20:55:58]   )
[2022-06-12 20:55:58]   (gru): GRU(128, 128, batch_first=True, bidirectional=True)
[2022-06-12 20:55:58]   (temp_pool): LinearSoftPool()
[2022-06-12 20:55:58]   (outputlayer): Linear(in_features=256, out_features=10, bias=True)
[2022-06-12 20:55:58] )
[2022-06-12 20:56:07] Epoch 1   training_loss: 0.36  val_loss: 0.28  precision: 0.26  recall: 0.13  f1: 0.17
[2022-06-12 20:56:14] Epoch 2   training_loss: 0.27  val_loss: 0.22  precision: 0.62  recall: 0.41  f1: 0.49
[2022-06-12 20:56:21] Epoch 3   training_loss: 0.22  val_loss: 0.20  precision: 0.70  recall: 0.46  f1: 0.54
[2022-06-12 20:56:27] Epoch 4   training_loss: 0.20  val_loss: 0.17  precision: 0.69  recall: 0.54  f1: 0.58
[2022-06-12 20:56:34] Epoch 5   training_loss: 0.18  val_loss: 0.18  precision: 0.74  recall: 0.52  f1: 0.60
[2022-06-12 20:56:41] Epoch 6   training_loss: 0.16  val_loss: 0.16  precision: 0.79  recall: 0.59  f1: 0.66
[2022-06-12 20:56:48] Epoch 7   training_loss: 0.15  val_loss: 0.16  precision: 0.86  recall: 0.62  f1: 0.71
[2022-06-12 20:56:55] Epoch 8   training_loss: 0.14  val_loss: 0.16  precision: 0.87  recall: 0.58  f1: 0.66
[2022-06-12 20:57:03] Epoch 9   training_loss: 0.13  val_loss: 0.15  precision: 0.78  recall: 0.71  f1: 0.72
[2022-06-12 20:57:11] Epoch 10   training_loss: 0.12  val_loss: 0.15  precision: 0.81  recall: 0.68  f1: 0.69
[2022-06-12 20:57:18] Epoch 11   training_loss: 0.11  val_loss: 0.14  precision: 0.84  recall: 0.75  f1: 0.77
[2022-06-12 20:57:25] Epoch 12   training_loss: 0.11  val_loss: 0.14  precision: 0.83  recall: 0.74  f1: 0.76
[2022-06-12 20:57:33] Epoch 13   training_loss: 0.11  val_loss: 0.15  precision: 0.78  recall: 0.66  f1: 0.70
[2022-06-12 20:57:41] Epoch 14   training_loss: 0.10  val_loss: 0.12  precision: 0.87  recall: 0.76  f1: 0.80
[2022-06-12 20:57:49] Epoch 15   training_loss: 0.09  val_loss: 0.16  precision: 0.83  recall: 0.73  f1: 0.76
[2022-06-12 20:57:56] Epoch 16   training_loss: 0.08  val_loss: 0.15  precision: 0.85  recall: 0.74  f1: 0.74
[2022-06-12 20:58:04] Epoch 17   training_loss: 0.08  val_loss: 0.12  precision: 0.85  recall: 0.74  f1: 0.75
[2022-06-12 20:58:11] Epoch 18   training_loss: 0.07  val_loss: 0.14  precision: 0.82  recall: 0.78  f1: 0.78
[2022-06-12 20:58:19] Epoch 19   training_loss: 0.06  val_loss: 0.11  precision: 0.86  recall: 0.83  f1: 0.84
[2022-06-12 20:58:26] Epoch 20   training_loss: 0.06  val_loss: 0.11  precision: 0.85  recall: 0.81  f1: 0.82
[2022-06-12 20:58:34] Epoch 21   training_loss: 0.05  val_loss: 0.11  precision: 0.86  recall: 0.81  f1: 0.82
[2022-06-12 20:58:41] Epoch 22   training_loss: 0.05  val_loss: 0.11  precision: 0.84  recall: 0.79  f1: 0.80
[2022-06-12 20:58:48] Epoch 23   training_loss: 0.05  val_loss: 0.11  precision: 0.86  recall: 0.81  f1: 0.82
[2022-06-12 20:58:55] Epoch 24   training_loss: 0.05  val_loss: 0.11  precision: 0.86  recall: 0.81  f1: 0.82
[2022-06-12 20:59:03] Epoch 25   training_loss: 0.05  val_loss: 0.11  precision: 0.85  recall: 0.80  f1: 0.82
[2022-06-12 20:59:10] Epoch 26   training_loss: 0.05  val_loss: 0.11  precision: 0.85  recall: 0.81  f1: 0.82
[2022-06-12 20:59:18] Epoch 27   training_loss: 0.05  val_loss: 0.11  precision: 0.85  recall: 0.81  f1: 0.82
