[2022-06-14 03:03:29] Storing files in experiments/CDur/2022-06-14_03-03-06_82ff274deb4b11ecaa447c8ae1d40299
[2022-06-14 03:03:29] data:
[2022-06-14 03:03:29]   class_indice_file: data/metadata/class_label_indices.txt
[2022-06-14 03:03:29]   feature: data/dev/feature.csv
[2022-06-14 03:03:29]   freaug: false
[2022-06-14 03:03:29]   freshift: true
[2022-06-14 03:03:29]   label: data/dev/label.csv
[2022-06-14 03:03:29]   mix: false
[2022-06-14 03:03:29]   specaug: false
[2022-06-14 03:03:29]   stratified: true
[2022-06-14 03:03:29]   timeshift: false
[2022-06-14 03:03:29] dataloader_args:
[2022-06-14 03:03:29]   batch_size: 64
[2022-06-14 03:03:29]   num_workers: 1
[2022-06-14 03:03:29] early_stop: 7
[2022-06-14 03:03:29] epochs: 500
[2022-06-14 03:03:29] loss: BceLoss
[2022-06-14 03:03:29] model:
[2022-06-14 03:03:29]   args: {}
[2022-06-14 03:03:29]   dropout: 0.0
[2022-06-14 03:03:29]   type: CDur
[2022-06-14 03:03:29] num_workers: 2
[2022-06-14 03:03:29] optimizer:
[2022-06-14 03:03:29]   args:
[2022-06-14 03:03:29]     lr: 0.001
[2022-06-14 03:03:29]   type: AdamW
[2022-06-14 03:03:29] outputpath: experiments/
[2022-06-14 03:03:29] postprocessing: triple
[2022-06-14 03:03:29] scheduler_args:
[2022-06-14 03:03:29]   factor: 0.1
[2022-06-14 03:03:29]   patience: 3
[2022-06-14 03:03:29] sct: true
[2022-06-14 03:03:29] 
[2022-06-14 03:03:29] Running on device cuda
[2022-06-14 03:03:32] AdamW (
[2022-06-14 03:03:32] Parameter Group 0
[2022-06-14 03:03:32]     amsgrad: False
[2022-06-14 03:03:32]     betas: (0.9, 0.999)
[2022-06-14 03:03:32]     eps: 1e-08
[2022-06-14 03:03:32]     lr: 0.001
[2022-06-14 03:03:32]     maximize: False
[2022-06-14 03:03:32]     weight_decay: 0.01
[2022-06-14 03:03:32] )
[2022-06-14 03:03:32] CDur(
[2022-06-14 03:03:32]   (features): Sequential(
[2022-06-14 03:03:32]     (0): Block2D(
[2022-06-14 03:03:32]       (block): Sequential(
[2022-06-14 03:03:32]         (0): BatchNorm2d(1, eps=1e-05, momentum=0.1, affine=True, track_running_stats=True)
[2022-06-14 03:03:32]         (1): Conv2d(1, 32, kernel_size=(3, 3), stride=(1, 1), padding=(1, 1), bias=False)
[2022-06-14 03:03:32]         (2): LeakyReLU(negative_slope=0.1, inplace=True)
[2022-06-14 03:03:32]       )
[2022-06-14 03:03:32]     )
[2022-06-14 03:03:32]     (1): LPPool2d(norm_type=4, kernel_size=(2, 4), stride=None, ceil_mode=False)
[2022-06-14 03:03:32]     (2): Block2D(
[2022-06-14 03:03:32]       (block): Sequential(
[2022-06-14 03:03:32]         (0): BatchNorm2d(32, eps=1e-05, momentum=0.1, affine=True, track_running_stats=True)
[2022-06-14 03:03:32]         (1): Conv2d(32, 128, kernel_size=(3, 3), stride=(1, 1), padding=(1, 1), bias=False)
[2022-06-14 03:03:32]         (2): LeakyReLU(negative_slope=0.1, inplace=True)
[2022-06-14 03:03:32]       )
[2022-06-14 03:03:32]     )
[2022-06-14 03:03:32]     (3): Block2D(
[2022-06-14 03:03:32]       (block): Sequential(
[2022-06-14 03:03:32]         (0): BatchNorm2d(128, eps=1e-05, momentum=0.1, affine=True, track_running_stats=True)
[2022-06-14 03:03:32]         (1): Conv2d(128, 128, kernel_size=(3, 3), stride=(1, 1), padding=(1, 1), bias=False)
[2022-06-14 03:03:32]         (2): LeakyReLU(negative_slope=0.1, inplace=True)
[2022-06-14 03:03:32]       )
[2022-06-14 03:03:32]     )
[2022-06-14 03:03:32]     (4): LPPool2d(norm_type=4, kernel_size=(2, 4), stride=None, ceil_mode=False)
[2022-06-14 03:03:32]     (5): Block2D(
[2022-06-14 03:03:32]       (block): Sequential(
[2022-06-14 03:03:32]         (0): BatchNorm2d(128, eps=1e-05, momentum=0.1, affine=True, track_running_stats=True)
[2022-06-14 03:03:32]         (1): Conv2d(128, 128, kernel_size=(3, 3), stride=(1, 1), padding=(1, 1), bias=False)
[2022-06-14 03:03:32]         (2): LeakyReLU(negative_slope=0.1, inplace=True)
[2022-06-14 03:03:32]       )
[2022-06-14 03:03:32]     )
[2022-06-14 03:03:32]     (6): Block2D(
[2022-06-14 03:03:32]       (block): Sequential(
[2022-06-14 03:03:32]         (0): BatchNorm2d(128, eps=1e-05, momentum=0.1, affine=True, track_running_stats=True)
[2022-06-14 03:03:32]         (1): Conv2d(128, 128, kernel_size=(3, 3), stride=(1, 1), padding=(1, 1), bias=False)
[2022-06-14 03:03:32]         (2): LeakyReLU(negative_slope=0.1, inplace=True)
[2022-06-14 03:03:32]       )
[2022-06-14 03:03:32]     )
[2022-06-14 03:03:32]     (7): LPPool2d(norm_type=4, kernel_size=(1, 4), stride=None, ceil_mode=False)
[2022-06-14 03:03:32]     (8): Dropout(p=0.3, inplace=False)
[2022-06-14 03:03:32]   )
[2022-06-14 03:03:32]   (gru): GRU(128, 128, batch_first=True, bidirectional=True)
[2022-06-14 03:03:32]   (temp_pool): LinearSoftPool()
[2022-06-14 03:03:32]   (outputlayer): Linear(in_features=256, out_features=10, bias=True)
[2022-06-14 03:03:32] )
[2022-06-14 03:03:41] Epoch 1   training_loss: 0.37  val_loss: 0.29  precision: 0.39  recall: 0.14  f1: 0.18
[2022-06-14 03:03:45] Epoch 2   training_loss: 0.28  val_loss: 0.23  precision: 0.53  recall: 0.30  f1: 0.37
[2022-06-14 03:03:50] Epoch 3   training_loss: 0.24  val_loss: 0.19  precision: 0.71  recall: 0.47  f1: 0.53
[2022-06-14 03:03:55] Epoch 4   training_loss: 0.20  val_loss: 0.17  precision: 0.74  recall: 0.49  f1: 0.56
[2022-06-14 03:03:59] Epoch 5   training_loss: 0.18  val_loss: 0.18  precision: 0.80  recall: 0.52  f1: 0.59
[2022-06-14 03:04:03] Epoch 6   training_loss: 0.17  val_loss: 0.16  precision: 0.82  recall: 0.54  f1: 0.61
[2022-06-14 03:04:08] Epoch 7   training_loss: 0.16  val_loss: 0.14  precision: 0.89  recall: 0.62  f1: 0.69
[2022-06-14 03:04:12] Epoch 8   training_loss: 0.14  val_loss: 0.18  precision: 0.77  recall: 0.68  f1: 0.68
[2022-06-14 03:04:16] Epoch 9   training_loss: 0.14  val_loss: 0.14  precision: 0.74  recall: 0.74  f1: 0.73
[2022-06-14 03:04:20] Epoch 10   training_loss: 0.13  val_loss: 0.15  precision: 0.71  recall: 0.66  f1: 0.66
[2022-06-14 03:04:24] Epoch 11   training_loss: 0.12  val_loss: 0.13  precision: 0.81  recall: 0.75  f1: 0.75
[2022-06-14 03:04:28] Epoch 12   training_loss: 0.11  val_loss: 0.13  precision: 0.86  recall: 0.78  f1: 0.81
[2022-06-14 03:04:32] Epoch 13   training_loss: 0.10  val_loss: 0.16  precision: 0.85  recall: 0.64  f1: 0.69
[2022-06-14 03:04:35] Epoch 14   training_loss: 0.10  val_loss: 0.13  precision: 0.87  recall: 0.82  f1: 0.84
[2022-06-14 03:04:40] Epoch 15   training_loss: 0.09  val_loss: 0.13  precision: 0.89  recall: 0.75  f1: 0.79
[2022-06-14 03:04:43] Epoch 16   training_loss: 0.09  val_loss: 0.13  precision: 0.85  recall: 0.77  f1: 0.79
[2022-06-14 03:04:48] Epoch 17   training_loss: 0.08  val_loss: 0.13  precision: 0.85  recall: 0.79  f1: 0.81
[2022-06-14 03:04:52] Epoch 18   training_loss: 0.08  val_loss: 0.17  precision: 0.81  recall: 0.79  f1: 0.77
[2022-06-14 03:04:56] Epoch 19   training_loss: 0.08  val_loss: 0.13  precision: 0.88  recall: 0.78  f1: 0.81
[2022-06-14 03:05:00] Epoch 20   training_loss: 0.08  val_loss: 0.12  precision: 0.86  recall: 0.77  f1: 0.80
[2022-06-14 03:05:04] Epoch 21   training_loss: 0.07  val_loss: 0.18  precision: 0.77  recall: 0.76  f1: 0.73
[2022-06-14 03:05:09] Epoch 22   training_loss: 0.07  val_loss: 0.12  precision: 0.89  recall: 0.72  f1: 0.78
[2022-06-14 03:05:14] Epoch 23   training_loss: 0.06  val_loss: 0.13  precision: 0.86  recall: 0.79  f1: 0.80
[2022-06-14 03:05:17] Epoch 24   training_loss: 0.06  val_loss: 0.13  precision: 0.89  recall: 0.74  f1: 0.79
[2022-06-14 03:05:21] Epoch 25   training_loss: 0.05  val_loss: 0.12  precision: 0.84  recall: 0.79  f1: 0.81
[2022-06-14 03:05:25] Epoch 26   training_loss: 0.05  val_loss: 0.11  precision: 0.84  recall: 0.82  f1: 0.83
[2022-06-14 03:05:28] Epoch 27   training_loss: 0.04  val_loss: 0.11  precision: 0.85  recall: 0.82  f1: 0.83
[2022-06-14 03:05:32] Epoch 28   training_loss: 0.04  val_loss: 0.11  precision: 0.86  recall: 0.81  f1: 0.83
[2022-06-14 03:05:36] Epoch 29   training_loss: 0.04  val_loss: 0.11  precision: 0.86  recall: 0.82  f1: 0.83
[2022-06-14 03:05:39] Epoch 30   training_loss: 0.04  val_loss: 0.12  precision: 0.84  recall: 0.81  f1: 0.81
[2022-06-14 03:05:43] Epoch 31   training_loss: 0.04  val_loss: 0.11  precision: 0.86  recall: 0.83  f1: 0.83
[2022-06-14 03:05:47] Epoch 32   training_loss: 0.04  val_loss: 0.12  precision: 0.85  recall: 0.81  f1: 0.82
[2022-06-14 03:05:50] Epoch 33   training_loss: 0.04  val_loss: 0.12  precision: 0.84  recall: 0.81  f1: 0.82
[2022-06-14 03:05:54] Epoch 34   training_loss: 0.04  val_loss: 0.12  precision: 0.85  recall: 0.82  f1: 0.82
[2022-06-14 03:05:58] Epoch 35   training_loss: 0.04  val_loss: 0.11  precision: 0.85  recall: 0.83  f1: 0.84
[2022-06-14 03:06:03] Epoch 36   training_loss: 0.04  val_loss: 0.12  precision: 0.84  recall: 0.82  f1: 0.82
[2022-06-14 03:06:07] Epoch 37   training_loss: 0.04  val_loss: 0.12  precision: 0.84  recall: 0.82  f1: 0.82
[2022-06-14 03:06:11] Epoch 38   training_loss: 0.04  val_loss: 0.12  precision: 0.84  recall: 0.81  f1: 0.81
[2022-06-14 03:06:15] Epoch 39   training_loss: 0.04  val_loss: 0.12  precision: 0.84  recall: 0.82  f1: 0.82
[2022-06-14 03:06:20] Epoch 40   training_loss: 0.04  val_loss: 0.11  precision: 0.85  recall: 0.81  f1: 0.82
[2022-06-14 03:06:24] Epoch 41   training_loss: 0.04  val_loss: 0.12  precision: 0.84  recall: 0.82  f1: 0.82
[2022-06-14 03:06:28] Epoch 42   training_loss: 0.04  val_loss: 0.12  precision: 0.85  recall: 0.81  f1: 0.82
