[2022-05-25 14:47:05] Storing files in experiments/Crnn/2022-05-25_14-47-05_7d7c5401dbf611eca8ec7c8ae1d40b8d
[2022-05-25 14:47:05] data:
[2022-05-25 14:47:05]   class_indice_file: data/metadata/class_label_indices.txt
[2022-05-25 14:47:05]   feature: data/dev/feature.csv
[2022-05-25 14:47:05]   freshift: false
[2022-05-25 14:47:05]   label: data/dev/label.csv
[2022-05-25 14:47:05]   mix: false
[2022-05-25 14:47:05]   specaug: false
[2022-05-25 14:47:05]   stratified: true
[2022-05-25 14:47:05]   timeshift: false
[2022-05-25 14:47:05] dataloader_args:
[2022-05-25 14:47:05]   batch_size: 4
[2022-05-25 14:47:05]   num_workers: 1
[2022-05-25 14:47:05] early_stop: 7
[2022-05-25 14:47:05] epochs: 500
[2022-05-25 14:47:05] loss: BceLoss
[2022-05-25 14:47:05] model:
[2022-05-25 14:47:05]   args: {}
[2022-05-25 14:47:05]   dropout: 0.0
[2022-05-25 14:47:05]   type: Crnn
[2022-05-25 14:47:05] num_workers: 2
[2022-05-25 14:47:05] optimizer:
[2022-05-25 14:47:05]   args:
[2022-05-25 14:47:05]     lr: 0.001
[2022-05-25 14:47:05]   type: AdamW
[2022-05-25 14:47:05] outputpath: experiments/
[2022-05-25 14:47:05] scheduler_args:
[2022-05-25 14:47:05]   factor: 0.1
[2022-05-25 14:47:05]   patience: 3
[2022-05-25 14:47:05] sct: true
[2022-05-25 14:47:05] 
[2022-05-25 14:47:05] Running on device cuda
[2022-05-25 14:47:30] AdamW (
[2022-05-25 14:47:30] Parameter Group 0
[2022-05-25 14:47:30]     amsgrad: False
[2022-05-25 14:47:30]     betas: (0.9, 0.999)
[2022-05-25 14:47:30]     eps: 1e-08
[2022-05-25 14:47:30]     lr: 0.001
[2022-05-25 14:47:30]     maximize: False
[2022-05-25 14:47:30]     weight_decay: 0.01
[2022-05-25 14:47:30] )
[2022-05-25 14:47:30] Crnn(
[2022-05-25 14:47:30]   (conv1): ConvBlock(
[2022-05-25 14:47:30]     (conv): Conv2d(1, 16, kernel_size=(3, 3), stride=(1, 1), padding=(1, 1))
[2022-05-25 14:47:30]     (bn): BatchNorm2d(16, eps=1e-05, momentum=0.1, affine=True, track_running_stats=True)
[2022-05-25 14:47:30]     (relu): ReLU(inplace=True)
[2022-05-25 14:47:30]     (maxpool): MaxPool2d(kernel_size=(2, 2), stride=(2, 2), padding=0, dilation=1, ceil_mode=False)
[2022-05-25 14:47:30]     (dropout): Dropout2d(p=0.0, inplace=False)
[2022-05-25 14:47:30]   )
[2022-05-25 14:47:30]   (conv2): ConvBlock(
[2022-05-25 14:47:30]     (conv): Conv2d(16, 32, kernel_size=(3, 3), stride=(1, 1), padding=(1, 1))
[2022-05-25 14:47:30]     (bn): BatchNorm2d(32, eps=1e-05, momentum=0.1, affine=True, track_running_stats=True)
[2022-05-25 14:47:30]     (relu): ReLU(inplace=True)
[2022-05-25 14:47:30]     (maxpool): MaxPool2d(kernel_size=(2, 2), stride=(2, 2), padding=0, dilation=1, ceil_mode=False)
[2022-05-25 14:47:30]     (dropout): Dropout2d(p=0.0, inplace=False)
[2022-05-25 14:47:30]   )
[2022-05-25 14:47:30]   (conv3): ConvBlock(
[2022-05-25 14:47:30]     (conv): Conv2d(32, 64, kernel_size=(3, 3), stride=(1, 1), padding=(1, 1))
[2022-05-25 14:47:30]     (bn): BatchNorm2d(64, eps=1e-05, momentum=0.1, affine=True, track_running_stats=True)
[2022-05-25 14:47:30]     (relu): ReLU(inplace=True)
[2022-05-25 14:47:30]     (maxpool): MaxPool2d(kernel_size=(2, 2), stride=(2, 2), padding=0, dilation=1, ceil_mode=False)
[2022-05-25 14:47:30]     (dropout): Dropout2d(p=0.0, inplace=False)
[2022-05-25 14:47:30]   )
[2022-05-25 14:47:30]   (gru): GRU(64, 64, batch_first=True, bidirectional=True)
[2022-05-25 14:47:30]   (fc): Linear(in_features=128, out_features=10, bias=True)
[2022-05-25 14:47:30]   (sigmoid): Sigmoid()
[2022-05-25 14:47:30] )
[2022-05-25 14:47:45] Epoch 1   training_loss: 0.37  val_loss: 0.34  precision: 0.23  recall: 0.03  f1: 0.05
[2022-05-25 14:47:52] Epoch 2   training_loss: 0.34  val_loss: 0.31  precision: 0.29  recall: 0.15  f1: 0.16
[2022-05-25 14:47:59] Epoch 3   training_loss: 0.32  val_loss: 0.30  precision: 0.40  recall: 0.16  f1: 0.21
[2022-05-25 14:48:06] Epoch 4   training_loss: 0.30  val_loss: 0.27  precision: 0.49  recall: 0.26  f1: 0.32
[2022-05-25 14:48:12] Epoch 5   training_loss: 0.29  val_loss: 0.27  precision: 0.56  recall: 0.27  f1: 0.32
[2022-05-25 14:48:19] Epoch 6   training_loss: 0.27  val_loss: 0.23  precision: 0.67  recall: 0.39  f1: 0.44
[2022-05-25 14:48:25] Epoch 7   training_loss: 0.26  val_loss: 0.22  precision: 0.72  recall: 0.35  f1: 0.44
[2022-05-25 14:48:32] Epoch 8   training_loss: 0.25  val_loss: 0.21  precision: 0.76  recall: 0.41  f1: 0.48
[2022-05-25 14:48:39] Epoch 9   training_loss: 0.24  val_loss: 0.24  precision: 0.64  recall: 0.43  f1: 0.47
[2022-05-25 14:48:45] Epoch 10   training_loss: 0.23  val_loss: 0.21  precision: 0.81  recall: 0.48  f1: 0.54
[2022-05-25 14:48:52] Epoch 11   training_loss: 0.22  val_loss: 0.22  precision: 0.69  recall: 0.49  f1: 0.52
[2022-05-25 14:48:59] Epoch 12   training_loss: 0.22  val_loss: 0.18  precision: 0.75  recall: 0.48  f1: 0.57
[2022-05-25 14:49:05] Epoch 13   training_loss: 0.21  val_loss: 0.20  precision: 0.68  recall: 0.49  f1: 0.54
[2022-05-25 14:49:12] Epoch 14   training_loss: 0.21  val_loss: 0.20  precision: 0.73  recall: 0.48  f1: 0.56
[2022-05-25 14:49:19] Epoch 15   training_loss: 0.20  val_loss: 0.20  precision: 0.72  recall: 0.46  f1: 0.55
[2022-05-25 14:49:25] Epoch 16   training_loss: 0.20  val_loss: 0.18  precision: 0.76  recall: 0.49  f1: 0.58
[2022-05-25 14:49:32] Epoch 17   training_loss: 0.19  val_loss: 0.17  precision: 0.76  recall: 0.57  f1: 0.63
[2022-05-25 14:49:38] Epoch 18   training_loss: 0.19  val_loss: 0.17  precision: 0.85  recall: 0.58  f1: 0.64
[2022-05-25 14:49:45] Epoch 19   training_loss: 0.19  val_loss: 0.20  precision: 0.87  recall: 0.49  f1: 0.59
[2022-05-25 14:49:51] Epoch 20   training_loss: 0.18  val_loss: 0.19  precision: 0.82  recall: 0.53  f1: 0.59
[2022-05-25 14:49:58] Epoch 21   training_loss: 0.18  val_loss: 0.17  precision: 0.75  recall: 0.60  f1: 0.66
[2022-05-25 14:50:05] Epoch 22   training_loss: 0.18  val_loss: 0.17  precision: 0.81  recall: 0.62  f1: 0.67
[2022-05-25 14:50:11] Epoch 23   training_loss: 0.16  val_loss: 0.15  precision: 0.86  recall: 0.66  f1: 0.73
[2022-05-25 14:50:18] Epoch 24   training_loss: 0.15  val_loss: 0.16  precision: 0.84  recall: 0.60  f1: 0.67
[2022-05-25 14:50:24] Epoch 25   training_loss: 0.15  val_loss: 0.17  precision: 0.84  recall: 0.59  f1: 0.66
[2022-05-25 14:50:31] Epoch 26   training_loss: 0.15  val_loss: 0.15  precision: 0.87  recall: 0.65  f1: 0.72
[2022-05-25 14:50:38] Epoch 27   training_loss: 0.15  val_loss: 0.15  precision: 0.86  recall: 0.67  f1: 0.73
[2022-05-25 14:50:44] Epoch 28   training_loss: 0.15  val_loss: 0.15  precision: 0.84  recall: 0.68  f1: 0.73
[2022-05-25 14:50:51] Epoch 29   training_loss: 0.14  val_loss: 0.15  precision: 0.87  recall: 0.65  f1: 0.72
[2022-05-25 14:50:57] Epoch 30   training_loss: 0.14  val_loss: 0.15  precision: 0.84  recall: 0.68  f1: 0.72
[2022-05-25 14:51:04] Epoch 31   training_loss: 0.14  val_loss: 0.16  precision: 0.86  recall: 0.62  f1: 0.69
[2022-05-25 14:51:11] Epoch 32   training_loss: 0.15  val_loss: 0.14  precision: 0.86  recall: 0.67  f1: 0.73
[2022-05-25 14:51:17] Epoch 33   training_loss: 0.15  val_loss: 0.15  precision: 0.84  recall: 0.66  f1: 0.71
[2022-05-25 14:51:24] Epoch 34   training_loss: 0.14  val_loss: 0.16  precision: 0.82  recall: 0.65  f1: 0.69
[2022-05-25 14:51:30] Epoch 35   training_loss: 0.14  val_loss: 0.15  precision: 0.87  recall: 0.67  f1: 0.73
[2022-05-25 14:51:37] Epoch 36   training_loss: 0.14  val_loss: 0.15  precision: 0.82  recall: 0.62  f1: 0.68
[2022-05-25 14:51:44] Epoch 37   training_loss: 0.15  val_loss: 0.16  precision: 0.83  recall: 0.63  f1: 0.69
[2022-05-25 14:51:50] Epoch 38   training_loss: 0.15  val_loss: 0.15  precision: 0.86  recall: 0.66  f1: 0.72
[2022-05-25 14:51:57] Epoch 39   training_loss: 0.14  val_loss: 0.15  precision: 0.85  recall: 0.65  f1: 0.71
