[2022-06-13 00:21:14] Storing files in experiments/CDur/2022-06-13_00-21-06_adecc377ea6b11ecaa447c8ae1d40071
[2022-06-13 00:21:14] data:
[2022-06-13 00:21:14]   class_indice_file: data/metadata/class_label_indices.txt
[2022-06-13 00:21:14]   feature: data/dev/feature.csv
[2022-06-13 00:21:14]   freaug: false
[2022-06-13 00:21:14]   freshift: true
[2022-06-13 00:21:14]   label: data/dev/label.csv
[2022-06-13 00:21:14]   mix: false
[2022-06-13 00:21:14]   specaug: false
[2022-06-13 00:21:14]   stratified: true
[2022-06-13 00:21:14]   timeshift: false
[2022-06-13 00:21:14] dataloader_args:
[2022-06-13 00:21:14]   batch_size: 64
[2022-06-13 00:21:14]   num_workers: 1
[2022-06-13 00:21:14] early_stop: 7
[2022-06-13 00:21:14] epochs: 500
[2022-06-13 00:21:14] loss: BceLoss
[2022-06-13 00:21:14] model:
[2022-06-13 00:21:14]   args: {}
[2022-06-13 00:21:14]   dropout: 0.0
[2022-06-13 00:21:14]   type: CDur
[2022-06-13 00:21:14] num_workers: 2
[2022-06-13 00:21:14] optimizer:
[2022-06-13 00:21:14]   args:
[2022-06-13 00:21:14]     lr: 0.001
[2022-06-13 00:21:14]   type: AdamW
[2022-06-13 00:21:14] outputpath: experiments/
[2022-06-13 00:21:14] postprocessing: triple
[2022-06-13 00:21:14] scheduler_args:
[2022-06-13 00:21:14]   factor: 0.1
[2022-06-13 00:21:14]   patience: 3
[2022-06-13 00:21:14] sct: true
[2022-06-13 00:21:14] 
[2022-06-13 00:21:14] Running on device cpu
[2022-06-13 00:21:14] AdamW (
[2022-06-13 00:21:14] Parameter Group 0
[2022-06-13 00:21:14]     amsgrad: False
[2022-06-13 00:21:14]     betas: (0.9, 0.999)
[2022-06-13 00:21:14]     eps: 1e-08
[2022-06-13 00:21:14]     lr: 0.001
[2022-06-13 00:21:14]     maximize: False
[2022-06-13 00:21:14]     weight_decay: 0.01
[2022-06-13 00:21:14] )
[2022-06-13 00:21:14] CDur(
[2022-06-13 00:21:14]   (features): Sequential(
[2022-06-13 00:21:14]     (0): Block2D(
[2022-06-13 00:21:14]       (block): Sequential(
[2022-06-13 00:21:14]         (0): BatchNorm2d(1, eps=1e-05, momentum=0.1, affine=True, track_running_stats=True)
[2022-06-13 00:21:14]         (1): Conv2d(1, 32, kernel_size=(3, 3), stride=(1, 1), padding=(1, 1), bias=False)
[2022-06-13 00:21:14]         (2): LeakyReLU(negative_slope=0.1, inplace=True)
[2022-06-13 00:21:14]       )
[2022-06-13 00:21:14]     )
[2022-06-13 00:21:14]     (1): LPPool2d(norm_type=4, kernel_size=(2, 4), stride=None, ceil_mode=False)
[2022-06-13 00:21:14]     (2): Block2D(
[2022-06-13 00:21:14]       (block): Sequential(
[2022-06-13 00:21:14]         (0): BatchNorm2d(32, eps=1e-05, momentum=0.1, affine=True, track_running_stats=True)
[2022-06-13 00:21:14]         (1): Conv2d(32, 128, kernel_size=(3, 3), stride=(1, 1), padding=(1, 1), bias=False)
[2022-06-13 00:21:14]         (2): LeakyReLU(negative_slope=0.1, inplace=True)
[2022-06-13 00:21:14]       )
[2022-06-13 00:21:14]     )
[2022-06-13 00:21:14]     (3): Block2D(
[2022-06-13 00:21:14]       (block): Sequential(
[2022-06-13 00:21:14]         (0): BatchNorm2d(128, eps=1e-05, momentum=0.1, affine=True, track_running_stats=True)
[2022-06-13 00:21:14]         (1): Conv2d(128, 128, kernel_size=(3, 3), stride=(1, 1), padding=(1, 1), bias=False)
[2022-06-13 00:21:14]         (2): LeakyReLU(negative_slope=0.1, inplace=True)
[2022-06-13 00:21:14]       )
[2022-06-13 00:21:14]     )
[2022-06-13 00:21:14]     (4): LPPool2d(norm_type=4, kernel_size=(2, 4), stride=None, ceil_mode=False)
[2022-06-13 00:21:14]     (5): Block2D(
[2022-06-13 00:21:14]       (block): Sequential(
[2022-06-13 00:21:14]         (0): BatchNorm2d(128, eps=1e-05, momentum=0.1, affine=True, track_running_stats=True)
[2022-06-13 00:21:14]         (1): Conv2d(128, 128, kernel_size=(3, 3), stride=(1, 1), padding=(1, 1), bias=False)
[2022-06-13 00:21:14]         (2): LeakyReLU(negative_slope=0.1, inplace=True)
[2022-06-13 00:21:14]       )
[2022-06-13 00:21:14]     )
[2022-06-13 00:21:14]     (6): Block2D(
[2022-06-13 00:21:14]       (block): Sequential(
[2022-06-13 00:21:14]         (0): BatchNorm2d(128, eps=1e-05, momentum=0.1, affine=True, track_running_stats=True)
[2022-06-13 00:21:14]         (1): Conv2d(128, 128, kernel_size=(3, 3), stride=(1, 1), padding=(1, 1), bias=False)
[2022-06-13 00:21:14]         (2): LeakyReLU(negative_slope=0.1, inplace=True)
[2022-06-13 00:21:14]       )
[2022-06-13 00:21:14]     )
[2022-06-13 00:21:14]     (7): LPPool2d(norm_type=4, kernel_size=(1, 4), stride=None, ceil_mode=False)
[2022-06-13 00:21:14]     (8): Dropout(p=0.3, inplace=False)
[2022-06-13 00:21:14]   )
[2022-06-13 00:21:14]   (gru): GRU(128, 128, batch_first=True, bidirectional=True)
[2022-06-13 00:21:14]   (temp_pool): LinearSoftPool()
[2022-06-13 00:21:14]   (outputlayer): Linear(in_features=256, out_features=10, bias=True)
[2022-06-13 00:21:14] )
[2022-06-13 00:31:43] Epoch 1   training_loss: 0.37  val_loss: 0.29  precision: 0.35  recall: 0.15  f1: 0.20
[2022-06-13 00:42:09] Epoch 2   training_loss: 0.28  val_loss: 0.25  precision: 0.56  recall: 0.33  f1: 0.39
[2022-06-13 00:52:36] Epoch 3   training_loss: 0.23  val_loss: 0.20  precision: 0.64  recall: 0.40  f1: 0.47
[2022-06-13 01:03:03] Epoch 4   training_loss: 0.20  val_loss: 0.20  precision: 0.85  recall: 0.52  f1: 0.60
[2022-06-13 01:13:29] Epoch 5   training_loss: 0.18  val_loss: 0.17  precision: 0.89  recall: 0.56  f1: 0.64
[2022-06-13 01:23:55] Epoch 6   training_loss: 0.17  val_loss: 0.18  precision: 0.80  recall: 0.58  f1: 0.64
[2022-06-13 01:34:21] Epoch 7   training_loss: 0.16  val_loss: 0.15  precision: 0.87  recall: 0.57  f1: 0.67
[2022-06-13 01:44:46] Epoch 8   training_loss: 0.14  val_loss: 0.16  precision: 0.85  recall: 0.65  f1: 0.71
[2022-06-13 01:55:10] Epoch 9   training_loss: 0.14  val_loss: 0.17  precision: 0.86  recall: 0.68  f1: 0.72
[2022-06-13 02:05:36] Epoch 10   training_loss: 0.13  val_loss: 0.15  precision: 0.89  recall: 0.69  f1: 0.76
[2022-06-13 02:16:03] Epoch 11   training_loss: 0.12  val_loss: 0.14  precision: 0.86  recall: 0.65  f1: 0.72
[2022-06-13 02:26:29] Epoch 12   training_loss: 0.11  val_loss: 0.12  precision: 0.85  recall: 0.76  f1: 0.79
[2022-06-13 02:36:55] Epoch 13   training_loss: 0.11  val_loss: 0.13  precision: 0.87  recall: 0.74  f1: 0.79
[2022-06-13 02:47:21] Epoch 14   training_loss: 0.09  val_loss: 0.13  precision: 0.86  recall: 0.77  f1: 0.80
[2022-06-13 02:57:48] Epoch 15   training_loss: 0.09  val_loss: 0.12  precision: 0.82  recall: 0.80  f1: 0.80
[2022-06-13 03:08:13] Epoch 16   training_loss: 0.08  val_loss: 0.14  precision: 0.85  recall: 0.77  f1: 0.79
[2022-06-13 03:18:40] Epoch 17   training_loss: 0.09  val_loss: 0.12  precision: 0.85  recall: 0.77  f1: 0.80
[2022-06-13 03:29:06] Epoch 18   training_loss: 0.08  val_loss: 0.12  precision: 0.87  recall: 0.79  f1: 0.82
[2022-06-13 03:39:32] Epoch 19   training_loss: 0.07  val_loss: 0.15  precision: 0.85  recall: 0.80  f1: 0.80
[2022-06-13 03:49:56] Epoch 20   training_loss: 0.06  val_loss: 0.11  precision: 0.87  recall: 0.82  f1: 0.84
[2022-06-13 04:00:23] Epoch 21   training_loss: 0.06  val_loss: 0.11  precision: 0.86  recall: 0.82  f1: 0.84
[2022-06-13 04:10:48] Epoch 22   training_loss: 0.06  val_loss: 0.11  precision: 0.88  recall: 0.81  f1: 0.84
[2022-06-13 04:21:14] Epoch 23   training_loss: 0.05  val_loss: 0.11  precision: 0.86  recall: 0.79  f1: 0.82
[2022-06-13 04:31:41] Epoch 24   training_loss: 0.05  val_loss: 0.11  precision: 0.87  recall: 0.80  f1: 0.83
[2022-06-13 04:42:07] Epoch 25   training_loss: 0.05  val_loss: 0.11  precision: 0.87  recall: 0.80  f1: 0.82
[2022-06-13 04:52:31] Epoch 26   training_loss: 0.05  val_loss: 0.12  precision: 0.87  recall: 0.80  f1: 0.83
[2022-06-13 05:02:56] Epoch 27   training_loss: 0.05  val_loss: 0.12  precision: 0.88  recall: 0.81  f1: 0.83
