[2022-06-12 20:49:12] Storing files in experiments/CDur/2022-06-12_20-49-06_0f0bab50ea4e11eca5497c8ae1d40299
[2022-06-12 20:49:12] data:
[2022-06-12 20:49:12]   class_indice_file: data/metadata/class_label_indices.txt
[2022-06-12 20:49:12]   feature: data/dev/feature.csv
[2022-06-12 20:49:12]   freaug: false
[2022-06-12 20:49:12]   freshift: true
[2022-06-12 20:49:12]   label: data/dev/label.csv
[2022-06-12 20:49:12]   mix: false
[2022-06-12 20:49:12]   specaug: false
[2022-06-12 20:49:12]   stratified: true
[2022-06-12 20:49:12]   timeshift: false
[2022-06-12 20:49:12] dataloader_args:
[2022-06-12 20:49:12]   batch_size: 64
[2022-06-12 20:49:12]   num_workers: 1
[2022-06-12 20:49:12] early_stop: 7
[2022-06-12 20:49:12] epochs: 500
[2022-06-12 20:49:12] loss: BceLoss
[2022-06-12 20:49:12] model:
[2022-06-12 20:49:12]   args: {}
[2022-06-12 20:49:12]   dropout: 0.0
[2022-06-12 20:49:12]   type: CDur
[2022-06-12 20:49:12] num_workers: 2
[2022-06-12 20:49:12] optimizer:
[2022-06-12 20:49:12]   args:
[2022-06-12 20:49:12]     lr: 0.001
[2022-06-12 20:49:12]   type: AdamW
[2022-06-12 20:49:12] outputpath: experiments/
[2022-06-12 20:49:12] postprocessing: triple
[2022-06-12 20:49:12] scheduler_args:
[2022-06-12 20:49:12]   factor: 0.1
[2022-06-12 20:49:12]   patience: 3
[2022-06-12 20:49:12] sct: true
[2022-06-12 20:49:12] 
[2022-06-12 20:49:12] Running on device cuda
[2022-06-12 20:49:17] AdamW (
[2022-06-12 20:49:17] Parameter Group 0
[2022-06-12 20:49:17]     amsgrad: False
[2022-06-12 20:49:17]     betas: (0.9, 0.999)
[2022-06-12 20:49:17]     eps: 1e-08
[2022-06-12 20:49:17]     lr: 0.001
[2022-06-12 20:49:17]     maximize: False
[2022-06-12 20:49:17]     weight_decay: 0.01
[2022-06-12 20:49:17] )
[2022-06-12 20:49:17] CDur(
[2022-06-12 20:49:17]   (features): Sequential(
[2022-06-12 20:49:17]     (0): Block2D(
[2022-06-12 20:49:17]       (block): Sequential(
[2022-06-12 20:49:17]         (0): BatchNorm2d(1, eps=1e-05, momentum=0.1, affine=True, track_running_stats=True)
[2022-06-12 20:49:17]         (1): Conv2d(1, 32, kernel_size=(3, 3), stride=(1, 1), padding=(1, 1), bias=False)
[2022-06-12 20:49:17]         (2): LeakyReLU(negative_slope=0.1, inplace=True)
[2022-06-12 20:49:17]       )
[2022-06-12 20:49:17]     )
[2022-06-12 20:49:17]     (1): LPPool2d(norm_type=4, kernel_size=(2, 4), stride=None, ceil_mode=False)
[2022-06-12 20:49:17]     (2): Block2D(
[2022-06-12 20:49:17]       (block): Sequential(
[2022-06-12 20:49:17]         (0): BatchNorm2d(32, eps=1e-05, momentum=0.1, affine=True, track_running_stats=True)
[2022-06-12 20:49:17]         (1): Conv2d(32, 128, kernel_size=(3, 3), stride=(1, 1), padding=(1, 1), bias=False)
[2022-06-12 20:49:17]         (2): LeakyReLU(negative_slope=0.1, inplace=True)
[2022-06-12 20:49:17]       )
[2022-06-12 20:49:17]     )
[2022-06-12 20:49:17]     (3): Block2D(
[2022-06-12 20:49:17]       (block): Sequential(
[2022-06-12 20:49:17]         (0): BatchNorm2d(128, eps=1e-05, momentum=0.1, affine=True, track_running_stats=True)
[2022-06-12 20:49:17]         (1): Conv2d(128, 128, kernel_size=(3, 3), stride=(1, 1), padding=(1, 1), bias=False)
[2022-06-12 20:49:17]         (2): LeakyReLU(negative_slope=0.1, inplace=True)
[2022-06-12 20:49:17]       )
[2022-06-12 20:49:17]     )
[2022-06-12 20:49:17]     (4): LPPool2d(norm_type=4, kernel_size=(2, 4), stride=None, ceil_mode=False)
[2022-06-12 20:49:17]     (5): Block2D(
[2022-06-12 20:49:17]       (block): Sequential(
[2022-06-12 20:49:17]         (0): BatchNorm2d(128, eps=1e-05, momentum=0.1, affine=True, track_running_stats=True)
[2022-06-12 20:49:17]         (1): Conv2d(128, 128, kernel_size=(3, 3), stride=(1, 1), padding=(1, 1), bias=False)
[2022-06-12 20:49:17]         (2): LeakyReLU(negative_slope=0.1, inplace=True)
[2022-06-12 20:49:17]       )
[2022-06-12 20:49:17]     )
[2022-06-12 20:49:17]     (6): Block2D(
[2022-06-12 20:49:17]       (block): Sequential(
[2022-06-12 20:49:17]         (0): BatchNorm2d(128, eps=1e-05, momentum=0.1, affine=True, track_running_stats=True)
[2022-06-12 20:49:17]         (1): Conv2d(128, 128, kernel_size=(3, 3), stride=(1, 1), padding=(1, 1), bias=False)
[2022-06-12 20:49:17]         (2): LeakyReLU(negative_slope=0.1, inplace=True)
[2022-06-12 20:49:17]       )
[2022-06-12 20:49:17]     )
[2022-06-12 20:49:17]     (7): LPPool2d(norm_type=4, kernel_size=(1, 4), stride=None, ceil_mode=False)
[2022-06-12 20:49:17]     (8): Dropout(p=0.3, inplace=False)
[2022-06-12 20:49:17]   )
[2022-06-12 20:49:17]   (gru): GRU(128, 128, batch_first=True, bidirectional=True)
[2022-06-12 20:49:17]   (temp_pool): LinearSoftPool()
[2022-06-12 20:49:17]   (outputlayer): Linear(in_features=256, out_features=10, bias=True)
[2022-06-12 20:49:17] )
[2022-06-12 20:49:27] Epoch 1   training_loss: 0.37  val_loss: 0.31  precision: 0.32  recall: 0.15  f1: 0.19
[2022-06-12 20:49:35] Epoch 2   training_loss: 0.29  val_loss: 0.26  precision: 0.64  recall: 0.41  f1: 0.45
[2022-06-12 20:49:43] Epoch 3   training_loss: 0.24  val_loss: 0.20  precision: 0.66  recall: 0.40  f1: 0.49
[2022-06-12 20:49:51] Epoch 4   training_loss: 0.21  val_loss: 0.19  precision: 0.72  recall: 0.49  f1: 0.55
[2022-06-12 20:49:59] Epoch 5   training_loss: 0.19  val_loss: 0.17  precision: 0.72  recall: 0.53  f1: 0.57
[2022-06-12 20:50:07] Epoch 6   training_loss: 0.17  val_loss: 0.16  precision: 0.87  recall: 0.56  f1: 0.65
[2022-06-12 20:50:16] Epoch 7   training_loss: 0.16  val_loss: 0.14  precision: 0.81  recall: 0.62  f1: 0.69
[2022-06-12 20:50:25] Epoch 8   training_loss: 0.15  val_loss: 0.14  precision: 0.86  recall: 0.63  f1: 0.71
[2022-06-12 20:50:34] Epoch 9   training_loss: 0.14  val_loss: 0.15  precision: 0.90  recall: 0.63  f1: 0.73
[2022-06-12 20:50:42] Epoch 10   training_loss: 0.12  val_loss: 0.17  precision: 0.84  recall: 0.63  f1: 0.70
[2022-06-12 20:50:50] Epoch 11   training_loss: 0.12  val_loss: 0.14  precision: 0.86  recall: 0.73  f1: 0.74
[2022-06-12 20:50:58] Epoch 12   training_loss: 0.11  val_loss: 0.14  precision: 0.86  recall: 0.72  f1: 0.77
[2022-06-12 20:51:06] Epoch 13   training_loss: 0.10  val_loss: 0.12  precision: 0.89  recall: 0.75  f1: 0.80
[2022-06-12 20:51:14] Epoch 14   training_loss: 0.09  val_loss: 0.16  precision: 0.83  recall: 0.73  f1: 0.75
[2022-06-12 20:51:23] Epoch 15   training_loss: 0.09  val_loss: 0.18  precision: 0.84  recall: 0.69  f1: 0.72
[2022-06-12 20:51:31] Epoch 16   training_loss: 0.08  val_loss: 0.15  precision: 0.87  recall: 0.77  f1: 0.80
[2022-06-12 20:51:40] Epoch 17   training_loss: 0.08  val_loss: 0.16  precision: 0.84  recall: 0.69  f1: 0.71
[2022-06-12 20:51:48] Epoch 18   training_loss: 0.07  val_loss: 0.11  precision: 0.88  recall: 0.80  f1: 0.83
[2022-06-12 20:51:56] Epoch 19   training_loss: 0.06  val_loss: 0.12  precision: 0.86  recall: 0.80  f1: 0.82
[2022-06-12 20:52:04] Epoch 20   training_loss: 0.06  val_loss: 0.12  precision: 0.88  recall: 0.81  f1: 0.83
[2022-06-12 20:52:13] Epoch 21   training_loss: 0.06  val_loss: 0.12  precision: 0.88  recall: 0.80  f1: 0.82
[2022-06-12 20:52:21] Epoch 22   training_loss: 0.06  val_loss: 0.12  precision: 0.84  recall: 0.79  f1: 0.79
[2022-06-12 20:52:30] Epoch 23   training_loss: 0.06  val_loss: 0.11  precision: 0.86  recall: 0.81  f1: 0.82
[2022-06-12 20:52:39] Epoch 24   training_loss: 0.05  val_loss: 0.11  precision: 0.87  recall: 0.80  f1: 0.82
[2022-06-12 20:52:48] Epoch 25   training_loss: 0.05  val_loss: 0.11  precision: 0.87  recall: 0.81  f1: 0.83
