[2022-06-12 20:45:12] Storing files in experiments/CDur/2022-06-12_20-45-06_800e6336ea4d11ec9a257c8ae1d40299
[2022-06-12 20:45:12] data:
[2022-06-12 20:45:12]   class_indice_file: data/metadata/class_label_indices.txt
[2022-06-12 20:45:12]   feature: data/dev/feature.csv
[2022-06-12 20:45:12]   freaug: false
[2022-06-12 20:45:12]   freshift: true
[2022-06-12 20:45:12]   label: data/dev/label.csv
[2022-06-12 20:45:12]   mix: false
[2022-06-12 20:45:12]   specaug: false
[2022-06-12 20:45:12]   stratified: true
[2022-06-12 20:45:12]   timeshift: false
[2022-06-12 20:45:12] dataloader_args:
[2022-06-12 20:45:12]   batch_size: 64
[2022-06-12 20:45:12]   num_workers: 1
[2022-06-12 20:45:12] early_stop: 7
[2022-06-12 20:45:12] epochs: 500
[2022-06-12 20:45:12] loss: BceLoss
[2022-06-12 20:45:12] model:
[2022-06-12 20:45:12]   args: {}
[2022-06-12 20:45:12]   dropout: 0.0
[2022-06-12 20:45:12]   type: CDur
[2022-06-12 20:45:12] num_workers: 2
[2022-06-12 20:45:12] optimizer:
[2022-06-12 20:45:12]   args:
[2022-06-12 20:45:12]     lr: 0.001
[2022-06-12 20:45:12]   type: AdamW
[2022-06-12 20:45:12] outputpath: experiments/
[2022-06-12 20:45:12] postprocessing: triple
[2022-06-12 20:45:12] scheduler_args:
[2022-06-12 20:45:12]   factor: 0.1
[2022-06-12 20:45:12]   patience: 3
[2022-06-12 20:45:12] sct: true
[2022-06-12 20:45:12] 
[2022-06-12 20:45:12] Running on device cuda
[2022-06-12 20:45:17] AdamW (
[2022-06-12 20:45:17] Parameter Group 0
[2022-06-12 20:45:17]     amsgrad: False
[2022-06-12 20:45:17]     betas: (0.9, 0.999)
[2022-06-12 20:45:17]     eps: 1e-08
[2022-06-12 20:45:17]     lr: 0.001
[2022-06-12 20:45:17]     maximize: False
[2022-06-12 20:45:17]     weight_decay: 0.01
[2022-06-12 20:45:17] )
[2022-06-12 20:45:17] CDur(
[2022-06-12 20:45:17]   (features): Sequential(
[2022-06-12 20:45:17]     (0): Block2D(
[2022-06-12 20:45:17]       (block): Sequential(
[2022-06-12 20:45:17]         (0): BatchNorm2d(1, eps=1e-05, momentum=0.1, affine=True, track_running_stats=True)
[2022-06-12 20:45:17]         (1): Conv2d(1, 32, kernel_size=(3, 3), stride=(1, 1), padding=(1, 1), bias=False)
[2022-06-12 20:45:17]         (2): LeakyReLU(negative_slope=0.1, inplace=True)
[2022-06-12 20:45:17]       )
[2022-06-12 20:45:17]     )
[2022-06-12 20:45:17]     (1): LPPool2d(norm_type=4, kernel_size=(2, 4), stride=None, ceil_mode=False)
[2022-06-12 20:45:17]     (2): Block2D(
[2022-06-12 20:45:17]       (block): Sequential(
[2022-06-12 20:45:17]         (0): BatchNorm2d(32, eps=1e-05, momentum=0.1, affine=True, track_running_stats=True)
[2022-06-12 20:45:17]         (1): Conv2d(32, 128, kernel_size=(3, 3), stride=(1, 1), padding=(1, 1), bias=False)
[2022-06-12 20:45:17]         (2): LeakyReLU(negative_slope=0.1, inplace=True)
[2022-06-12 20:45:17]       )
[2022-06-12 20:45:17]     )
[2022-06-12 20:45:17]     (3): Block2D(
[2022-06-12 20:45:17]       (block): Sequential(
[2022-06-12 20:45:17]         (0): BatchNorm2d(128, eps=1e-05, momentum=0.1, affine=True, track_running_stats=True)
[2022-06-12 20:45:17]         (1): Conv2d(128, 128, kernel_size=(3, 3), stride=(1, 1), padding=(1, 1), bias=False)
[2022-06-12 20:45:17]         (2): LeakyReLU(negative_slope=0.1, inplace=True)
[2022-06-12 20:45:17]       )
[2022-06-12 20:45:17]     )
[2022-06-12 20:45:17]     (4): LPPool2d(norm_type=4, kernel_size=(2, 4), stride=None, ceil_mode=False)
[2022-06-12 20:45:17]     (5): Block2D(
[2022-06-12 20:45:17]       (block): Sequential(
[2022-06-12 20:45:17]         (0): BatchNorm2d(128, eps=1e-05, momentum=0.1, affine=True, track_running_stats=True)
[2022-06-12 20:45:17]         (1): Conv2d(128, 128, kernel_size=(3, 3), stride=(1, 1), padding=(1, 1), bias=False)
[2022-06-12 20:45:17]         (2): LeakyReLU(negative_slope=0.1, inplace=True)
[2022-06-12 20:45:17]       )
[2022-06-12 20:45:17]     )
[2022-06-12 20:45:17]     (6): Block2D(
[2022-06-12 20:45:17]       (block): Sequential(
[2022-06-12 20:45:17]         (0): BatchNorm2d(128, eps=1e-05, momentum=0.1, affine=True, track_running_stats=True)
[2022-06-12 20:45:17]         (1): Conv2d(128, 128, kernel_size=(3, 3), stride=(1, 1), padding=(1, 1), bias=False)
[2022-06-12 20:45:17]         (2): LeakyReLU(negative_slope=0.1, inplace=True)
[2022-06-12 20:45:17]       )
[2022-06-12 20:45:17]     )
[2022-06-12 20:45:17]     (7): LPPool2d(norm_type=4, kernel_size=(1, 4), stride=None, ceil_mode=False)
[2022-06-12 20:45:17]     (8): Dropout(p=0.3, inplace=False)
[2022-06-12 20:45:17]   )
[2022-06-12 20:45:17]   (gru): GRU(128, 128, batch_first=True, bidirectional=True)
[2022-06-12 20:45:17]   (temp_pool): LinearSoftPool()
[2022-06-12 20:45:17]   (outputlayer): Linear(in_features=256, out_features=10, bias=True)
[2022-06-12 20:45:17] )
[2022-06-12 20:45:26] Epoch 1   training_loss: 0.35  val_loss: 0.29  precision: 0.40  recall: 0.23  f1: 0.27
[2022-06-12 20:45:34] Epoch 2   training_loss: 0.27  val_loss: 0.23  precision: 0.59  recall: 0.37  f1: 0.44
[2022-06-12 20:45:42] Epoch 3   training_loss: 0.22  val_loss: 0.18  precision: 0.74  recall: 0.52  f1: 0.59
[2022-06-12 20:45:50] Epoch 4   training_loss: 0.20  val_loss: 0.20  precision: 0.76  recall: 0.47  f1: 0.54
[2022-06-12 20:45:58] Epoch 5   training_loss: 0.19  val_loss: 0.19  precision: 0.79  recall: 0.53  f1: 0.59
[2022-06-12 20:46:06] Epoch 6   training_loss: 0.17  val_loss: 0.17  precision: 0.76  recall: 0.57  f1: 0.61
[2022-06-12 20:46:14] Epoch 7   training_loss: 0.15  val_loss: 0.17  precision: 0.82  recall: 0.61  f1: 0.68
[2022-06-12 20:46:23] Epoch 8   training_loss: 0.14  val_loss: 0.14  precision: 0.84  recall: 0.63  f1: 0.68
[2022-06-12 20:46:31] Epoch 9   training_loss: 0.13  val_loss: 0.14  precision: 0.86  recall: 0.67  f1: 0.74
[2022-06-12 20:46:39] Epoch 10   training_loss: 0.13  val_loss: 0.16  precision: 0.76  recall: 0.64  f1: 0.68
[2022-06-12 20:46:47] Epoch 11   training_loss: 0.11  val_loss: 0.14  precision: 0.84  recall: 0.71  f1: 0.73
[2022-06-12 20:46:56] Epoch 12   training_loss: 0.11  val_loss: 0.14  precision: 0.88  recall: 0.70  f1: 0.76
[2022-06-12 20:47:05] Epoch 13   training_loss: 0.09  val_loss: 0.12  precision: 0.86  recall: 0.78  f1: 0.80
[2022-06-12 20:47:14] Epoch 14   training_loss: 0.08  val_loss: 0.12  precision: 0.85  recall: 0.76  f1: 0.79
[2022-06-12 20:47:22] Epoch 15   training_loss: 0.08  val_loss: 0.12  precision: 0.85  recall: 0.76  f1: 0.79
[2022-06-12 20:47:30] Epoch 16   training_loss: 0.08  val_loss: 0.12  precision: 0.87  recall: 0.77  f1: 0.80
[2022-06-12 20:47:38] Epoch 17   training_loss: 0.08  val_loss: 0.12  precision: 0.86  recall: 0.77  f1: 0.80
[2022-06-12 20:47:43] Epoch 18   training_loss: 0.08  val_loss: 0.12  precision: 0.86  recall: 0.79  f1: 0.81
[2022-06-12 20:47:50] Epoch 19   training_loss: 0.07  val_loss: 0.12  precision: 0.87  recall: 0.78  f1: 0.81
[2022-06-12 20:47:57] Epoch 20   training_loss: 0.07  val_loss: 0.12  precision: 0.87  recall: 0.79  f1: 0.81
[2022-06-12 20:48:04] Epoch 21   training_loss: 0.07  val_loss: 0.12  precision: 0.87  recall: 0.78  f1: 0.81
[2022-06-12 20:48:10] Epoch 22   training_loss: 0.07  val_loss: 0.12  precision: 0.85  recall: 0.78  f1: 0.81
[2022-06-12 20:48:17] Epoch 23   training_loss: 0.07  val_loss: 0.12  precision: 0.86  recall: 0.78  f1: 0.81
