[2022-06-12 21:34:43] Storing files in experiments/CDur/2022-06-12_21-34-06_6b287c24ea5411ecaa447c8ae1d40299
[2022-06-12 21:34:43] data:
[2022-06-12 21:34:43]   class_indice_file: data/metadata/class_label_indices.txt
[2022-06-12 21:34:43]   feature: data/dev/feature.csv
[2022-06-12 21:34:43]   freaug: false
[2022-06-12 21:34:43]   freshift: true
[2022-06-12 21:34:43]   label: data/dev/label.csv
[2022-06-12 21:34:43]   mix: false
[2022-06-12 21:34:43]   specaug: false
[2022-06-12 21:34:43]   stratified: true
[2022-06-12 21:34:43]   timeshift: false
[2022-06-12 21:34:43] dataloader_args:
[2022-06-12 21:34:43]   batch_size: 64
[2022-06-12 21:34:43]   num_workers: 1
[2022-06-12 21:34:43] early_stop: 7
[2022-06-12 21:34:43] epochs: 500
[2022-06-12 21:34:43] loss: BceLoss
[2022-06-12 21:34:43] model:
[2022-06-12 21:34:43]   args: {}
[2022-06-12 21:34:43]   dropout: 0.0
[2022-06-12 21:34:43]   type: CDur
[2022-06-12 21:34:43] num_workers: 2
[2022-06-12 21:34:43] optimizer:
[2022-06-12 21:34:43]   args:
[2022-06-12 21:34:43]     lr: 0.001
[2022-06-12 21:34:43]   type: AdamW
[2022-06-12 21:34:43] outputpath: experiments/
[2022-06-12 21:34:43] postprocessing: triple
[2022-06-12 21:34:43] scheduler_args:
[2022-06-12 21:34:43]   factor: 0.1
[2022-06-12 21:34:43]   patience: 3
[2022-06-12 21:34:43] sct: true
[2022-06-12 21:34:43] 
[2022-06-12 21:34:43] Running on device cuda
[2022-06-12 21:34:47] AdamW (
[2022-06-12 21:34:47] Parameter Group 0
[2022-06-12 21:34:47]     amsgrad: False
[2022-06-12 21:34:47]     betas: (0.9, 0.999)
[2022-06-12 21:34:47]     eps: 1e-08
[2022-06-12 21:34:47]     lr: 0.001
[2022-06-12 21:34:47]     maximize: False
[2022-06-12 21:34:47]     weight_decay: 0.01
[2022-06-12 21:34:47] )
[2022-06-12 21:34:47] CDur(
[2022-06-12 21:34:47]   (features): Sequential(
[2022-06-12 21:34:47]     (0): Block2D(
[2022-06-12 21:34:47]       (block): Sequential(
[2022-06-12 21:34:47]         (0): BatchNorm2d(1, eps=1e-05, momentum=0.1, affine=True, track_running_stats=True)
[2022-06-12 21:34:47]         (1): Conv2d(1, 32, kernel_size=(3, 3), stride=(1, 1), padding=(1, 1), bias=False)
[2022-06-12 21:34:47]         (2): LeakyReLU(negative_slope=0.1, inplace=True)
[2022-06-12 21:34:47]       )
[2022-06-12 21:34:47]     )
[2022-06-12 21:34:47]     (1): LPPool2d(norm_type=4, kernel_size=(2, 4), stride=None, ceil_mode=False)
[2022-06-12 21:34:47]     (2): Block2D(
[2022-06-12 21:34:47]       (block): Sequential(
[2022-06-12 21:34:47]         (0): BatchNorm2d(32, eps=1e-05, momentum=0.1, affine=True, track_running_stats=True)
[2022-06-12 21:34:47]         (1): Conv2d(32, 128, kernel_size=(3, 3), stride=(1, 1), padding=(1, 1), bias=False)
[2022-06-12 21:34:47]         (2): LeakyReLU(negative_slope=0.1, inplace=True)
[2022-06-12 21:34:47]       )
[2022-06-12 21:34:47]     )
[2022-06-12 21:34:47]     (3): Block2D(
[2022-06-12 21:34:47]       (block): Sequential(
[2022-06-12 21:34:47]         (0): BatchNorm2d(128, eps=1e-05, momentum=0.1, affine=True, track_running_stats=True)
[2022-06-12 21:34:47]         (1): Conv2d(128, 128, kernel_size=(3, 3), stride=(1, 1), padding=(1, 1), bias=False)
[2022-06-12 21:34:47]         (2): LeakyReLU(negative_slope=0.1, inplace=True)
[2022-06-12 21:34:47]       )
[2022-06-12 21:34:47]     )
[2022-06-12 21:34:47]     (4): LPPool2d(norm_type=4, kernel_size=(2, 4), stride=None, ceil_mode=False)
[2022-06-12 21:34:47]     (5): Block2D(
[2022-06-12 21:34:47]       (block): Sequential(
[2022-06-12 21:34:47]         (0): BatchNorm2d(128, eps=1e-05, momentum=0.1, affine=True, track_running_stats=True)
[2022-06-12 21:34:47]         (1): Conv2d(128, 128, kernel_size=(3, 3), stride=(1, 1), padding=(1, 1), bias=False)
[2022-06-12 21:34:47]         (2): LeakyReLU(negative_slope=0.1, inplace=True)
[2022-06-12 21:34:47]       )
[2022-06-12 21:34:47]     )
[2022-06-12 21:34:47]     (6): Block2D(
[2022-06-12 21:34:47]       (block): Sequential(
[2022-06-12 21:34:47]         (0): BatchNorm2d(128, eps=1e-05, momentum=0.1, affine=True, track_running_stats=True)
[2022-06-12 21:34:47]         (1): Conv2d(128, 128, kernel_size=(3, 3), stride=(1, 1), padding=(1, 1), bias=False)
[2022-06-12 21:34:47]         (2): LeakyReLU(negative_slope=0.1, inplace=True)
[2022-06-12 21:34:47]       )
[2022-06-12 21:34:47]     )
[2022-06-12 21:34:47]     (7): LPPool2d(norm_type=4, kernel_size=(1, 4), stride=None, ceil_mode=False)
[2022-06-12 21:34:47]     (8): Dropout(p=0.3, inplace=False)
[2022-06-12 21:34:47]   )
[2022-06-12 21:34:47]   (gru): GRU(128, 128, batch_first=True, bidirectional=True)
[2022-06-12 21:34:47]   (temp_pool): LinearSoftPool()
[2022-06-12 21:34:47]   (outputlayer): Linear(in_features=256, out_features=10, bias=True)
[2022-06-12 21:34:47] )
[2022-06-12 21:34:54] Epoch 1   training_loss: 0.37  val_loss: 0.28  precision: 0.39  recall: 0.14  f1: 0.18
[2022-06-12 21:34:59] Epoch 2   training_loss: 0.28  val_loss: 0.23  precision: 0.53  recall: 0.30  f1: 0.37
[2022-06-12 21:35:06] Epoch 3   training_loss: 0.24  val_loss: 0.18  precision: 0.71  recall: 0.47  f1: 0.53
[2022-06-12 21:35:13] Epoch 4   training_loss: 0.20  val_loss: 0.17  precision: 0.76  recall: 0.47  f1: 0.54
[2022-06-12 21:35:21] Epoch 5   training_loss: 0.18  val_loss: 0.18  precision: 0.80  recall: 0.54  f1: 0.60
[2022-06-12 21:35:27] Epoch 6   training_loss: 0.17  val_loss: 0.17  precision: 0.84  recall: 0.55  f1: 0.62
[2022-06-12 21:35:34] Epoch 7   training_loss: 0.16  val_loss: 0.14  precision: 0.91  recall: 0.62  f1: 0.69
[2022-06-12 21:35:45] Epoch 8   training_loss: 0.14  val_loss: 0.20  precision: 0.77  recall: 0.63  f1: 0.63
[2022-06-12 21:35:53] Epoch 9   training_loss: 0.14  val_loss: 0.14  precision: 0.74  recall: 0.71  f1: 0.71
[2022-06-12 21:36:01] Epoch 10   training_loss: 0.13  val_loss: 0.16  precision: 0.72  recall: 0.63  f1: 0.65
[2022-06-12 21:36:11] Epoch 11   training_loss: 0.12  val_loss: 0.13  precision: 0.82  recall: 0.72  f1: 0.74
[2022-06-12 21:36:19] Epoch 12   training_loss: 0.11  val_loss: 0.13  precision: 0.88  recall: 0.78  f1: 0.82
[2022-06-12 21:36:26] Epoch 13   training_loss: 0.10  val_loss: 0.14  precision: 0.85  recall: 0.66  f1: 0.72
[2022-06-12 21:36:34] Epoch 14   training_loss: 0.10  val_loss: 0.14  precision: 0.86  recall: 0.80  f1: 0.81
[2022-06-12 21:36:42] Epoch 15   training_loss: 0.09  val_loss: 0.14  precision: 0.87  recall: 0.75  f1: 0.78
[2022-06-12 21:36:49] Epoch 16   training_loss: 0.09  val_loss: 0.12  precision: 0.84  recall: 0.79  f1: 0.81
[2022-06-12 21:36:57] Epoch 17   training_loss: 0.08  val_loss: 0.13  precision: 0.87  recall: 0.78  f1: 0.82
[2022-06-12 21:37:05] Epoch 18   training_loss: 0.08  val_loss: 0.18  precision: 0.82  recall: 0.79  f1: 0.77
[2022-06-12 21:37:13] Epoch 19   training_loss: 0.08  val_loss: 0.15  precision: 0.86  recall: 0.73  f1: 0.77
[2022-06-12 21:37:22] Epoch 20   training_loss: 0.07  val_loss: 0.12  precision: 0.87  recall: 0.70  f1: 0.75
[2022-06-12 21:37:31] Epoch 21   training_loss: 0.07  val_loss: 0.18  precision: 0.81  recall: 0.75  f1: 0.75
[2022-06-12 21:37:40] Epoch 22   training_loss: 0.07  val_loss: 0.12  precision: 0.88  recall: 0.73  f1: 0.76
[2022-06-12 21:37:48] Epoch 23   training_loss: 0.07  val_loss: 0.13  precision: 0.82  recall: 0.80  f1: 0.80
[2022-06-12 21:37:56] Epoch 24   training_loss: 0.06  val_loss: 0.13  precision: 0.88  recall: 0.76  f1: 0.80
[2022-06-12 21:38:04] Epoch 25   training_loss: 0.05  val_loss: 0.11  precision: 0.86  recall: 0.81  f1: 0.82
[2022-06-12 21:38:13] Epoch 26   training_loss: 0.05  val_loss: 0.11  precision: 0.88  recall: 0.83  f1: 0.85
[2022-06-12 21:38:21] Epoch 27   training_loss: 0.04  val_loss: 0.11  precision: 0.87  recall: 0.82  f1: 0.84
[2022-06-12 21:38:29] Epoch 28   training_loss: 0.04  val_loss: 0.11  precision: 0.87  recall: 0.82  f1: 0.83
[2022-06-12 21:38:40] Epoch 29   training_loss: 0.04  val_loss: 0.11  precision: 0.86  recall: 0.82  f1: 0.83
[2022-06-12 21:38:51] Epoch 30   training_loss: 0.04  val_loss: 0.11  precision: 0.85  recall: 0.83  f1: 0.83
[2022-06-12 21:39:01] Epoch 31   training_loss: 0.04  val_loss: 0.11  precision: 0.87  recall: 0.83  f1: 0.84
[2022-06-12 21:39:12] Epoch 32   training_loss: 0.04  val_loss: 0.12  precision: 0.85  recall: 0.82  f1: 0.82
[2022-06-12 21:39:23] Epoch 33   training_loss: 0.04  val_loss: 0.12  precision: 0.86  recall: 0.82  f1: 0.83
[2022-06-12 21:39:33] Epoch 34   training_loss: 0.04  val_loss: 0.11  precision: 0.86  recall: 0.84  f1: 0.84
