[2022-06-12 21:08:01] Storing files in experiments/CDur/2022-06-12_21-08-06_afdf3d39ea5011ec87ba7c8ae1d40299
[2022-06-12 21:08:01] data:
[2022-06-12 21:08:01]   class_indice_file: data/metadata/class_label_indices.txt
[2022-06-12 21:08:01]   feature: data/dev/feature.csv
[2022-06-12 21:08:01]   freaug: false
[2022-06-12 21:08:01]   freshift: true
[2022-06-12 21:08:01]   label: data/dev/label.csv
[2022-06-12 21:08:01]   mix: false
[2022-06-12 21:08:01]   specaug: false
[2022-06-12 21:08:01]   stratified: true
[2022-06-12 21:08:01]   timeshift: false
[2022-06-12 21:08:01] dataloader_args:
[2022-06-12 21:08:01]   batch_size: 64
[2022-06-12 21:08:01]   num_workers: 1
[2022-06-12 21:08:01] early_stop: 7
[2022-06-12 21:08:01] epochs: 500
[2022-06-12 21:08:01] loss: BceLoss
[2022-06-12 21:08:01] model:
[2022-06-12 21:08:01]   args: {}
[2022-06-12 21:08:01]   dropout: 0.0
[2022-06-12 21:08:01]   type: CDur
[2022-06-12 21:08:01] num_workers: 2
[2022-06-12 21:08:01] optimizer:
[2022-06-12 21:08:01]   args:
[2022-06-12 21:08:01]     lr: 0.001
[2022-06-12 21:08:01]   type: AdamW
[2022-06-12 21:08:01] outputpath: experiments/
[2022-06-12 21:08:01] postprocessing: triple
[2022-06-12 21:08:01] scheduler_args:
[2022-06-12 21:08:01]   factor: 0.1
[2022-06-12 21:08:01]   patience: 3
[2022-06-12 21:08:01] sct: true
[2022-06-12 21:08:01] 
[2022-06-12 21:08:01] Running on device cuda
[2022-06-12 21:08:04] AdamW (
[2022-06-12 21:08:04] Parameter Group 0
[2022-06-12 21:08:04]     amsgrad: False
[2022-06-12 21:08:04]     betas: (0.9, 0.999)
[2022-06-12 21:08:04]     eps: 1e-08
[2022-06-12 21:08:04]     lr: 0.001
[2022-06-12 21:08:04]     maximize: False
[2022-06-12 21:08:04]     weight_decay: 0.01
[2022-06-12 21:08:04] )
[2022-06-12 21:08:04] CDur(
[2022-06-12 21:08:04]   (features): Sequential(
[2022-06-12 21:08:04]     (0): Block2D(
[2022-06-12 21:08:04]       (block): Sequential(
[2022-06-12 21:08:04]         (0): BatchNorm2d(1, eps=1e-05, momentum=0.1, affine=True, track_running_stats=True)
[2022-06-12 21:08:04]         (1): Conv2d(1, 32, kernel_size=(3, 3), stride=(1, 1), padding=(1, 1), bias=False)
[2022-06-12 21:08:04]         (2): LeakyReLU(negative_slope=0.1, inplace=True)
[2022-06-12 21:08:04]       )
[2022-06-12 21:08:04]     )
[2022-06-12 21:08:04]     (1): LPPool2d(norm_type=4, kernel_size=(2, 4), stride=None, ceil_mode=False)
[2022-06-12 21:08:04]     (2): Block2D(
[2022-06-12 21:08:04]       (block): Sequential(
[2022-06-12 21:08:04]         (0): BatchNorm2d(32, eps=1e-05, momentum=0.1, affine=True, track_running_stats=True)
[2022-06-12 21:08:04]         (1): Conv2d(32, 128, kernel_size=(3, 3), stride=(1, 1), padding=(1, 1), bias=False)
[2022-06-12 21:08:04]         (2): LeakyReLU(negative_slope=0.1, inplace=True)
[2022-06-12 21:08:04]       )
[2022-06-12 21:08:04]     )
[2022-06-12 21:08:04]     (3): Block2D(
[2022-06-12 21:08:04]       (block): Sequential(
[2022-06-12 21:08:04]         (0): BatchNorm2d(128, eps=1e-05, momentum=0.1, affine=True, track_running_stats=True)
[2022-06-12 21:08:04]         (1): Conv2d(128, 128, kernel_size=(3, 3), stride=(1, 1), padding=(1, 1), bias=False)
[2022-06-12 21:08:04]         (2): LeakyReLU(negative_slope=0.1, inplace=True)
[2022-06-12 21:08:04]       )
[2022-06-12 21:08:04]     )
[2022-06-12 21:08:04]     (4): LPPool2d(norm_type=4, kernel_size=(2, 4), stride=None, ceil_mode=False)
[2022-06-12 21:08:04]     (5): Block2D(
[2022-06-12 21:08:04]       (block): Sequential(
[2022-06-12 21:08:04]         (0): BatchNorm2d(128, eps=1e-05, momentum=0.1, affine=True, track_running_stats=True)
[2022-06-12 21:08:04]         (1): Conv2d(128, 128, kernel_size=(3, 3), stride=(1, 1), padding=(1, 1), bias=False)
[2022-06-12 21:08:04]         (2): LeakyReLU(negative_slope=0.1, inplace=True)
[2022-06-12 21:08:04]       )
[2022-06-12 21:08:04]     )
[2022-06-12 21:08:04]     (6): Block2D(
[2022-06-12 21:08:04]       (block): Sequential(
[2022-06-12 21:08:04]         (0): BatchNorm2d(128, eps=1e-05, momentum=0.1, affine=True, track_running_stats=True)
[2022-06-12 21:08:04]         (1): Conv2d(128, 128, kernel_size=(3, 3), stride=(1, 1), padding=(1, 1), bias=False)
[2022-06-12 21:08:04]         (2): LeakyReLU(negative_slope=0.1, inplace=True)
[2022-06-12 21:08:04]       )
[2022-06-12 21:08:04]     )
[2022-06-12 21:08:04]     (7): LPPool2d(norm_type=4, kernel_size=(1, 4), stride=None, ceil_mode=False)
[2022-06-12 21:08:04]     (8): Dropout(p=0.3, inplace=False)
[2022-06-12 21:08:04]   )
[2022-06-12 21:08:04]   (gru): GRU(128, 128, batch_first=True, bidirectional=True)
[2022-06-12 21:08:04]   (temp_pool): LinearSoftPool()
[2022-06-12 21:08:04]   (outputlayer): Linear(in_features=256, out_features=10, bias=True)
[2022-06-12 21:08:04] )
[2022-06-12 21:08:09] Epoch 1   training_loss: 0.37  val_loss: 0.28  precision: 0.34  recall: 0.16  f1: 0.20
[2022-06-12 21:08:13] Epoch 2   training_loss: 0.27  val_loss: 0.22  precision: 0.73  recall: 0.42  f1: 0.46
[2022-06-12 21:08:18] Epoch 3   training_loss: 0.23  val_loss: 0.21  precision: 0.78  recall: 0.43  f1: 0.52
[2022-06-12 21:08:22] Epoch 4   training_loss: 0.20  val_loss: 0.20  precision: 0.74  recall: 0.45  f1: 0.53
[2022-06-12 21:08:27] Epoch 5   training_loss: 0.17  val_loss: 0.16  precision: 0.85  recall: 0.61  f1: 0.67
[2022-06-12 21:08:31] Epoch 6   training_loss: 0.17  val_loss: 0.16  precision: 0.80  recall: 0.58  f1: 0.65
[2022-06-12 21:08:36] Epoch 7   training_loss: 0.15  val_loss: 0.14  precision: 0.86  recall: 0.65  f1: 0.73
[2022-06-12 21:08:41] Epoch 8   training_loss: 0.14  val_loss: 0.14  precision: 0.81  recall: 0.69  f1: 0.73
[2022-06-12 21:08:45] Epoch 9   training_loss: 0.13  val_loss: 0.12  precision: 0.86  recall: 0.74  f1: 0.77
[2022-06-12 21:08:50] Epoch 10   training_loss: 0.12  val_loss: 0.13  precision: 0.89  recall: 0.69  f1: 0.76
[2022-06-12 21:08:55] Epoch 11   training_loss: 0.11  val_loss: 0.13  precision: 0.86  recall: 0.67  f1: 0.72
[2022-06-12 21:09:00] Epoch 12   training_loss: 0.11  val_loss: 0.14  precision: 0.84  recall: 0.64  f1: 0.70
[2022-06-12 21:09:05] Epoch 13   training_loss: 0.10  val_loss: 0.14  precision: 0.84  recall: 0.76  f1: 0.79
[2022-06-12 21:09:09] Epoch 14   training_loss: 0.08  val_loss: 0.11  precision: 0.87  recall: 0.78  f1: 0.81
[2022-06-12 21:09:14] Epoch 15   training_loss: 0.08  val_loss: 0.11  precision: 0.86  recall: 0.78  f1: 0.81
[2022-06-12 21:09:19] Epoch 16   training_loss: 0.07  val_loss: 0.12  precision: 0.84  recall: 0.78  f1: 0.80
[2022-06-12 21:09:23] Epoch 17   training_loss: 0.07  val_loss: 0.11  precision: 0.88  recall: 0.78  f1: 0.81
[2022-06-12 21:09:28] Epoch 18   training_loss: 0.07  val_loss: 0.11  precision: 0.88  recall: 0.81  f1: 0.83
[2022-06-12 21:09:32] Epoch 19   training_loss: 0.07  val_loss: 0.11  precision: 0.88  recall: 0.80  f1: 0.83
[2022-06-12 21:09:37] Epoch 20   training_loss: 0.07  val_loss: 0.11  precision: 0.87  recall: 0.78  f1: 0.81
[2022-06-12 21:09:42] Epoch 21   training_loss: 0.07  val_loss: 0.11  precision: 0.88  recall: 0.79  f1: 0.83
[2022-06-12 21:09:47] Epoch 22   training_loss: 0.07  val_loss: 0.11  precision: 0.89  recall: 0.83  f1: 0.85
[2022-06-12 21:09:52] Epoch 23   training_loss: 0.07  val_loss: 0.11  precision: 0.87  recall: 0.80  f1: 0.82
[2022-06-12 21:09:57] Epoch 24   training_loss: 0.07  val_loss: 0.10  precision: 0.87  recall: 0.79  f1: 0.82
[2022-06-12 21:10:01] Epoch 25   training_loss: 0.06  val_loss: 0.11  precision: 0.86  recall: 0.79  f1: 0.81
[2022-06-12 21:10:06] Epoch 26   training_loss: 0.06  val_loss: 0.11  precision: 0.87  recall: 0.80  f1: 0.83
[2022-06-12 21:10:13] Epoch 27   training_loss: 0.06  val_loss: 0.11  precision: 0.88  recall: 0.80  f1: 0.82
[2022-06-12 21:10:20] Epoch 28   training_loss: 0.06  val_loss: 0.11  precision: 0.87  recall: 0.80  f1: 0.82
[2022-06-12 21:10:27] Epoch 29   training_loss: 0.06  val_loss: 0.11  precision: 0.88  recall: 0.78  f1: 0.82
[2022-06-12 21:10:35] Epoch 30   training_loss: 0.06  val_loss: 0.11  precision: 0.88  recall: 0.78  f1: 0.82
[2022-06-12 21:10:42] Epoch 31   training_loss: 0.06  val_loss: 0.11  precision: 0.87  recall: 0.81  f1: 0.83
