[2022-06-12 19:41:43] Storing files in experiments/CDur/2022-06-12_19-41-06_a1d430bfea4411eca8ec7c8ae1d4050f
[2022-06-12 19:41:43] data:
[2022-06-12 19:41:43]   class_indice_file: data/metadata/class_label_indices.txt
[2022-06-12 19:41:43]   feature: data/dev/feature.csv
[2022-06-12 19:41:43]   freaug: false
[2022-06-12 19:41:43]   freshift: true
[2022-06-12 19:41:43]   label: data/dev/label.csv
[2022-06-12 19:41:43]   mix: false
[2022-06-12 19:41:43]   specaug: false
[2022-06-12 19:41:43]   stratified: true
[2022-06-12 19:41:43]   timeshift: false
[2022-06-12 19:41:43] dataloader_args:
[2022-06-12 19:41:43]   batch_size: 64
[2022-06-12 19:41:43]   num_workers: 1
[2022-06-12 19:41:43] early_stop: 7
[2022-06-12 19:41:43] epochs: 500
[2022-06-12 19:41:43] loss: BceLoss
[2022-06-12 19:41:43] model:
[2022-06-12 19:41:43]   args: {}
[2022-06-12 19:41:43]   dropout: 0.0
[2022-06-12 19:41:43]   type: CDur
[2022-06-12 19:41:43] num_workers: 2
[2022-06-12 19:41:43] optimizer:
[2022-06-12 19:41:43]   args:
[2022-06-12 19:41:43]     lr: 0.001
[2022-06-12 19:41:43]   type: AdamW
[2022-06-12 19:41:43] outputpath: experiments/
[2022-06-12 19:41:43] postprocessing: triple
[2022-06-12 19:41:43] scheduler_args:
[2022-06-12 19:41:43]   factor: 0.1
[2022-06-12 19:41:43]   patience: 3
[2022-06-12 19:41:43] sct: true
[2022-06-12 19:41:43] 
[2022-06-12 19:41:43] Running on device cuda
[2022-06-12 19:41:47] AdamW (
[2022-06-12 19:41:47] Parameter Group 0
[2022-06-12 19:41:47]     amsgrad: False
[2022-06-12 19:41:47]     betas: (0.9, 0.999)
[2022-06-12 19:41:47]     eps: 1e-08
[2022-06-12 19:41:47]     lr: 0.001
[2022-06-12 19:41:47]     maximize: False
[2022-06-12 19:41:47]     weight_decay: 0.01
[2022-06-12 19:41:47] )
[2022-06-12 19:41:47] CDur(
[2022-06-12 19:41:47]   (features): Sequential(
[2022-06-12 19:41:47]     (0): Block2D(
[2022-06-12 19:41:47]       (block): Sequential(
[2022-06-12 19:41:47]         (0): BatchNorm2d(1, eps=1e-05, momentum=0.1, affine=True, track_running_stats=True)
[2022-06-12 19:41:47]         (1): Conv2d(1, 32, kernel_size=(3, 3), stride=(1, 1), padding=(1, 1), bias=False)
[2022-06-12 19:41:47]         (2): LeakyReLU(negative_slope=0.1, inplace=True)
[2022-06-12 19:41:47]       )
[2022-06-12 19:41:47]     )
[2022-06-12 19:41:47]     (1): LPPool2d(norm_type=4, kernel_size=(2, 4), stride=None, ceil_mode=False)
[2022-06-12 19:41:47]     (2): Block2D(
[2022-06-12 19:41:47]       (block): Sequential(
[2022-06-12 19:41:47]         (0): BatchNorm2d(32, eps=1e-05, momentum=0.1, affine=True, track_running_stats=True)
[2022-06-12 19:41:47]         (1): Conv2d(32, 128, kernel_size=(3, 3), stride=(1, 1), padding=(1, 1), bias=False)
[2022-06-12 19:41:47]         (2): LeakyReLU(negative_slope=0.1, inplace=True)
[2022-06-12 19:41:47]       )
[2022-06-12 19:41:47]     )
[2022-06-12 19:41:47]     (3): Block2D(
[2022-06-12 19:41:47]       (block): Sequential(
[2022-06-12 19:41:47]         (0): BatchNorm2d(128, eps=1e-05, momentum=0.1, affine=True, track_running_stats=True)
[2022-06-12 19:41:47]         (1): Conv2d(128, 128, kernel_size=(3, 3), stride=(1, 1), padding=(1, 1), bias=False)
[2022-06-12 19:41:47]         (2): LeakyReLU(negative_slope=0.1, inplace=True)
[2022-06-12 19:41:47]       )
[2022-06-12 19:41:47]     )
[2022-06-12 19:41:47]     (4): LPPool2d(norm_type=4, kernel_size=(2, 4), stride=None, ceil_mode=False)
[2022-06-12 19:41:47]     (5): Block2D(
[2022-06-12 19:41:47]       (block): Sequential(
[2022-06-12 19:41:47]         (0): BatchNorm2d(128, eps=1e-05, momentum=0.1, affine=True, track_running_stats=True)
[2022-06-12 19:41:47]         (1): Conv2d(128, 128, kernel_size=(3, 3), stride=(1, 1), padding=(1, 1), bias=False)
[2022-06-12 19:41:47]         (2): LeakyReLU(negative_slope=0.1, inplace=True)
[2022-06-12 19:41:47]       )
[2022-06-12 19:41:47]     )
[2022-06-12 19:41:47]     (6): Block2D(
[2022-06-12 19:41:47]       (block): Sequential(
[2022-06-12 19:41:47]         (0): BatchNorm2d(128, eps=1e-05, momentum=0.1, affine=True, track_running_stats=True)
[2022-06-12 19:41:47]         (1): Conv2d(128, 128, kernel_size=(3, 3), stride=(1, 1), padding=(1, 1), bias=False)
[2022-06-12 19:41:47]         (2): LeakyReLU(negative_slope=0.1, inplace=True)
[2022-06-12 19:41:47]       )
[2022-06-12 19:41:47]     )
[2022-06-12 19:41:47]     (7): LPPool2d(norm_type=4, kernel_size=(1, 4), stride=None, ceil_mode=False)
[2022-06-12 19:41:47]     (8): Dropout(p=0.3, inplace=False)
[2022-06-12 19:41:47]   )
[2022-06-12 19:41:47]   (gru): GRU(128, 128, batch_first=True, bidirectional=True)
[2022-06-12 19:41:47]   (temp_pool): LinearSoftPool()
[2022-06-12 19:41:47]   (outputlayer): Linear(in_features=256, out_features=10, bias=True)
[2022-06-12 19:41:47] )
[2022-06-12 19:41:55] Epoch 1   training_loss: 0.36  val_loss: 0.32  precision: 0.44  recall: 0.20  f1: 0.25
[2022-06-12 19:42:00] Epoch 2   training_loss: 0.28  val_loss: 0.26  precision: 0.61  recall: 0.30  f1: 0.38
[2022-06-12 19:42:06] Epoch 3   training_loss: 0.23  val_loss: 0.21  precision: 0.72  recall: 0.48  f1: 0.54
[2022-06-12 19:42:11] Epoch 4   training_loss: 0.20  val_loss: 0.18  precision: 0.71  recall: 0.51  f1: 0.57
[2022-06-12 19:42:16] Epoch 5   training_loss: 0.18  val_loss: 0.16  precision: 0.83  recall: 0.65  f1: 0.69
[2022-06-12 19:42:21] Epoch 6   training_loss: 0.17  val_loss: 0.14  precision: 0.86  recall: 0.66  f1: 0.73
[2022-06-12 19:42:26] Epoch 7   training_loss: 0.15  val_loss: 0.14  precision: 0.81  recall: 0.69  f1: 0.73
[2022-06-12 19:42:31] Epoch 8   training_loss: 0.14  val_loss: 0.16  precision: 0.84  recall: 0.62  f1: 0.69
[2022-06-12 19:42:36] Epoch 9   training_loss: 0.13  val_loss: 0.14  precision: 0.84  recall: 0.64  f1: 0.70
[2022-06-12 19:42:41] Epoch 10   training_loss: 0.12  val_loss: 0.17  precision: 0.81  recall: 0.66  f1: 0.69
[2022-06-12 19:42:46] Epoch 11   training_loss: 0.11  val_loss: 0.13  precision: 0.81  recall: 0.71  f1: 0.73
[2022-06-12 19:42:51] Epoch 12   training_loss: 0.10  val_loss: 0.16  precision: 0.89  recall: 0.63  f1: 0.68
[2022-06-12 19:42:57] Epoch 13   training_loss: 0.10  val_loss: 0.12  precision: 0.82  recall: 0.79  f1: 0.79
[2022-06-12 19:43:02] Epoch 14   training_loss: 0.10  val_loss: 0.12  precision: 0.85  recall: 0.76  f1: 0.79
[2022-06-12 19:43:08] Epoch 15   training_loss: 0.08  val_loss: 0.12  precision: 0.86  recall: 0.78  f1: 0.81
[2022-06-12 19:43:13] Epoch 16   training_loss: 0.09  val_loss: 0.15  precision: 0.86  recall: 0.71  f1: 0.75
[2022-06-12 19:43:19] Epoch 17   training_loss: 0.08  val_loss: 0.12  precision: 0.85  recall: 0.76  f1: 0.78
[2022-06-12 19:43:25] Epoch 18   training_loss: 0.07  val_loss: 0.11  precision: 0.85  recall: 0.80  f1: 0.82
[2022-06-12 19:43:31] Epoch 19   training_loss: 0.06  val_loss: 0.10  precision: 0.87  recall: 0.80  f1: 0.82
[2022-06-12 19:43:36] Epoch 20   training_loss: 0.06  val_loss: 0.11  precision: 0.87  recall: 0.82  f1: 0.83
[2022-06-12 19:43:41] Epoch 21   training_loss: 0.06  val_loss: 0.10  precision: 0.87  recall: 0.81  f1: 0.83
[2022-06-12 19:43:46] Epoch 22   training_loss: 0.06  val_loss: 0.10  precision: 0.86  recall: 0.81  f1: 0.82
[2022-06-12 19:43:52] Epoch 23   training_loss: 0.05  val_loss: 0.10  precision: 0.86  recall: 0.80  f1: 0.81
[2022-06-12 19:43:58] Epoch 24   training_loss: 0.05  val_loss: 0.10  precision: 0.87  recall: 0.80  f1: 0.83
[2022-06-12 19:44:03] Epoch 25   training_loss: 0.05  val_loss: 0.11  precision: 0.85  recall: 0.82  f1: 0.82
[2022-06-12 19:44:08] Epoch 26   training_loss: 0.05  val_loss: 0.11  precision: 0.85  recall: 0.81  f1: 0.82
[2022-06-12 19:44:13] Epoch 27   training_loss: 0.05  val_loss: 0.11  precision: 0.85  recall: 0.81  f1: 0.82
[2022-06-12 19:44:18] Epoch 28   training_loss: 0.05  val_loss: 0.12  precision: 0.83  recall: 0.80  f1: 0.81
[2022-06-12 19:44:23] Epoch 29   training_loss: 0.05  val_loss: 0.11  precision: 0.85  recall: 0.80  f1: 0.81
