[2022-06-13 17:48:51] Storing files in experiments/CDur/2022-06-13_17-48-06_07d63609eafe11ecaa447c8ae1d2aeab
[2022-06-13 17:48:51] data:
[2022-06-13 17:48:51]   class_indice_file: data/metadata/class_label_indices.txt
[2022-06-13 17:48:51]   feature: data/dev/feature.csv
[2022-06-13 17:48:51]   freaug: false
[2022-06-13 17:48:51]   freshift: true
[2022-06-13 17:48:51]   label: data/dev/label.csv
[2022-06-13 17:48:51]   mix: false
[2022-06-13 17:48:51]   specaug: false
[2022-06-13 17:48:51]   stratified: true
[2022-06-13 17:48:51]   timeshift: false
[2022-06-13 17:48:51] dataloader_args:
[2022-06-13 17:48:51]   batch_size: 64
[2022-06-13 17:48:51]   num_workers: 1
[2022-06-13 17:48:51] early_stop: 7
[2022-06-13 17:48:51] epochs: 500
[2022-06-13 17:48:51] loss: BceLoss
[2022-06-13 17:48:51] model:
[2022-06-13 17:48:51]   args: {}
[2022-06-13 17:48:51]   dropout: 0.0
[2022-06-13 17:48:51]   type: CDur
[2022-06-13 17:48:51] num_workers: 2
[2022-06-13 17:48:51] optimizer:
[2022-06-13 17:48:51]   args:
[2022-06-13 17:48:51]     lr: 0.001
[2022-06-13 17:48:51]   type: AdamW
[2022-06-13 17:48:51] outputpath: experiments/
[2022-06-13 17:48:51] postprocessing: triple
[2022-06-13 17:48:51] scheduler_args:
[2022-06-13 17:48:51]   factor: 0.1
[2022-06-13 17:48:51]   patience: 3
[2022-06-13 17:48:51] sct: true
[2022-06-13 17:48:51] 
[2022-06-13 17:48:51] Running on device cuda
[2022-06-13 17:49:09] AdamW (
[2022-06-13 17:49:09] Parameter Group 0
[2022-06-13 17:49:09]     amsgrad: False
[2022-06-13 17:49:09]     betas: (0.9, 0.999)
[2022-06-13 17:49:09]     eps: 1e-08
[2022-06-13 17:49:09]     lr: 0.001
[2022-06-13 17:49:09]     maximize: False
[2022-06-13 17:49:09]     weight_decay: 0.01
[2022-06-13 17:49:09] )
[2022-06-13 17:49:09] CDur(
[2022-06-13 17:49:09]   (features): Sequential(
[2022-06-13 17:49:09]     (0): Block2D(
[2022-06-13 17:49:09]       (block): Sequential(
[2022-06-13 17:49:09]         (0): BatchNorm2d(1, eps=1e-05, momentum=0.1, affine=True, track_running_stats=True)
[2022-06-13 17:49:09]         (1): Conv2d(1, 32, kernel_size=(3, 3), stride=(1, 1), padding=(1, 1), bias=False)
[2022-06-13 17:49:09]         (2): LeakyReLU(negative_slope=0.1, inplace=True)
[2022-06-13 17:49:09]       )
[2022-06-13 17:49:09]     )
[2022-06-13 17:49:09]     (1): LPPool2d(norm_type=4, kernel_size=(2, 4), stride=None, ceil_mode=False)
[2022-06-13 17:49:09]     (2): Block2D(
[2022-06-13 17:49:09]       (block): Sequential(
[2022-06-13 17:49:09]         (0): BatchNorm2d(32, eps=1e-05, momentum=0.1, affine=True, track_running_stats=True)
[2022-06-13 17:49:09]         (1): Conv2d(32, 128, kernel_size=(3, 3), stride=(1, 1), padding=(1, 1), bias=False)
[2022-06-13 17:49:09]         (2): LeakyReLU(negative_slope=0.1, inplace=True)
[2022-06-13 17:49:09]       )
[2022-06-13 17:49:09]     )
[2022-06-13 17:49:09]     (3): Block2D(
[2022-06-13 17:49:09]       (block): Sequential(
[2022-06-13 17:49:09]         (0): BatchNorm2d(128, eps=1e-05, momentum=0.1, affine=True, track_running_stats=True)
[2022-06-13 17:49:09]         (1): Conv2d(128, 128, kernel_size=(3, 3), stride=(1, 1), padding=(1, 1), bias=False)
[2022-06-13 17:49:09]         (2): LeakyReLU(negative_slope=0.1, inplace=True)
[2022-06-13 17:49:09]       )
[2022-06-13 17:49:09]     )
[2022-06-13 17:49:09]     (4): LPPool2d(norm_type=4, kernel_size=(2, 4), stride=None, ceil_mode=False)
[2022-06-13 17:49:09]     (5): Block2D(
[2022-06-13 17:49:09]       (block): Sequential(
[2022-06-13 17:49:09]         (0): BatchNorm2d(128, eps=1e-05, momentum=0.1, affine=True, track_running_stats=True)
[2022-06-13 17:49:09]         (1): Conv2d(128, 128, kernel_size=(3, 3), stride=(1, 1), padding=(1, 1), bias=False)
[2022-06-13 17:49:09]         (2): LeakyReLU(negative_slope=0.1, inplace=True)
[2022-06-13 17:49:09]       )
[2022-06-13 17:49:09]     )
[2022-06-13 17:49:09]     (6): Block2D(
[2022-06-13 17:49:09]       (block): Sequential(
[2022-06-13 17:49:09]         (0): BatchNorm2d(128, eps=1e-05, momentum=0.1, affine=True, track_running_stats=True)
[2022-06-13 17:49:09]         (1): Conv2d(128, 128, kernel_size=(3, 3), stride=(1, 1), padding=(1, 1), bias=False)
[2022-06-13 17:49:09]         (2): LeakyReLU(negative_slope=0.1, inplace=True)
[2022-06-13 17:49:09]       )
[2022-06-13 17:49:09]     )
[2022-06-13 17:49:09]     (7): LPPool2d(norm_type=4, kernel_size=(1, 4), stride=None, ceil_mode=False)
[2022-06-13 17:49:09]     (8): Dropout(p=0.3, inplace=False)
[2022-06-13 17:49:09]   )
[2022-06-13 17:49:09]   (gru): GRU(128, 128, batch_first=True, bidirectional=True)
[2022-06-13 17:49:09]   (temp_pool): LinearSoftPool()
[2022-06-13 17:49:09]   (outputlayer): Linear(in_features=256, out_features=10, bias=True)
[2022-06-13 17:49:09] )
[2022-06-13 17:49:20] Epoch 1   training_loss: 0.37  val_loss: 0.29  precision: 0.39  recall: 0.14  f1: 0.18
[2022-06-13 17:49:27] Epoch 2   training_loss: 0.28  val_loss: 0.23  precision: 0.53  recall: 0.30  f1: 0.37
[2022-06-13 17:49:35] Epoch 3   training_loss: 0.23  val_loss: 0.19  precision: 0.71  recall: 0.47  f1: 0.53
[2022-06-13 17:49:42] Epoch 4   training_loss: 0.20  val_loss: 0.18  precision: 0.89  recall: 0.45  f1: 0.53
[2022-06-13 17:49:49] Epoch 5   training_loss: 0.18  val_loss: 0.19  precision: 0.76  recall: 0.53  f1: 0.58
[2022-06-13 17:49:57] Epoch 6   training_loss: 0.17  val_loss: 0.17  precision: 0.82  recall: 0.53  f1: 0.59
[2022-06-13 17:50:04] Epoch 7   training_loss: 0.16  val_loss: 0.15  precision: 0.89  recall: 0.63  f1: 0.70
[2022-06-13 17:50:11] Epoch 8   training_loss: 0.14  val_loss: 0.20  precision: 0.76  recall: 0.65  f1: 0.65
[2022-06-13 17:50:18] Epoch 9   training_loss: 0.14  val_loss: 0.14  precision: 0.73  recall: 0.73  f1: 0.71
[2022-06-13 17:50:26] Epoch 10   training_loss: 0.13  val_loss: 0.15  precision: 0.73  recall: 0.64  f1: 0.66
[2022-06-13 17:50:33] Epoch 11   training_loss: 0.12  val_loss: 0.14  precision: 0.80  recall: 0.76  f1: 0.75
[2022-06-13 17:50:40] Epoch 12   training_loss: 0.11  val_loss: 0.13  precision: 0.85  recall: 0.76  f1: 0.79
[2022-06-13 17:50:47] Epoch 13   training_loss: 0.10  val_loss: 0.15  precision: 0.87  recall: 0.70  f1: 0.74
[2022-06-13 17:50:55] Epoch 14   training_loss: 0.10  val_loss: 0.15  precision: 0.86  recall: 0.81  f1: 0.82
[2022-06-13 17:51:01] Epoch 15   training_loss: 0.09  val_loss: 0.14  precision: 0.88  recall: 0.74  f1: 0.78
[2022-06-13 17:51:08] Epoch 16   training_loss: 0.09  val_loss: 0.12  precision: 0.85  recall: 0.81  f1: 0.82
[2022-06-13 17:51:14] Epoch 17   training_loss: 0.08  val_loss: 0.14  precision: 0.83  recall: 0.80  f1: 0.81
[2022-06-13 17:51:21] Epoch 18   training_loss: 0.08  val_loss: 0.17  precision: 0.80  recall: 0.78  f1: 0.74
[2022-06-13 17:51:27] Epoch 19   training_loss: 0.08  val_loss: 0.14  precision: 0.84  recall: 0.74  f1: 0.77
[2022-06-13 17:51:34] Epoch 20   training_loss: 0.07  val_loss: 0.13  precision: 0.82  recall: 0.74  f1: 0.76
[2022-06-13 17:51:41] Epoch 21   training_loss: 0.06  val_loss: 0.10  precision: 0.87  recall: 0.80  f1: 0.82
[2022-06-13 17:51:48] Epoch 22   training_loss: 0.05  val_loss: 0.11  precision: 0.87  recall: 0.79  f1: 0.82
[2022-06-13 17:51:54] Epoch 23   training_loss: 0.05  val_loss: 0.11  precision: 0.87  recall: 0.80  f1: 0.82
[2022-06-13 17:52:01] Epoch 24   training_loss: 0.05  val_loss: 0.11  precision: 0.85  recall: 0.81  f1: 0.82
[2022-06-13 17:52:08] Epoch 25   training_loss: 0.05  val_loss: 0.11  precision: 0.86  recall: 0.80  f1: 0.82
[2022-06-13 17:52:14] Epoch 26   training_loss: 0.05  val_loss: 0.11  precision: 0.87  recall: 0.83  f1: 0.84
[2022-06-13 17:52:21] Epoch 27   training_loss: 0.05  val_loss: 0.10  precision: 0.87  recall: 0.81  f1: 0.83
[2022-06-13 17:52:27] Epoch 28   training_loss: 0.05  val_loss: 0.11  precision: 0.85  recall: 0.81  f1: 0.82
