[2022-06-12 19:36:58] Storing files in experiments/CDur/2022-06-12_19-36-06_f7ba0177ea4311ec9d317c8ae1d4050f
[2022-06-12 19:36:58] data:
[2022-06-12 19:36:58]   class_indice_file: data/metadata/class_label_indices.txt
[2022-06-12 19:36:58]   feature: data/dev/feature.csv
[2022-06-12 19:36:58]   freaug: false
[2022-06-12 19:36:58]   freshift: true
[2022-06-12 19:36:58]   label: data/dev/label.csv
[2022-06-12 19:36:58]   mix: false
[2022-06-12 19:36:58]   specaug: false
[2022-06-12 19:36:58]   stratified: true
[2022-06-12 19:36:58]   timeshift: false
[2022-06-12 19:36:58] dataloader_args:
[2022-06-12 19:36:58]   batch_size: 64
[2022-06-12 19:36:58]   num_workers: 1
[2022-06-12 19:36:58] early_stop: 7
[2022-06-12 19:36:58] epochs: 500
[2022-06-12 19:36:58] loss: BceLoss
[2022-06-12 19:36:58] model:
[2022-06-12 19:36:58]   args: {}
[2022-06-12 19:36:58]   dropout: 0.0
[2022-06-12 19:36:58]   type: CDur
[2022-06-12 19:36:58] num_workers: 2
[2022-06-12 19:36:58] optimizer:
[2022-06-12 19:36:58]   args:
[2022-06-12 19:36:58]     lr: 0.001
[2022-06-12 19:36:58]   type: AdamW
[2022-06-12 19:36:58] outputpath: experiments/
[2022-06-12 19:36:58] postprocessing: triple
[2022-06-12 19:36:58] scheduler_args:
[2022-06-12 19:36:58]   factor: 0.1
[2022-06-12 19:36:58]   patience: 3
[2022-06-12 19:36:58] sct: true
[2022-06-12 19:36:58] 
[2022-06-12 19:36:58] Running on device cuda
[2022-06-12 19:37:02] AdamW (
[2022-06-12 19:37:02] Parameter Group 0
[2022-06-12 19:37:02]     amsgrad: False
[2022-06-12 19:37:02]     betas: (0.9, 0.999)
[2022-06-12 19:37:02]     eps: 1e-08
[2022-06-12 19:37:02]     lr: 0.001
[2022-06-12 19:37:02]     maximize: False
[2022-06-12 19:37:02]     weight_decay: 0.01
[2022-06-12 19:37:02] )
[2022-06-12 19:37:02] CDur(
[2022-06-12 19:37:02]   (features): Sequential(
[2022-06-12 19:37:02]     (0): Block2D(
[2022-06-12 19:37:02]       (block): Sequential(
[2022-06-12 19:37:02]         (0): BatchNorm2d(1, eps=1e-05, momentum=0.1, affine=True, track_running_stats=True)
[2022-06-12 19:37:02]         (1): Conv2d(1, 32, kernel_size=(3, 3), stride=(1, 1), padding=(1, 1), bias=False)
[2022-06-12 19:37:02]         (2): LeakyReLU(negative_slope=0.1, inplace=True)
[2022-06-12 19:37:02]       )
[2022-06-12 19:37:02]     )
[2022-06-12 19:37:02]     (1): LPPool2d(norm_type=4, kernel_size=(2, 4), stride=None, ceil_mode=False)
[2022-06-12 19:37:02]     (2): Block2D(
[2022-06-12 19:37:02]       (block): Sequential(
[2022-06-12 19:37:02]         (0): BatchNorm2d(32, eps=1e-05, momentum=0.1, affine=True, track_running_stats=True)
[2022-06-12 19:37:02]         (1): Conv2d(32, 128, kernel_size=(3, 3), stride=(1, 1), padding=(1, 1), bias=False)
[2022-06-12 19:37:02]         (2): LeakyReLU(negative_slope=0.1, inplace=True)
[2022-06-12 19:37:02]       )
[2022-06-12 19:37:02]     )
[2022-06-12 19:37:02]     (3): Block2D(
[2022-06-12 19:37:02]       (block): Sequential(
[2022-06-12 19:37:02]         (0): BatchNorm2d(128, eps=1e-05, momentum=0.1, affine=True, track_running_stats=True)
[2022-06-12 19:37:02]         (1): Conv2d(128, 128, kernel_size=(3, 3), stride=(1, 1), padding=(1, 1), bias=False)
[2022-06-12 19:37:02]         (2): LeakyReLU(negative_slope=0.1, inplace=True)
[2022-06-12 19:37:02]       )
[2022-06-12 19:37:02]     )
[2022-06-12 19:37:02]     (4): LPPool2d(norm_type=4, kernel_size=(2, 4), stride=None, ceil_mode=False)
[2022-06-12 19:37:02]     (5): Block2D(
[2022-06-12 19:37:02]       (block): Sequential(
[2022-06-12 19:37:02]         (0): BatchNorm2d(128, eps=1e-05, momentum=0.1, affine=True, track_running_stats=True)
[2022-06-12 19:37:02]         (1): Conv2d(128, 128, kernel_size=(3, 3), stride=(1, 1), padding=(1, 1), bias=False)
[2022-06-12 19:37:02]         (2): LeakyReLU(negative_slope=0.1, inplace=True)
[2022-06-12 19:37:02]       )
[2022-06-12 19:37:02]     )
[2022-06-12 19:37:02]     (6): Block2D(
[2022-06-12 19:37:02]       (block): Sequential(
[2022-06-12 19:37:02]         (0): BatchNorm2d(128, eps=1e-05, momentum=0.1, affine=True, track_running_stats=True)
[2022-06-12 19:37:02]         (1): Conv2d(128, 128, kernel_size=(3, 3), stride=(1, 1), padding=(1, 1), bias=False)
[2022-06-12 19:37:02]         (2): LeakyReLU(negative_slope=0.1, inplace=True)
[2022-06-12 19:37:02]       )
[2022-06-12 19:37:02]     )
[2022-06-12 19:37:02]     (7): LPPool2d(norm_type=4, kernel_size=(1, 4), stride=None, ceil_mode=False)
[2022-06-12 19:37:02]     (8): Dropout(p=0.3, inplace=False)
[2022-06-12 19:37:02]   )
[2022-06-12 19:37:02]   (gru): GRU(128, 128, batch_first=True, bidirectional=True)
[2022-06-12 19:37:02]   (temp_pool): LinearSoftPool()
[2022-06-12 19:37:02]   (outputlayer): Linear(in_features=256, out_features=10, bias=True)
[2022-06-12 19:37:02] )
[2022-06-12 19:37:11] Epoch 1   training_loss: 0.36  val_loss: 0.30  precision: 0.24  recall: 0.13  f1: 0.16
[2022-06-12 19:37:17] Epoch 2   training_loss: 0.26  val_loss: 0.24  precision: 0.73  recall: 0.40  f1: 0.50
[2022-06-12 19:37:24] Epoch 3   training_loss: 0.22  val_loss: 0.20  precision: 0.71  recall: 0.46  f1: 0.52
[2022-06-12 19:37:32] Epoch 4   training_loss: 0.19  val_loss: 0.18  precision: 0.80  recall: 0.54  f1: 0.61
[2022-06-12 19:37:39] Epoch 5   training_loss: 0.17  val_loss: 0.17  precision: 0.86  recall: 0.56  f1: 0.66
[2022-06-12 19:37:46] Epoch 6   training_loss: 0.16  val_loss: 0.16  precision: 0.78  recall: 0.58  f1: 0.65
[2022-06-12 19:37:53] Epoch 7   training_loss: 0.14  val_loss: 0.19  precision: 0.81  recall: 0.59  f1: 0.65
[2022-06-12 19:37:59] Epoch 8   training_loss: 0.13  val_loss: 0.15  precision: 0.82  recall: 0.63  f1: 0.70
[2022-06-12 19:38:06] Epoch 9   training_loss: 0.12  val_loss: 0.15  precision: 0.86  recall: 0.73  f1: 0.77
[2022-06-12 19:38:13] Epoch 10   training_loss: 0.12  val_loss: 0.14  precision: 0.79  recall: 0.68  f1: 0.71
[2022-06-12 19:38:20] Epoch 11   training_loss: 0.11  val_loss: 0.15  precision: 0.80  recall: 0.76  f1: 0.75
[2022-06-12 19:38:26] Epoch 12   training_loss: 0.10  val_loss: 0.14  precision: 0.83  recall: 0.76  f1: 0.76
[2022-06-12 19:38:33] Epoch 13   training_loss: 0.10  val_loss: 0.15  precision: 0.82  recall: 0.71  f1: 0.74
[2022-06-12 19:38:40] Epoch 14   training_loss: 0.09  val_loss: 0.13  precision: 0.84  recall: 0.74  f1: 0.76
[2022-06-12 19:38:45] Epoch 15   training_loss: 0.08  val_loss: 0.11  precision: 0.81  recall: 0.76  f1: 0.76
[2022-06-12 19:38:50] Epoch 16   training_loss: 0.08  val_loss: 0.13  precision: 0.84  recall: 0.76  f1: 0.78
[2022-06-12 19:38:55] Epoch 17   training_loss: 0.08  val_loss: 0.16  precision: 0.87  recall: 0.71  f1: 0.76
[2022-06-12 19:39:01] Epoch 18   training_loss: 0.07  val_loss: 0.15  precision: 0.82  recall: 0.72  f1: 0.75
[2022-06-12 19:39:07] Epoch 19   training_loss: 0.07  val_loss: 0.13  precision: 0.83  recall: 0.78  f1: 0.79
[2022-06-12 19:39:13] Epoch 20   training_loss: 0.06  val_loss: 0.11  precision: 0.86  recall: 0.80  f1: 0.83
[2022-06-12 19:39:19] Epoch 21   training_loss: 0.05  val_loss: 0.11  precision: 0.86  recall: 0.81  f1: 0.83
[2022-06-12 19:39:24] Epoch 22   training_loss: 0.05  val_loss: 0.11  precision: 0.85  recall: 0.81  f1: 0.82
[2022-06-12 19:39:30] Epoch 23   training_loss: 0.05  val_loss: 0.11  precision: 0.85  recall: 0.81  f1: 0.83
[2022-06-12 19:39:35] Epoch 24   training_loss: 0.05  val_loss: 0.11  precision: 0.85  recall: 0.81  f1: 0.82
[2022-06-12 19:39:41] Epoch 25   training_loss: 0.04  val_loss: 0.11  precision: 0.86  recall: 0.82  f1: 0.83
[2022-06-12 19:39:46] Epoch 26   training_loss: 0.05  val_loss: 0.11  precision: 0.85  recall: 0.82  f1: 0.83
[2022-06-12 19:39:51] Epoch 27   training_loss: 0.05  val_loss: 0.11  precision: 0.85  recall: 0.81  f1: 0.82
