[2022-06-12 18:56:23] Storing files in experiments/CDur/2022-06-12_18-56-06_4c69b9a3ea3e11eca8ec7c8ae1d4050f
[2022-06-12 18:56:23] data:
[2022-06-12 18:56:23]   class_indice_file: data/metadata/class_label_indices.txt
[2022-06-12 18:56:23]   feature: data/dev/feature.csv
[2022-06-12 18:56:23]   freaug: false
[2022-06-12 18:56:23]   freshift: true
[2022-06-12 18:56:23]   label: data/dev/label.csv
[2022-06-12 18:56:23]   mix: false
[2022-06-12 18:56:23]   specaug: false
[2022-06-12 18:56:23]   stratified: true
[2022-06-12 18:56:23]   timeshift: false
[2022-06-12 18:56:23] dataloader_args:
[2022-06-12 18:56:23]   batch_size: 64
[2022-06-12 18:56:23]   num_workers: 1
[2022-06-12 18:56:23] early_stop: 7
[2022-06-12 18:56:23] epochs: 500
[2022-06-12 18:56:23] loss: BceLoss
[2022-06-12 18:56:23] model:
[2022-06-12 18:56:23]   args: {}
[2022-06-12 18:56:23]   dropout: 0.0
[2022-06-12 18:56:23]   type: CDur
[2022-06-12 18:56:23] num_workers: 2
[2022-06-12 18:56:23] optimizer:
[2022-06-12 18:56:23]   args:
[2022-06-12 18:56:23]     lr: 0.001
[2022-06-12 18:56:23]   type: AdamW
[2022-06-12 18:56:23] outputpath: experiments/
[2022-06-12 18:56:23] postprocessing: triple
[2022-06-12 18:56:23] scheduler_args:
[2022-06-12 18:56:23]   factor: 0.1
[2022-06-12 18:56:23]   patience: 3
[2022-06-12 18:56:23] sct: true
[2022-06-12 18:56:23] 
[2022-06-12 18:56:23] Running on device cuda
[2022-06-12 18:56:27] AdamW (
[2022-06-12 18:56:27] Parameter Group 0
[2022-06-12 18:56:27]     amsgrad: False
[2022-06-12 18:56:27]     betas: (0.9, 0.999)
[2022-06-12 18:56:27]     eps: 1e-08
[2022-06-12 18:56:27]     lr: 0.001
[2022-06-12 18:56:27]     maximize: False
[2022-06-12 18:56:27]     weight_decay: 0.01
[2022-06-12 18:56:27] )
[2022-06-12 18:56:27] CDur(
[2022-06-12 18:56:27]   (features): Sequential(
[2022-06-12 18:56:27]     (0): Block2D(
[2022-06-12 18:56:27]       (block): Sequential(
[2022-06-12 18:56:27]         (0): BatchNorm2d(1, eps=1e-05, momentum=0.1, affine=True, track_running_stats=True)
[2022-06-12 18:56:27]         (1): Conv2d(1, 32, kernel_size=(3, 3), stride=(1, 1), padding=(1, 1), bias=False)
[2022-06-12 18:56:27]         (2): LeakyReLU(negative_slope=0.1, inplace=True)
[2022-06-12 18:56:27]       )
[2022-06-12 18:56:27]     )
[2022-06-12 18:56:27]     (1): LPPool2d(norm_type=4, kernel_size=(2, 4), stride=None, ceil_mode=False)
[2022-06-12 18:56:27]     (2): Block2D(
[2022-06-12 18:56:27]       (block): Sequential(
[2022-06-12 18:56:27]         (0): BatchNorm2d(32, eps=1e-05, momentum=0.1, affine=True, track_running_stats=True)
[2022-06-12 18:56:27]         (1): Conv2d(32, 128, kernel_size=(3, 3), stride=(1, 1), padding=(1, 1), bias=False)
[2022-06-12 18:56:27]         (2): LeakyReLU(negative_slope=0.1, inplace=True)
[2022-06-12 18:56:27]       )
[2022-06-12 18:56:27]     )
[2022-06-12 18:56:27]     (3): Block2D(
[2022-06-12 18:56:27]       (block): Sequential(
[2022-06-12 18:56:27]         (0): BatchNorm2d(128, eps=1e-05, momentum=0.1, affine=True, track_running_stats=True)
[2022-06-12 18:56:27]         (1): Conv2d(128, 128, kernel_size=(3, 3), stride=(1, 1), padding=(1, 1), bias=False)
[2022-06-12 18:56:27]         (2): LeakyReLU(negative_slope=0.1, inplace=True)
[2022-06-12 18:56:27]       )
[2022-06-12 18:56:27]     )
[2022-06-12 18:56:27]     (4): LPPool2d(norm_type=4, kernel_size=(2, 4), stride=None, ceil_mode=False)
[2022-06-12 18:56:27]     (5): Block2D(
[2022-06-12 18:56:27]       (block): Sequential(
[2022-06-12 18:56:27]         (0): BatchNorm2d(128, eps=1e-05, momentum=0.1, affine=True, track_running_stats=True)
[2022-06-12 18:56:27]         (1): Conv2d(128, 128, kernel_size=(3, 3), stride=(1, 1), padding=(1, 1), bias=False)
[2022-06-12 18:56:27]         (2): LeakyReLU(negative_slope=0.1, inplace=True)
[2022-06-12 18:56:27]       )
[2022-06-12 18:56:27]     )
[2022-06-12 18:56:27]     (6): Block2D(
[2022-06-12 18:56:27]       (block): Sequential(
[2022-06-12 18:56:27]         (0): BatchNorm2d(128, eps=1e-05, momentum=0.1, affine=True, track_running_stats=True)
[2022-06-12 18:56:27]         (1): Conv2d(128, 128, kernel_size=(3, 3), stride=(1, 1), padding=(1, 1), bias=False)
[2022-06-12 18:56:27]         (2): LeakyReLU(negative_slope=0.1, inplace=True)
[2022-06-12 18:56:27]       )
[2022-06-12 18:56:27]     )
[2022-06-12 18:56:27]     (7): LPPool2d(norm_type=4, kernel_size=(1, 4), stride=None, ceil_mode=False)
[2022-06-12 18:56:27]     (8): Dropout(p=0.3, inplace=False)
[2022-06-12 18:56:27]   )
[2022-06-12 18:56:27]   (gru): GRU(128, 128, batch_first=True, bidirectional=True)
[2022-06-12 18:56:27]   (temp_pool): LinearSoftPool()
[2022-06-12 18:56:27]   (outputlayer): Linear(in_features=256, out_features=10, bias=True)
[2022-06-12 18:56:27] )
[2022-06-12 18:56:35] Epoch 1   training_loss: 0.36  val_loss: 0.32  precision: 0.44  recall: 0.20  f1: 0.25
[2022-06-12 18:56:40] Epoch 2   training_loss: 0.28  val_loss: 0.26  precision: 0.61  recall: 0.30  f1: 0.38
[2022-06-12 18:56:46] Epoch 3   training_loss: 0.23  val_loss: 0.20  precision: 0.73  recall: 0.49  f1: 0.56
[2022-06-12 18:56:51] Epoch 4   training_loss: 0.20  val_loss: 0.18  precision: 0.72  recall: 0.51  f1: 0.58
[2022-06-12 18:56:56] Epoch 5   training_loss: 0.18  val_loss: 0.16  precision: 0.82  recall: 0.65  f1: 0.70
[2022-06-12 18:57:01] Epoch 6   training_loss: 0.17  val_loss: 0.14  precision: 0.88  recall: 0.66  f1: 0.73
[2022-06-12 18:57:07] Epoch 7   training_loss: 0.15  val_loss: 0.14  precision: 0.82  recall: 0.70  f1: 0.73
[2022-06-12 18:57:12] Epoch 8   training_loss: 0.14  val_loss: 0.16  precision: 0.84  recall: 0.61  f1: 0.67
[2022-06-12 18:57:17] Epoch 9   training_loss: 0.13  val_loss: 0.14  precision: 0.82  recall: 0.67  f1: 0.72
[2022-06-12 18:57:23] Epoch 10   training_loss: 0.12  val_loss: 0.18  precision: 0.81  recall: 0.65  f1: 0.68
[2022-06-12 18:57:28] Epoch 11   training_loss: 0.10  val_loss: 0.11  precision: 0.86  recall: 0.72  f1: 0.77
[2022-06-12 18:57:33] Epoch 12   training_loss: 0.10  val_loss: 0.11  precision: 0.88  recall: 0.74  f1: 0.79
[2022-06-12 18:57:39] Epoch 13   training_loss: 0.09  val_loss: 0.11  precision: 0.85  recall: 0.71  f1: 0.76
[2022-06-12 18:57:44] Epoch 14   training_loss: 0.09  val_loss: 0.11  precision: 0.86  recall: 0.72  f1: 0.77
[2022-06-12 18:57:50] Epoch 15   training_loss: 0.09  val_loss: 0.10  precision: 0.88  recall: 0.74  f1: 0.79
[2022-06-12 18:57:55] Epoch 16   training_loss: 0.09  val_loss: 0.11  precision: 0.86  recall: 0.75  f1: 0.79
[2022-06-12 18:58:00] Epoch 17   training_loss: 0.08  val_loss: 0.10  precision: 0.88  recall: 0.79  f1: 0.82
[2022-06-12 18:58:05] Epoch 18   training_loss: 0.08  val_loss: 0.10  precision: 0.89  recall: 0.77  f1: 0.81
[2022-06-12 18:58:10] Epoch 19   training_loss: 0.08  val_loss: 0.11  precision: 0.88  recall: 0.77  f1: 0.81
[2022-06-12 18:58:15] Epoch 20   training_loss: 0.08  val_loss: 0.11  precision: 0.88  recall: 0.79  f1: 0.82
[2022-06-12 18:58:20] Epoch 21   training_loss: 0.08  val_loss: 0.10  precision: 0.88  recall: 0.77  f1: 0.81
[2022-06-12 18:58:25] Epoch 22   training_loss: 0.08  val_loss: 0.10  precision: 0.89  recall: 0.78  f1: 0.82
[2022-06-12 18:58:31] Epoch 23   training_loss: 0.08  val_loss: 0.10  precision: 0.89  recall: 0.79  f1: 0.83
[2022-06-12 18:58:36] Epoch 24   training_loss: 0.08  val_loss: 0.10  precision: 0.90  recall: 0.77  f1: 0.82
[2022-06-12 18:58:42] Epoch 25   training_loss: 0.07  val_loss: 0.10  precision: 0.88  recall: 0.79  f1: 0.82
[2022-06-12 18:58:47] Epoch 26   training_loss: 0.07  val_loss: 0.10  precision: 0.87  recall: 0.77  f1: 0.80
[2022-06-12 18:58:52] Epoch 27   training_loss: 0.07  val_loss: 0.11  precision: 0.87  recall: 0.82  f1: 0.83
[2022-06-12 18:58:57] Epoch 28   training_loss: 0.07  val_loss: 0.10  precision: 0.88  recall: 0.81  f1: 0.84
[2022-06-12 18:59:03] Epoch 29   training_loss: 0.07  val_loss: 0.10  precision: 0.89  recall: 0.81  f1: 0.84
[2022-06-12 18:59:08] Epoch 30   training_loss: 0.07  val_loss: 0.10  precision: 0.90  recall: 0.80  f1: 0.84
[2022-06-12 18:59:13] Epoch 31   training_loss: 0.07  val_loss: 0.10  precision: 0.90  recall: 0.80  f1: 0.84
[2022-06-12 18:59:19] Epoch 32   training_loss: 0.07  val_loss: 0.10  precision: 0.89  recall: 0.81  f1: 0.84
[2022-06-12 18:59:24] Epoch 33   training_loss: 0.07  val_loss: 0.10  precision: 0.89  recall: 0.81  f1: 0.84
[2022-06-12 18:59:29] Epoch 34   training_loss: 0.07  val_loss: 0.10  precision: 0.89  recall: 0.82  f1: 0.84
[2022-06-12 18:59:34] Epoch 35   training_loss: 0.07  val_loss: 0.10  precision: 0.89  recall: 0.82  f1: 0.84
[2022-06-12 18:59:40] Epoch 36   training_loss: 0.07  val_loss: 0.10  precision: 0.89  recall: 0.81  f1: 0.84
[2022-06-12 18:59:45] Epoch 37   training_loss: 0.07  val_loss: 0.10  precision: 0.88  recall: 0.79  f1: 0.82
[2022-06-12 18:59:50] Epoch 38   training_loss: 0.07  val_loss: 0.10  precision: 0.88  recall: 0.80  f1: 0.83
[2022-06-12 18:59:55] Epoch 39   training_loss: 0.07  val_loss: 0.10  precision: 0.89  recall: 0.82  f1: 0.85
[2022-06-12 19:00:01] Epoch 40   training_loss: 0.07  val_loss: 0.10  precision: 0.90  recall: 0.82  f1: 0.85
[2022-06-12 19:00:07] Epoch 41   training_loss: 0.07  val_loss: 0.10  precision: 0.89  recall: 0.80  f1: 0.83
