[2022-06-14 02:49:08] Storing files in experiments/CDur/2022-06-14_02-49-06_81f3fd50eb4911ec85b57c8ae1d40299
[2022-06-14 02:49:08] data:
[2022-06-14 02:49:08]   class_indice_file: data/metadata/class_label_indices.txt
[2022-06-14 02:49:08]   feature: data/dev/feature.csv
[2022-06-14 02:49:08]   freaug: false
[2022-06-14 02:49:08]   freshift: true
[2022-06-14 02:49:08]   label: data/dev/label.csv
[2022-06-14 02:49:08]   mix: false
[2022-06-14 02:49:08]   specaug: false
[2022-06-14 02:49:08]   stratified: true
[2022-06-14 02:49:08]   timeshift: false
[2022-06-14 02:49:08] dataloader_args:
[2022-06-14 02:49:08]   batch_size: 64
[2022-06-14 02:49:08]   num_workers: 1
[2022-06-14 02:49:08] early_stop: 7
[2022-06-14 02:49:08] epochs: 500
[2022-06-14 02:49:08] loss: BceLoss
[2022-06-14 02:49:08] model:
[2022-06-14 02:49:08]   args: {}
[2022-06-14 02:49:08]   dropout: 0.0
[2022-06-14 02:49:08]   type: CDur
[2022-06-14 02:49:08] num_workers: 2
[2022-06-14 02:49:08] optimizer:
[2022-06-14 02:49:08]   args:
[2022-06-14 02:49:08]     lr: 0.001
[2022-06-14 02:49:08]   type: AdamW
[2022-06-14 02:49:08] outputpath: experiments/
[2022-06-14 02:49:08] postprocessing: triple
[2022-06-14 02:49:08] scheduler_args:
[2022-06-14 02:49:08]   factor: 0.1
[2022-06-14 02:49:08]   patience: 3
[2022-06-14 02:49:08] sct: true
[2022-06-14 02:49:08] 
[2022-06-14 02:49:08] Running on device cuda
