[2022-06-12 21:23:21] Storing files in experiments/CDur/2022-06-12_21-23-06_d497cec0ea5211ecaa447c8ae1d40299
[2022-06-12 21:23:21] data:
[2022-06-12 21:23:21]   class_indice_file: data/metadata/class_label_indices.txt
[2022-06-12 21:23:21]   feature: data/dev/feature.csv
[2022-06-12 21:23:21]   freaug: false
[2022-06-12 21:23:21]   freshift: true
[2022-06-12 21:23:21]   label: data/dev/label.csv
[2022-06-12 21:23:21]   mix: false
[2022-06-12 21:23:21]   specaug: false
[2022-06-12 21:23:21]   stratified: true
[2022-06-12 21:23:21]   timeshift: false
[2022-06-12 21:23:21] dataloader_args:
[2022-06-12 21:23:21]   batch_size: 64
[2022-06-12 21:23:21]   num_workers: 1
[2022-06-12 21:23:21] early_stop: 7
[2022-06-12 21:23:21] epochs: 500
[2022-06-12 21:23:21] loss: BceLoss
[2022-06-12 21:23:21] model:
[2022-06-12 21:23:21]   args: {}
[2022-06-12 21:23:21]   dropout: 0.0
[2022-06-12 21:23:21]   type: CDur
[2022-06-12 21:23:21] num_workers: 2
[2022-06-12 21:23:21] optimizer:
[2022-06-12 21:23:21]   args:
[2022-06-12 21:23:21]     lr: 0.001
[2022-06-12 21:23:21]   type: AdamW
[2022-06-12 21:23:21] outputpath: experiments/
[2022-06-12 21:23:21] postprocessing: triple
[2022-06-12 21:23:21] scheduler_args:
[2022-06-12 21:23:21]   factor: 0.1
[2022-06-12 21:23:21]   patience: 3
[2022-06-12 21:23:21] sct: true
[2022-06-12 21:23:21] 
[2022-06-12 21:23:21] Running on device cuda
[2022-06-12 21:23:26] AdamW (
[2022-06-12 21:23:26] Parameter Group 0
[2022-06-12 21:23:26]     amsgrad: False
[2022-06-12 21:23:26]     betas: (0.9, 0.999)
[2022-06-12 21:23:26]     eps: 1e-08
[2022-06-12 21:23:26]     lr: 0.001
[2022-06-12 21:23:26]     maximize: False
[2022-06-12 21:23:26]     weight_decay: 0.01
[2022-06-12 21:23:26] )
[2022-06-12 21:23:26] CDur(
[2022-06-12 21:23:26]   (features): Sequential(
[2022-06-12 21:23:26]     (0): Block2D(
[2022-06-12 21:23:26]       (block): Sequential(
[2022-06-12 21:23:26]         (0): BatchNorm2d(1, eps=1e-05, momentum=0.1, affine=True, track_running_stats=True)
[2022-06-12 21:23:26]         (1): Conv2d(1, 32, kernel_size=(3, 3), stride=(1, 1), padding=(1, 1), bias=False)
[2022-06-12 21:23:26]         (2): LeakyReLU(negative_slope=0.1, inplace=True)
[2022-06-12 21:23:26]       )
[2022-06-12 21:23:26]     )
[2022-06-12 21:23:26]     (1): LPPool2d(norm_type=4, kernel_size=(2, 4), stride=None, ceil_mode=False)
[2022-06-12 21:23:26]     (2): Block2D(
[2022-06-12 21:23:26]       (block): Sequential(
[2022-06-12 21:23:26]         (0): BatchNorm2d(32, eps=1e-05, momentum=0.1, affine=True, track_running_stats=True)
[2022-06-12 21:23:26]         (1): Conv2d(32, 128, kernel_size=(3, 3), stride=(1, 1), padding=(1, 1), bias=False)
[2022-06-12 21:23:26]         (2): LeakyReLU(negative_slope=0.1, inplace=True)
[2022-06-12 21:23:26]       )
[2022-06-12 21:23:26]     )
[2022-06-12 21:23:26]     (3): Block2D(
[2022-06-12 21:23:26]       (block): Sequential(
[2022-06-12 21:23:26]         (0): BatchNorm2d(128, eps=1e-05, momentum=0.1, affine=True, track_running_stats=True)
[2022-06-12 21:23:26]         (1): Conv2d(128, 128, kernel_size=(3, 3), stride=(1, 1), padding=(1, 1), bias=False)
[2022-06-12 21:23:26]         (2): LeakyReLU(negative_slope=0.1, inplace=True)
[2022-06-12 21:23:26]       )
[2022-06-12 21:23:26]     )
[2022-06-12 21:23:26]     (4): LPPool2d(norm_type=4, kernel_size=(2, 4), stride=None, ceil_mode=False)
[2022-06-12 21:23:26]     (5): Block2D(
[2022-06-12 21:23:26]       (block): Sequential(
[2022-06-12 21:23:26]         (0): BatchNorm2d(128, eps=1e-05, momentum=0.1, affine=True, track_running_stats=True)
[2022-06-12 21:23:26]         (1): Conv2d(128, 128, kernel_size=(3, 3), stride=(1, 1), padding=(1, 1), bias=False)
[2022-06-12 21:23:26]         (2): LeakyReLU(negative_slope=0.1, inplace=True)
[2022-06-12 21:23:26]       )
[2022-06-12 21:23:26]     )
[2022-06-12 21:23:26]     (6): Block2D(
[2022-06-12 21:23:26]       (block): Sequential(
[2022-06-12 21:23:26]         (0): BatchNorm2d(128, eps=1e-05, momentum=0.1, affine=True, track_running_stats=True)
[2022-06-12 21:23:26]         (1): Conv2d(128, 128, kernel_size=(3, 3), stride=(1, 1), padding=(1, 1), bias=False)
[2022-06-12 21:23:26]         (2): LeakyReLU(negative_slope=0.1, inplace=True)
[2022-06-12 21:23:26]       )
[2022-06-12 21:23:26]     )
[2022-06-12 21:23:26]     (7): LPPool2d(norm_type=4, kernel_size=(1, 4), stride=None, ceil_mode=False)
[2022-06-12 21:23:26]     (8): Dropout(p=0.3, inplace=False)
[2022-06-12 21:23:26]   )
[2022-06-12 21:23:26]   (gru): GRU(128, 128, batch_first=True, bidirectional=True)
[2022-06-12 21:23:26]   (temp_pool): LinearSoftPool()
[2022-06-12 21:23:26]   (outputlayer): Linear(in_features=256, out_features=10, bias=True)
[2022-06-12 21:23:26] )
[2022-06-12 21:23:36] Epoch 1   training_loss: 0.37  val_loss: 0.28  precision: 0.39  recall: 0.14  f1: 0.18
[2022-06-12 21:23:44] Epoch 2   training_loss: 0.28  val_loss: 0.23  precision: 0.53  recall: 0.31  f1: 0.38
[2022-06-12 21:23:51] Epoch 3   training_loss: 0.24  val_loss: 0.19  precision: 0.70  recall: 0.46  f1: 0.52
[2022-06-12 21:23:59] Epoch 4   training_loss: 0.20  val_loss: 0.17  precision: 0.87  recall: 0.48  f1: 0.56
[2022-06-12 21:24:05] Epoch 5   training_loss: 0.18  val_loss: 0.18  precision: 0.85  recall: 0.48  f1: 0.56
[2022-06-12 21:24:13] Epoch 6   training_loss: 0.17  val_loss: 0.16  precision: 0.84  recall: 0.58  f1: 0.66
[2022-06-12 21:24:19] Epoch 7   training_loss: 0.16  val_loss: 0.14  precision: 0.92  recall: 0.59  f1: 0.68
[2022-06-12 21:24:26] Epoch 8   training_loss: 0.14  val_loss: 0.20  precision: 0.74  recall: 0.65  f1: 0.65
[2022-06-12 21:24:33] Epoch 9   training_loss: 0.14  val_loss: 0.14  precision: 0.81  recall: 0.71  f1: 0.70
[2022-06-12 21:24:40] Epoch 10   training_loss: 0.13  val_loss: 0.14  precision: 0.78  recall: 0.67  f1: 0.69
[2022-06-12 21:24:48] Epoch 11   training_loss: 0.12  val_loss: 0.13  precision: 0.82  recall: 0.74  f1: 0.75
[2022-06-12 21:24:55] Epoch 12   training_loss: 0.11  val_loss: 0.13  precision: 0.85  recall: 0.78  f1: 0.80
[2022-06-12 21:25:04] Epoch 13   training_loss: 0.11  val_loss: 0.15  precision: 0.85  recall: 0.65  f1: 0.70
[2022-06-12 21:25:11] Epoch 14   training_loss: 0.10  val_loss: 0.13  precision: 0.87  recall: 0.82  f1: 0.84
[2022-06-12 21:25:19] Epoch 15   training_loss: 0.10  val_loss: 0.13  precision: 0.87  recall: 0.74  f1: 0.78
[2022-06-12 21:25:26] Epoch 16   training_loss: 0.09  val_loss: 0.12  precision: 0.87  recall: 0.80  f1: 0.82
[2022-06-12 21:25:33] Epoch 17   training_loss: 0.08  val_loss: 0.16  precision: 0.78  recall: 0.74  f1: 0.74
[2022-06-12 21:25:41] Epoch 18   training_loss: 0.08  val_loss: 0.16  precision: 0.81  recall: 0.80  f1: 0.77
[2022-06-12 21:25:48] Epoch 19   training_loss: 0.08  val_loss: 0.13  precision: 0.86  recall: 0.77  f1: 0.79
[2022-06-12 21:25:56] Epoch 20   training_loss: 0.08  val_loss: 0.11  precision: 0.86  recall: 0.75  f1: 0.79
[2022-06-12 21:26:03] Epoch 21   training_loss: 0.07  val_loss: 0.16  precision: 0.83  recall: 0.77  f1: 0.77
[2022-06-12 21:26:11] Epoch 22   training_loss: 0.07  val_loss: 0.13  precision: 0.85  recall: 0.79  f1: 0.81
[2022-06-12 21:26:18] Epoch 23   training_loss: 0.06  val_loss: 0.12  precision: 0.86  recall: 0.82  f1: 0.83
[2022-06-12 21:26:26] Epoch 24   training_loss: 0.06  val_loss: 0.13  precision: 0.87  recall: 0.76  f1: 0.81
[2022-06-12 21:26:33] Epoch 25   training_loss: 0.05  val_loss: 0.12  precision: 0.85  recall: 0.81  f1: 0.82
[2022-06-12 21:26:40] Epoch 26   training_loss: 0.04  val_loss: 0.11  precision: 0.86  recall: 0.82  f1: 0.83
[2022-06-12 21:26:47] Epoch 27   training_loss: 0.04  val_loss: 0.11  precision: 0.88  recall: 0.81  f1: 0.83
[2022-06-12 21:26:54] Epoch 28   training_loss: 0.04  val_loss: 0.11  precision: 0.85  recall: 0.82  f1: 0.82
[2022-06-12 21:27:02] Epoch 29   training_loss: 0.04  val_loss: 0.11  precision: 0.85  recall: 0.82  f1: 0.83
[2022-06-12 21:27:07] Epoch 30   training_loss: 0.04  val_loss: 0.12  precision: 0.86  recall: 0.82  f1: 0.83
[2022-06-12 21:27:15] Epoch 31   training_loss: 0.04  val_loss: 0.11  precision: 0.85  recall: 0.82  f1: 0.83
[2022-06-12 21:27:21] Epoch 32   training_loss: 0.04  val_loss: 0.12  precision: 0.84  recall: 0.81  f1: 0.82
[2022-06-12 21:27:26] Epoch 33   training_loss: 0.04  val_loss: 0.12  precision: 0.84  recall: 0.82  f1: 0.82
[2022-06-12 21:27:31] Epoch 34   training_loss: 0.04  val_loss: 0.11  precision: 0.85  recall: 0.81  f1: 0.82
