[2022-06-13 17:53:39] Storing files in experiments/CDur/2022-06-13_17-53-06_b37048feeafe11ecaa447c8ae1d40eab
[2022-06-13 17:53:39] data:
[2022-06-13 17:53:39]   class_indice_file: data/metadata/class_label_indices.txt
[2022-06-13 17:53:39]   feature: data/dev/feature.csv
[2022-06-13 17:53:39]   freaug: false
[2022-06-13 17:53:39]   freshift: true
[2022-06-13 17:53:39]   label: data/dev/label.csv
[2022-06-13 17:53:39]   mix: false
[2022-06-13 17:53:39]   specaug: false
[2022-06-13 17:53:39]   stratified: true
[2022-06-13 17:53:39]   timeshift: false
[2022-06-13 17:53:39] dataloader_args:
[2022-06-13 17:53:39]   batch_size: 64
[2022-06-13 17:53:39]   num_workers: 1
[2022-06-13 17:53:39] early_stop: 7
[2022-06-13 17:53:39] epochs: 500
[2022-06-13 17:53:39] loss: BceLoss
[2022-06-13 17:53:39] model:
[2022-06-13 17:53:39]   args: {}
[2022-06-13 17:53:39]   dropout: 0.0
[2022-06-13 17:53:39]   type: CDur
[2022-06-13 17:53:39] num_workers: 2
[2022-06-13 17:53:39] optimizer:
[2022-06-13 17:53:39]   args:
[2022-06-13 17:53:39]     lr: 0.001
[2022-06-13 17:53:39]   type: AdamW
[2022-06-13 17:53:39] outputpath: experiments/
[2022-06-13 17:53:39] postprocessing: triple
[2022-06-13 17:53:39] scheduler_args:
[2022-06-13 17:53:39]   factor: 0.1
[2022-06-13 17:53:39]   patience: 3
[2022-06-13 17:53:39] sct: true
[2022-06-13 17:53:39] 
[2022-06-13 17:53:39] Running on device cpu
[2022-06-13 17:53:40] AdamW (
[2022-06-13 17:53:40] Parameter Group 0
[2022-06-13 17:53:40]     amsgrad: False
[2022-06-13 17:53:40]     betas: (0.9, 0.999)
[2022-06-13 17:53:40]     eps: 1e-08
[2022-06-13 17:53:40]     lr: 0.001
[2022-06-13 17:53:40]     maximize: False
[2022-06-13 17:53:40]     weight_decay: 0.01
[2022-06-13 17:53:40] )
[2022-06-13 17:53:40] CDur(
[2022-06-13 17:53:40]   (features): Sequential(
[2022-06-13 17:53:40]     (0): Block2D(
[2022-06-13 17:53:40]       (block): Sequential(
[2022-06-13 17:53:40]         (0): BatchNorm2d(1, eps=1e-05, momentum=0.1, affine=True, track_running_stats=True)
[2022-06-13 17:53:40]         (1): Conv2d(1, 32, kernel_size=(3, 3), stride=(1, 1), padding=(1, 1), bias=False)
[2022-06-13 17:53:40]         (2): LeakyReLU(negative_slope=0.1, inplace=True)
[2022-06-13 17:53:40]       )
[2022-06-13 17:53:40]     )
[2022-06-13 17:53:40]     (1): LPPool2d(norm_type=4, kernel_size=(2, 4), stride=None, ceil_mode=False)
[2022-06-13 17:53:40]     (2): Block2D(
[2022-06-13 17:53:40]       (block): Sequential(
[2022-06-13 17:53:40]         (0): BatchNorm2d(32, eps=1e-05, momentum=0.1, affine=True, track_running_stats=True)
[2022-06-13 17:53:40]         (1): Conv2d(32, 128, kernel_size=(3, 3), stride=(1, 1), padding=(1, 1), bias=False)
[2022-06-13 17:53:40]         (2): LeakyReLU(negative_slope=0.1, inplace=True)
[2022-06-13 17:53:40]       )
[2022-06-13 17:53:40]     )
[2022-06-13 17:53:40]     (3): Block2D(
[2022-06-13 17:53:40]       (block): Sequential(
[2022-06-13 17:53:40]         (0): BatchNorm2d(128, eps=1e-05, momentum=0.1, affine=True, track_running_stats=True)
[2022-06-13 17:53:40]         (1): Conv2d(128, 128, kernel_size=(3, 3), stride=(1, 1), padding=(1, 1), bias=False)
[2022-06-13 17:53:40]         (2): LeakyReLU(negative_slope=0.1, inplace=True)
[2022-06-13 17:53:40]       )
[2022-06-13 17:53:40]     )
[2022-06-13 17:53:40]     (4): LPPool2d(norm_type=4, kernel_size=(2, 4), stride=None, ceil_mode=False)
[2022-06-13 17:53:40]     (5): Block2D(
[2022-06-13 17:53:40]       (block): Sequential(
[2022-06-13 17:53:40]         (0): BatchNorm2d(128, eps=1e-05, momentum=0.1, affine=True, track_running_stats=True)
[2022-06-13 17:53:40]         (1): Conv2d(128, 128, kernel_size=(3, 3), stride=(1, 1), padding=(1, 1), bias=False)
[2022-06-13 17:53:40]         (2): LeakyReLU(negative_slope=0.1, inplace=True)
[2022-06-13 17:53:40]       )
[2022-06-13 17:53:40]     )
[2022-06-13 17:53:40]     (6): Block2D(
[2022-06-13 17:53:40]       (block): Sequential(
[2022-06-13 17:53:40]         (0): BatchNorm2d(128, eps=1e-05, momentum=0.1, affine=True, track_running_stats=True)
[2022-06-13 17:53:40]         (1): Conv2d(128, 128, kernel_size=(3, 3), stride=(1, 1), padding=(1, 1), bias=False)
[2022-06-13 17:53:40]         (2): LeakyReLU(negative_slope=0.1, inplace=True)
[2022-06-13 17:53:40]       )
[2022-06-13 17:53:40]     )
[2022-06-13 17:53:40]     (7): LPPool2d(norm_type=4, kernel_size=(1, 4), stride=None, ceil_mode=False)
[2022-06-13 17:53:40]     (8): Dropout(p=0.3, inplace=False)
[2022-06-13 17:53:40]   )
[2022-06-13 17:53:40]   (gru): GRU(128, 128, batch_first=True, bidirectional=True)
[2022-06-13 17:53:40]   (temp_pool): LinearSoftPool()
[2022-06-13 17:53:40]   (outputlayer): Linear(in_features=256, out_features=10, bias=True)
[2022-06-13 17:53:40] )
[2022-06-13 18:04:06] Epoch 1   training_loss: 0.37  val_loss: 0.29  precision: 0.35  recall: 0.15  f1: 0.20
[2022-06-13 18:14:28] Epoch 2   training_loss: 0.28  val_loss: 0.25  precision: 0.56  recall: 0.33  f1: 0.39
[2022-06-13 18:24:49] Epoch 3   training_loss: 0.23  val_loss: 0.20  precision: 0.64  recall: 0.40  f1: 0.47
[2022-06-13 18:35:09] Epoch 4   training_loss: 0.20  val_loss: 0.20  precision: 0.85  recall: 0.52  f1: 0.60
[2022-06-13 18:45:31] Epoch 5   training_loss: 0.18  val_loss: 0.17  precision: 0.89  recall: 0.56  f1: 0.64
[2022-06-13 18:55:52] Epoch 6   training_loss: 0.17  val_loss: 0.18  precision: 0.80  recall: 0.58  f1: 0.64
[2022-06-13 19:06:09] Epoch 7   training_loss: 0.16  val_loss: 0.15  precision: 0.87  recall: 0.57  f1: 0.67
[2022-06-13 19:16:28] Epoch 8   training_loss: 0.14  val_loss: 0.16  precision: 0.85  recall: 0.65  f1: 0.71
[2022-06-13 19:26:45] Epoch 9   training_loss: 0.14  val_loss: 0.17  precision: 0.86  recall: 0.68  f1: 0.72
[2022-06-13 19:37:03] Epoch 10   training_loss: 0.13  val_loss: 0.15  precision: 0.89  recall: 0.69  f1: 0.76
[2022-06-13 19:47:21] Epoch 11   training_loss: 0.12  val_loss: 0.14  precision: 0.86  recall: 0.65  f1: 0.72
[2022-06-13 19:57:44] Epoch 12   training_loss: 0.11  val_loss: 0.12  precision: 0.85  recall: 0.76  f1: 0.79
[2022-06-13 20:08:04] Epoch 13   training_loss: 0.11  val_loss: 0.13  precision: 0.87  recall: 0.74  f1: 0.79
[2022-06-13 20:18:24] Epoch 14   training_loss: 0.09  val_loss: 0.13  precision: 0.86  recall: 0.77  f1: 0.80
[2022-06-13 20:28:38] Epoch 15   training_loss: 0.09  val_loss: 0.12  precision: 0.82  recall: 0.80  f1: 0.80
[2022-06-13 20:38:55] Epoch 16   training_loss: 0.08  val_loss: 0.14  precision: 0.85  recall: 0.77  f1: 0.79
[2022-06-13 20:49:12] Epoch 17   training_loss: 0.09  val_loss: 0.12  precision: 0.85  recall: 0.77  f1: 0.80
[2022-06-13 20:59:31] Epoch 18   training_loss: 0.08  val_loss: 0.12  precision: 0.87  recall: 0.79  f1: 0.82
[2022-06-13 21:09:49] Epoch 19   training_loss: 0.07  val_loss: 0.15  precision: 0.85  recall: 0.80  f1: 0.80
[2022-06-13 21:20:10] Epoch 20   training_loss: 0.06  val_loss: 0.11  precision: 0.87  recall: 0.82  f1: 0.84
[2022-06-13 21:30:30] Epoch 21   training_loss: 0.06  val_loss: 0.11  precision: 0.86  recall: 0.82  f1: 0.84
[2022-06-13 21:40:47] Epoch 22   training_loss: 0.06  val_loss: 0.11  precision: 0.88  recall: 0.81  f1: 0.84
[2022-06-13 21:51:06] Epoch 23   training_loss: 0.05  val_loss: 0.11  precision: 0.86  recall: 0.79  f1: 0.82
[2022-06-13 22:01:24] Epoch 24   training_loss: 0.05  val_loss: 0.11  precision: 0.87  recall: 0.80  f1: 0.83
