[2022-06-12 19:08:53] Storing files in experiments/CDur/2022-06-12_19-08-06_0b7891e0ea4011eca8ec7c8ae1d4050f
[2022-06-12 19:08:53] data:
[2022-06-12 19:08:53]   class_indice_file: data/metadata/class_label_indices.txt
[2022-06-12 19:08:53]   feature: data/dev/feature.csv
[2022-06-12 19:08:53]   freaug: false
[2022-06-12 19:08:53]   freshift: true
[2022-06-12 19:08:53]   label: data/dev/label.csv
[2022-06-12 19:08:53]   mix: false
[2022-06-12 19:08:53]   specaug: false
[2022-06-12 19:08:53]   stratified: true
[2022-06-12 19:08:53]   timeshift: false
[2022-06-12 19:08:53] dataloader_args:
[2022-06-12 19:08:53]   batch_size: 64
[2022-06-12 19:08:53]   num_workers: 1
[2022-06-12 19:08:53] early_stop: 7
[2022-06-12 19:08:53] epochs: 500
[2022-06-12 19:08:53] loss: BceLoss
[2022-06-12 19:08:53] model:
[2022-06-12 19:08:53]   args: {}
[2022-06-12 19:08:53]   dropout: 0.0
[2022-06-12 19:08:53]   type: CDur
[2022-06-12 19:08:53] num_workers: 2
[2022-06-12 19:08:53] optimizer:
[2022-06-12 19:08:53]   args:
[2022-06-12 19:08:53]     lr: 0.001
[2022-06-12 19:08:53]   type: AdamW
[2022-06-12 19:08:53] outputpath: experiments/
[2022-06-12 19:08:53] postprocessing: triple
[2022-06-12 19:08:53] scheduler_args:
[2022-06-12 19:08:53]   factor: 0.1
[2022-06-12 19:08:53]   patience: 3
[2022-06-12 19:08:53] sct: true
[2022-06-12 19:08:53] 
[2022-06-12 19:08:53] Running on device cuda
[2022-06-12 19:08:56] AdamW (
[2022-06-12 19:08:56] Parameter Group 0
[2022-06-12 19:08:56]     amsgrad: False
[2022-06-12 19:08:56]     betas: (0.9, 0.999)
[2022-06-12 19:08:56]     eps: 1e-08
[2022-06-12 19:08:56]     lr: 0.001
[2022-06-12 19:08:56]     maximize: False
[2022-06-12 19:08:56]     weight_decay: 0.01
[2022-06-12 19:08:56] )
[2022-06-12 19:08:56] CDur(
[2022-06-12 19:08:56]   (features): Sequential(
[2022-06-12 19:08:56]     (0): Block2D(
[2022-06-12 19:08:56]       (block): Sequential(
[2022-06-12 19:08:56]         (0): BatchNorm2d(1, eps=1e-05, momentum=0.1, affine=True, track_running_stats=True)
[2022-06-12 19:08:56]         (1): Conv2d(1, 32, kernel_size=(3, 3), stride=(1, 1), padding=(1, 1), bias=False)
[2022-06-12 19:08:56]         (2): LeakyReLU(negative_slope=0.1, inplace=True)
[2022-06-12 19:08:56]       )
[2022-06-12 19:08:56]     )
[2022-06-12 19:08:56]     (1): LPPool2d(norm_type=4, kernel_size=(2, 4), stride=None, ceil_mode=False)
[2022-06-12 19:08:56]     (2): Block2D(
[2022-06-12 19:08:56]       (block): Sequential(
[2022-06-12 19:08:56]         (0): BatchNorm2d(32, eps=1e-05, momentum=0.1, affine=True, track_running_stats=True)
[2022-06-12 19:08:56]         (1): Conv2d(32, 128, kernel_size=(3, 3), stride=(1, 1), padding=(1, 1), bias=False)
[2022-06-12 19:08:56]         (2): LeakyReLU(negative_slope=0.1, inplace=True)
[2022-06-12 19:08:56]       )
[2022-06-12 19:08:56]     )
[2022-06-12 19:08:56]     (3): Block2D(
[2022-06-12 19:08:56]       (block): Sequential(
[2022-06-12 19:08:56]         (0): BatchNorm2d(128, eps=1e-05, momentum=0.1, affine=True, track_running_stats=True)
[2022-06-12 19:08:56]         (1): Conv2d(128, 128, kernel_size=(3, 3), stride=(1, 1), padding=(1, 1), bias=False)
[2022-06-12 19:08:56]         (2): LeakyReLU(negative_slope=0.1, inplace=True)
[2022-06-12 19:08:56]       )
[2022-06-12 19:08:56]     )
[2022-06-12 19:08:56]     (4): LPPool2d(norm_type=4, kernel_size=(2, 4), stride=None, ceil_mode=False)
[2022-06-12 19:08:56]     (5): Block2D(
[2022-06-12 19:08:56]       (block): Sequential(
[2022-06-12 19:08:56]         (0): BatchNorm2d(128, eps=1e-05, momentum=0.1, affine=True, track_running_stats=True)
[2022-06-12 19:08:56]         (1): Conv2d(128, 128, kernel_size=(3, 3), stride=(1, 1), padding=(1, 1), bias=False)
[2022-06-12 19:08:56]         (2): LeakyReLU(negative_slope=0.1, inplace=True)
[2022-06-12 19:08:56]       )
[2022-06-12 19:08:56]     )
[2022-06-12 19:08:56]     (6): Block2D(
[2022-06-12 19:08:56]       (block): Sequential(
[2022-06-12 19:08:56]         (0): BatchNorm2d(128, eps=1e-05, momentum=0.1, affine=True, track_running_stats=True)
[2022-06-12 19:08:56]         (1): Conv2d(128, 128, kernel_size=(3, 3), stride=(1, 1), padding=(1, 1), bias=False)
[2022-06-12 19:08:56]         (2): LeakyReLU(negative_slope=0.1, inplace=True)
[2022-06-12 19:08:56]       )
[2022-06-12 19:08:56]     )
[2022-06-12 19:08:56]     (7): LPPool2d(norm_type=4, kernel_size=(1, 4), stride=None, ceil_mode=False)
[2022-06-12 19:08:56]     (8): Dropout(p=0.3, inplace=False)
[2022-06-12 19:08:56]   )
[2022-06-12 19:08:56]   (gru): GRU(128, 128, batch_first=True, bidirectional=True)
[2022-06-12 19:08:56]   (temp_pool): LinearSoftPool()
[2022-06-12 19:08:56]   (outputlayer): Linear(in_features=256, out_features=10, bias=True)
[2022-06-12 19:08:56] )
[2022-06-12 19:09:02] Epoch 1   training_loss: 0.36  val_loss: 0.32  precision: 0.44  recall: 0.20  f1: 0.25
[2022-06-12 19:09:08] Epoch 2   training_loss: 0.28  val_loss: 0.26  precision: 0.61  recall: 0.30  f1: 0.38
[2022-06-12 19:09:14] Epoch 3   training_loss: 0.23  val_loss: 0.21  precision: 0.74  recall: 0.49  f1: 0.56
[2022-06-12 19:09:19] Epoch 4   training_loss: 0.20  val_loss: 0.18  precision: 0.72  recall: 0.52  f1: 0.58
[2022-06-12 19:09:25] Epoch 5   training_loss: 0.18  val_loss: 0.16  precision: 0.81  recall: 0.64  f1: 0.69
[2022-06-12 19:09:31] Epoch 6   training_loss: 0.17  val_loss: 0.14  precision: 0.86  recall: 0.66  f1: 0.73
[2022-06-12 19:09:37] Epoch 7   training_loss: 0.15  val_loss: 0.14  precision: 0.80  recall: 0.67  f1: 0.71
[2022-06-12 19:09:43] Epoch 8   training_loss: 0.14  val_loss: 0.16  precision: 0.84  recall: 0.61  f1: 0.67
[2022-06-12 19:09:48] Epoch 9   training_loss: 0.13  val_loss: 0.14  precision: 0.85  recall: 0.67  f1: 0.73
[2022-06-12 19:09:54] Epoch 10   training_loss: 0.12  val_loss: 0.15  precision: 0.83  recall: 0.70  f1: 0.73
[2022-06-12 19:10:00] Epoch 11   training_loss: 0.10  val_loss: 0.11  precision: 0.87  recall: 0.72  f1: 0.77
[2022-06-12 19:10:06] Epoch 12   training_loss: 0.10  val_loss: 0.11  precision: 0.87  recall: 0.73  f1: 0.79
[2022-06-12 19:10:12] Epoch 13   training_loss: 0.09  val_loss: 0.11  precision: 0.85  recall: 0.70  f1: 0.75
[2022-06-12 19:10:18] Epoch 14   training_loss: 0.09  val_loss: 0.11  precision: 0.86  recall: 0.72  f1: 0.77
[2022-06-12 19:10:24] Epoch 15   training_loss: 0.09  val_loss: 0.10  precision: 0.88  recall: 0.74  f1: 0.79
[2022-06-12 19:10:29] Epoch 16   training_loss: 0.09  val_loss: 0.11  precision: 0.87  recall: 0.75  f1: 0.79
[2022-06-12 19:10:35] Epoch 17   training_loss: 0.08  val_loss: 0.10  precision: 0.88  recall: 0.77  f1: 0.81
[2022-06-12 19:10:41] Epoch 18   training_loss: 0.08  val_loss: 0.10  precision: 0.89  recall: 0.77  f1: 0.82
[2022-06-12 19:10:48] Epoch 19   training_loss: 0.08  val_loss: 0.11  precision: 0.88  recall: 0.76  f1: 0.80
[2022-06-12 19:10:54] Epoch 20   training_loss: 0.08  val_loss: 0.10  precision: 0.88  recall: 0.78  f1: 0.81
[2022-06-12 19:11:00] Epoch 21   training_loss: 0.08  val_loss: 0.10  precision: 0.88  recall: 0.77  f1: 0.81
[2022-06-12 19:11:06] Epoch 22   training_loss: 0.08  val_loss: 0.10  precision: 0.89  recall: 0.77  f1: 0.81
[2022-06-12 19:11:12] Epoch 23   training_loss: 0.08  val_loss: 0.10  precision: 0.89  recall: 0.77  f1: 0.82
[2022-06-12 19:11:18] Epoch 24   training_loss: 0.08  val_loss: 0.10  precision: 0.90  recall: 0.77  f1: 0.82
[2022-06-12 19:11:24] Epoch 25   training_loss: 0.07  val_loss: 0.10  precision: 0.88  recall: 0.79  f1: 0.82
[2022-06-12 19:11:30] Epoch 26   training_loss: 0.07  val_loss: 0.10  precision: 0.88  recall: 0.78  f1: 0.81
[2022-06-12 19:11:36] Epoch 27   training_loss: 0.07  val_loss: 0.11  precision: 0.88  recall: 0.82  f1: 0.83
[2022-06-12 19:11:40] Epoch 28   training_loss: 0.07  val_loss: 0.11  precision: 0.89  recall: 0.80  f1: 0.83
[2022-06-12 19:11:45] Epoch 29   training_loss: 0.07  val_loss: 0.10  precision: 0.89  recall: 0.81  f1: 0.84
[2022-06-12 19:11:49] Epoch 30   training_loss: 0.07  val_loss: 0.10  precision: 0.90  recall: 0.81  f1: 0.84
[2022-06-12 19:11:55] Epoch 31   training_loss: 0.07  val_loss: 0.10  precision: 0.90  recall: 0.80  f1: 0.84
[2022-06-12 19:12:01] Epoch 32   training_loss: 0.07  val_loss: 0.10  precision: 0.90  recall: 0.81  f1: 0.84
[2022-06-12 19:12:07] Epoch 33   training_loss: 0.07  val_loss: 0.10  precision: 0.88  recall: 0.80  f1: 0.83
[2022-06-12 19:12:13] Epoch 34   training_loss: 0.07  val_loss: 0.10  precision: 0.89  recall: 0.80  f1: 0.84
[2022-06-12 19:12:20] Epoch 35   training_loss: 0.07  val_loss: 0.10  precision: 0.89  recall: 0.82  f1: 0.84
[2022-06-12 19:12:26] Epoch 36   training_loss: 0.07  val_loss: 0.10  precision: 0.88  recall: 0.80  f1: 0.83
[2022-06-12 19:12:32] Epoch 37   training_loss: 0.07  val_loss: 0.10  precision: 0.89  recall: 0.78  f1: 0.82
[2022-06-12 19:12:39] Epoch 38   training_loss: 0.07  val_loss: 0.10  precision: 0.90  recall: 0.80  f1: 0.83
[2022-06-12 19:12:45] Epoch 39   training_loss: 0.07  val_loss: 0.10  precision: 0.90  recall: 0.82  f1: 0.85
[2022-06-12 19:12:52] Epoch 40   training_loss: 0.07  val_loss: 0.10  precision: 0.89  recall: 0.81  f1: 0.84
[2022-06-12 19:12:58] Epoch 41   training_loss: 0.07  val_loss: 0.10  precision: 0.88  recall: 0.79  f1: 0.82
