[2022-06-11 03:54:45] Storing files in experiments/CDur/2022-06-11_03-54-06_2d77292de8f711eca8ec7c8ae1d403ef
[2022-06-11 03:54:45] data:
[2022-06-11 03:54:45]   class_indice_file: data/metadata/class_label_indices.txt
[2022-06-11 03:54:45]   feature: data/dev/feature.csv
[2022-06-11 03:54:45]   freaug: false
[2022-06-11 03:54:45]   freshift: true
[2022-06-11 03:54:45]   label: data/dev/label.csv
[2022-06-11 03:54:45]   mix: false
[2022-06-11 03:54:45]   specaug: false
[2022-06-11 03:54:45]   stratified: true
[2022-06-11 03:54:45]   timeshift: false
[2022-06-11 03:54:45] dataloader_args:
[2022-06-11 03:54:45]   batch_size: 64
[2022-06-11 03:54:45]   num_workers: 1
[2022-06-11 03:54:45] early_stop: 7
[2022-06-11 03:54:45] epochs: 500
[2022-06-11 03:54:45] loss: BceLoss
[2022-06-11 03:54:45] model:
[2022-06-11 03:54:45]   args: {}
[2022-06-11 03:54:45]   dropout: 0.0
[2022-06-11 03:54:45]   type: CDur
[2022-06-11 03:54:45] num_workers: 2
[2022-06-11 03:54:45] optimizer:
[2022-06-11 03:54:45]   args:
[2022-06-11 03:54:45]     lr: 0.001
[2022-06-11 03:54:45]   type: AdamW
[2022-06-11 03:54:45] outputpath: experiments/
[2022-06-11 03:54:45] postprocessing: triple
[2022-06-11 03:54:45] scheduler_args:
[2022-06-11 03:54:45]   factor: 0.1
[2022-06-11 03:54:45]   patience: 3
[2022-06-11 03:54:45] sct: true
[2022-06-11 03:54:45] 
[2022-06-11 03:54:45] Running on device cuda
[2022-06-11 03:54:51] AdamW (
[2022-06-11 03:54:51] Parameter Group 0
[2022-06-11 03:54:51]     amsgrad: False
[2022-06-11 03:54:51]     betas: (0.9, 0.999)
[2022-06-11 03:54:51]     eps: 1e-08
[2022-06-11 03:54:51]     lr: 0.001
[2022-06-11 03:54:51]     maximize: False
[2022-06-11 03:54:51]     weight_decay: 0.01
[2022-06-11 03:54:51] )
[2022-06-11 03:54:51] CDur(
[2022-06-11 03:54:51]   (features): Sequential(
[2022-06-11 03:54:51]     (0): Block2D(
[2022-06-11 03:54:51]       (block): Sequential(
[2022-06-11 03:54:51]         (0): BatchNorm2d(1, eps=1e-05, momentum=0.1, affine=True, track_running_stats=True)
[2022-06-11 03:54:51]         (1): Conv2d(1, 32, kernel_size=(3, 3), stride=(1, 1), padding=(1, 1), bias=False)
[2022-06-11 03:54:51]         (2): LeakyReLU(negative_slope=0.1, inplace=True)
[2022-06-11 03:54:51]       )
[2022-06-11 03:54:51]     )
[2022-06-11 03:54:51]     (1): LPPool2d(norm_type=4, kernel_size=(2, 4), stride=None, ceil_mode=False)
[2022-06-11 03:54:51]     (2): Block2D(
[2022-06-11 03:54:51]       (block): Sequential(
[2022-06-11 03:54:51]         (0): BatchNorm2d(32, eps=1e-05, momentum=0.1, affine=True, track_running_stats=True)
[2022-06-11 03:54:51]         (1): Conv2d(32, 128, kernel_size=(3, 3), stride=(1, 1), padding=(1, 1), bias=False)
[2022-06-11 03:54:51]         (2): LeakyReLU(negative_slope=0.1, inplace=True)
[2022-06-11 03:54:51]       )
[2022-06-11 03:54:51]     )
[2022-06-11 03:54:51]     (3): Block2D(
[2022-06-11 03:54:51]       (block): Sequential(
[2022-06-11 03:54:51]         (0): BatchNorm2d(128, eps=1e-05, momentum=0.1, affine=True, track_running_stats=True)
[2022-06-11 03:54:51]         (1): Conv2d(128, 128, kernel_size=(3, 3), stride=(1, 1), padding=(1, 1), bias=False)
[2022-06-11 03:54:51]         (2): LeakyReLU(negative_slope=0.1, inplace=True)
[2022-06-11 03:54:51]       )
[2022-06-11 03:54:51]     )
[2022-06-11 03:54:51]     (4): LPPool2d(norm_type=4, kernel_size=(2, 4), stride=None, ceil_mode=False)
[2022-06-11 03:54:51]     (5): Block2D(
[2022-06-11 03:54:51]       (block): Sequential(
[2022-06-11 03:54:51]         (0): BatchNorm2d(128, eps=1e-05, momentum=0.1, affine=True, track_running_stats=True)
[2022-06-11 03:54:51]         (1): Conv2d(128, 128, kernel_size=(3, 3), stride=(1, 1), padding=(1, 1), bias=False)
[2022-06-11 03:54:51]         (2): LeakyReLU(negative_slope=0.1, inplace=True)
[2022-06-11 03:54:51]       )
[2022-06-11 03:54:51]     )
[2022-06-11 03:54:51]     (6): Block2D(
[2022-06-11 03:54:51]       (block): Sequential(
[2022-06-11 03:54:51]         (0): BatchNorm2d(128, eps=1e-05, momentum=0.1, affine=True, track_running_stats=True)
[2022-06-11 03:54:51]         (1): Conv2d(128, 128, kernel_size=(3, 3), stride=(1, 1), padding=(1, 1), bias=False)
[2022-06-11 03:54:51]         (2): LeakyReLU(negative_slope=0.1, inplace=True)
[2022-06-11 03:54:51]       )
[2022-06-11 03:54:51]     )
[2022-06-11 03:54:51]     (7): LPPool2d(norm_type=4, kernel_size=(1, 4), stride=None, ceil_mode=False)
[2022-06-11 03:54:51]     (8): Dropout(p=0.3, inplace=False)
[2022-06-11 03:54:51]   )
[2022-06-11 03:54:51]   (gru): GRU(128, 128, batch_first=True, bidirectional=True)
[2022-06-11 03:54:51]   (temp_pool): LinearSoftPool()
[2022-06-11 03:54:51]   (outputlayer): Linear(in_features=256, out_features=10, bias=True)
[2022-06-11 03:54:51] )
[2022-06-11 03:54:59] Epoch 1   training_loss: 0.36  val_loss: 0.32  precision: 0.44  recall: 0.20  f1: 0.25
[2022-06-11 03:55:06] Epoch 2   training_loss: 0.28  val_loss: 0.26  precision: 0.61  recall: 0.30  f1: 0.38
[2022-06-11 03:55:13] Epoch 3   training_loss: 0.23  val_loss: 0.20  precision: 0.73  recall: 0.48  f1: 0.55
[2022-06-11 03:55:20] Epoch 4   training_loss: 0.20  val_loss: 0.18  precision: 0.72  recall: 0.51  f1: 0.57
[2022-06-11 03:55:27] Epoch 5   training_loss: 0.18  val_loss: 0.16  precision: 0.84  recall: 0.65  f1: 0.69
[2022-06-11 03:55:34] Epoch 6   training_loss: 0.17  val_loss: 0.14  precision: 0.85  recall: 0.66  f1: 0.72
[2022-06-11 03:55:41] Epoch 7   training_loss: 0.15  val_loss: 0.14  precision: 0.83  recall: 0.68  f1: 0.73
[2022-06-11 03:55:48] Epoch 8   training_loss: 0.14  val_loss: 0.16  precision: 0.84  recall: 0.60  f1: 0.66
[2022-06-11 03:55:56] Epoch 9   training_loss: 0.14  val_loss: 0.13  precision: 0.86  recall: 0.66  f1: 0.72
[2022-06-11 03:56:03] Epoch 10   training_loss: 0.12  val_loss: 0.18  precision: 0.80  recall: 0.62  f1: 0.64
[2022-06-11 03:56:10] Epoch 11   training_loss: 0.11  val_loss: 0.13  precision: 0.81  recall: 0.69  f1: 0.73
[2022-06-11 03:56:16] Epoch 12   training_loss: 0.10  val_loss: 0.15  precision: 0.89  recall: 0.63  f1: 0.68
[2022-06-11 03:56:23] Epoch 13   training_loss: 0.10  val_loss: 0.12  precision: 0.85  recall: 0.77  f1: 0.80
[2022-06-11 03:56:30] Epoch 14   training_loss: 0.10  val_loss: 0.12  precision: 0.87  recall: 0.75  f1: 0.80
[2022-06-11 03:56:39] Epoch 15   training_loss: 0.09  val_loss: 0.13  precision: 0.84  recall: 0.78  f1: 0.79
[2022-06-11 03:56:45] Epoch 16   training_loss: 0.09  val_loss: 0.15  precision: 0.85  recall: 0.73  f1: 0.75
[2022-06-11 03:56:53] Epoch 17   training_loss: 0.08  val_loss: 0.13  precision: 0.86  recall: 0.81  f1: 0.81
[2022-06-11 03:57:01] Epoch 18   training_loss: 0.07  val_loss: 0.11  precision: 0.87  recall: 0.81  f1: 0.83
[2022-06-11 03:57:09] Epoch 19   training_loss: 0.06  val_loss: 0.10  precision: 0.88  recall: 0.80  f1: 0.83
[2022-06-11 03:57:16] Epoch 20   training_loss: 0.06  val_loss: 0.11  precision: 0.89  recall: 0.82  f1: 0.84
[2022-06-11 03:57:23] Epoch 21   training_loss: 0.06  val_loss: 0.10  precision: 0.87  recall: 0.81  f1: 0.83
[2022-06-11 03:57:30] Epoch 22   training_loss: 0.06  val_loss: 0.10  precision: 0.87  recall: 0.79  f1: 0.82
[2022-06-11 03:57:37] Epoch 23   training_loss: 0.05  val_loss: 0.10  precision: 0.87  recall: 0.80  f1: 0.82
[2022-06-11 03:57:45] Epoch 24   training_loss: 0.05  val_loss: 0.10  precision: 0.89  recall: 0.80  f1: 0.83
[2022-06-11 03:57:52] Epoch 25   training_loss: 0.05  val_loss: 0.10  precision: 0.86  recall: 0.82  f1: 0.83
[2022-06-11 03:58:00] Epoch 26   training_loss: 0.05  val_loss: 0.11  precision: 0.85  recall: 0.82  f1: 0.83
[2022-06-11 03:58:07] Epoch 27   training_loss: 0.05  val_loss: 0.11  precision: 0.87  recall: 0.81  f1: 0.83
[2022-06-11 03:58:14] Epoch 28   training_loss: 0.05  val_loss: 0.11  precision: 0.87  recall: 0.83  f1: 0.84
[2022-06-11 03:58:21] Epoch 29   training_loss: 0.05  val_loss: 0.11  precision: 0.85  recall: 0.83  f1: 0.83
[2022-06-11 03:58:28] Epoch 30   training_loss: 0.05  val_loss: 0.10  precision: 0.87  recall: 0.83  f1: 0.84
[2022-06-11 03:58:35] Epoch 31   training_loss: 0.05  val_loss: 0.10  precision: 0.87  recall: 0.82  f1: 0.84
[2022-06-11 03:58:41] Epoch 32   training_loss: 0.05  val_loss: 0.10  precision: 0.87  recall: 0.82  f1: 0.84
[2022-06-11 03:58:48] Epoch 33   training_loss: 0.05  val_loss: 0.10  precision: 0.86  recall: 0.84  f1: 0.84
[2022-06-11 03:58:55] Epoch 34   training_loss: 0.05  val_loss: 0.10  precision: 0.86  recall: 0.83  f1: 0.84
[2022-06-11 03:59:02] Epoch 35   training_loss: 0.05  val_loss: 0.10  precision: 0.87  recall: 0.82  f1: 0.83
[2022-06-11 03:59:07] Epoch 36   training_loss: 0.05  val_loss: 0.10  precision: 0.87  recall: 0.83  f1: 0.84
[2022-06-11 03:59:11] Epoch 37   training_loss: 0.05  val_loss: 0.10  precision: 0.87  recall: 0.82  f1: 0.83
[2022-06-11 03:59:15] Epoch 38   training_loss: 0.05  val_loss: 0.10  precision: 0.86  recall: 0.83  f1: 0.83
[2022-06-11 03:59:18] Epoch 39   training_loss: 0.05  val_loss: 0.10  precision: 0.87  recall: 0.83  f1: 0.84
