[2022-06-12 19:15:35] Storing files in experiments/CDur/2022-06-12_19-15-06_fb688c39ea4011eca8ec7c8ae1d4050f
[2022-06-12 19:15:35] data:
[2022-06-12 19:15:35]   class_indice_file: data/metadata/class_label_indices.txt
[2022-06-12 19:15:35]   feature: data/dev/feature.csv
[2022-06-12 19:15:35]   freaug: false
[2022-06-12 19:15:35]   freshift: true
[2022-06-12 19:15:35]   label: data/dev/label.csv
[2022-06-12 19:15:35]   mix: false
[2022-06-12 19:15:35]   specaug: false
[2022-06-12 19:15:35]   stratified: true
[2022-06-12 19:15:35]   timeshift: false
[2022-06-12 19:15:35] dataloader_args:
[2022-06-12 19:15:35]   batch_size: 64
[2022-06-12 19:15:35]   num_workers: 1
[2022-06-12 19:15:35] early_stop: 7
[2022-06-12 19:15:35] epochs: 500
[2022-06-12 19:15:35] loss: BceLoss
[2022-06-12 19:15:35] model:
[2022-06-12 19:15:35]   args: {}
[2022-06-12 19:15:35]   dropout: 0.0
[2022-06-12 19:15:35]   type: CDur
[2022-06-12 19:15:35] num_workers: 2
[2022-06-12 19:15:35] optimizer:
[2022-06-12 19:15:35]   args:
[2022-06-12 19:15:35]     lr: 0.001
[2022-06-12 19:15:35]   type: AdamW
[2022-06-12 19:15:35] outputpath: experiments/
[2022-06-12 19:15:35] postprocessing: triple
[2022-06-12 19:15:35] scheduler_args:
[2022-06-12 19:15:35]   factor: 0.1
[2022-06-12 19:15:35]   patience: 3
[2022-06-12 19:15:35] sct: true
[2022-06-12 19:15:35] 
[2022-06-12 19:15:35] Running on device cuda
[2022-06-12 19:15:39] AdamW (
[2022-06-12 19:15:39] Parameter Group 0
[2022-06-12 19:15:39]     amsgrad: False
[2022-06-12 19:15:39]     betas: (0.9, 0.999)
[2022-06-12 19:15:39]     eps: 1e-08
[2022-06-12 19:15:39]     lr: 0.001
[2022-06-12 19:15:39]     maximize: False
[2022-06-12 19:15:39]     weight_decay: 0.01
[2022-06-12 19:15:39] )
[2022-06-12 19:15:39] CDur(
[2022-06-12 19:15:39]   (features): Sequential(
[2022-06-12 19:15:39]     (0): Block2D(
[2022-06-12 19:15:39]       (block): Sequential(
[2022-06-12 19:15:39]         (0): BatchNorm2d(1, eps=1e-05, momentum=0.1, affine=True, track_running_stats=True)
[2022-06-12 19:15:39]         (1): Conv2d(1, 32, kernel_size=(3, 3), stride=(1, 1), padding=(1, 1), bias=False)
[2022-06-12 19:15:39]         (2): LeakyReLU(negative_slope=0.1, inplace=True)
[2022-06-12 19:15:39]       )
[2022-06-12 19:15:39]     )
[2022-06-12 19:15:39]     (1): LPPool2d(norm_type=4, kernel_size=(2, 4), stride=None, ceil_mode=False)
[2022-06-12 19:15:39]     (2): Block2D(
[2022-06-12 19:15:39]       (block): Sequential(
[2022-06-12 19:15:39]         (0): BatchNorm2d(32, eps=1e-05, momentum=0.1, affine=True, track_running_stats=True)
[2022-06-12 19:15:39]         (1): Conv2d(32, 128, kernel_size=(3, 3), stride=(1, 1), padding=(1, 1), bias=False)
[2022-06-12 19:15:39]         (2): LeakyReLU(negative_slope=0.1, inplace=True)
[2022-06-12 19:15:39]       )
[2022-06-12 19:15:39]     )
[2022-06-12 19:15:39]     (3): Block2D(
[2022-06-12 19:15:39]       (block): Sequential(
[2022-06-12 19:15:39]         (0): BatchNorm2d(128, eps=1e-05, momentum=0.1, affine=True, track_running_stats=True)
[2022-06-12 19:15:39]         (1): Conv2d(128, 128, kernel_size=(3, 3), stride=(1, 1), padding=(1, 1), bias=False)
[2022-06-12 19:15:39]         (2): LeakyReLU(negative_slope=0.1, inplace=True)
[2022-06-12 19:15:39]       )
[2022-06-12 19:15:39]     )
[2022-06-12 19:15:39]     (4): LPPool2d(norm_type=4, kernel_size=(2, 4), stride=None, ceil_mode=False)
[2022-06-12 19:15:39]     (5): Block2D(
[2022-06-12 19:15:39]       (block): Sequential(
[2022-06-12 19:15:39]         (0): BatchNorm2d(128, eps=1e-05, momentum=0.1, affine=True, track_running_stats=True)
[2022-06-12 19:15:39]         (1): Conv2d(128, 128, kernel_size=(3, 3), stride=(1, 1), padding=(1, 1), bias=False)
[2022-06-12 19:15:39]         (2): LeakyReLU(negative_slope=0.1, inplace=True)
[2022-06-12 19:15:39]       )
[2022-06-12 19:15:39]     )
[2022-06-12 19:15:39]     (6): Block2D(
[2022-06-12 19:15:39]       (block): Sequential(
[2022-06-12 19:15:39]         (0): BatchNorm2d(128, eps=1e-05, momentum=0.1, affine=True, track_running_stats=True)
[2022-06-12 19:15:39]         (1): Conv2d(128, 128, kernel_size=(3, 3), stride=(1, 1), padding=(1, 1), bias=False)
[2022-06-12 19:15:39]         (2): LeakyReLU(negative_slope=0.1, inplace=True)
[2022-06-12 19:15:39]       )
[2022-06-12 19:15:39]     )
[2022-06-12 19:15:39]     (7): LPPool2d(norm_type=4, kernel_size=(1, 4), stride=None, ceil_mode=False)
[2022-06-12 19:15:39]     (8): Dropout(p=0.3, inplace=False)
[2022-06-12 19:15:39]   )
[2022-06-12 19:15:39]   (gru): GRU(128, 128, batch_first=True, bidirectional=True)
[2022-06-12 19:15:39]   (temp_pool): LinearSoftPool()
[2022-06-12 19:15:39]   (outputlayer): Linear(in_features=256, out_features=10, bias=True)
[2022-06-12 19:15:39] )
[2022-06-12 19:15:46] Epoch 1   training_loss: 0.36  val_loss: 0.32  precision: 0.44  recall: 0.20  f1: 0.26
[2022-06-12 19:15:52] Epoch 2   training_loss: 0.28  val_loss: 0.26  precision: 0.61  recall: 0.30  f1: 0.38
[2022-06-12 19:15:57] Epoch 3   training_loss: 0.23  val_loss: 0.21  precision: 0.73  recall: 0.49  f1: 0.55
[2022-06-12 19:16:02] Epoch 4   training_loss: 0.20  val_loss: 0.18  precision: 0.72  recall: 0.52  f1: 0.58
[2022-06-12 19:16:07] Epoch 5   training_loss: 0.18  val_loss: 0.16  precision: 0.81  recall: 0.65  f1: 0.69
[2022-06-12 19:16:13] Epoch 6   training_loss: 0.17  val_loss: 0.14  precision: 0.86  recall: 0.66  f1: 0.72
[2022-06-12 19:16:20] Epoch 7   training_loss: 0.15  val_loss: 0.14  precision: 0.81  recall: 0.69  f1: 0.73
[2022-06-12 19:16:26] Epoch 8   training_loss: 0.14  val_loss: 0.16  precision: 0.84  recall: 0.61  f1: 0.67
[2022-06-12 19:16:32] Epoch 9   training_loss: 0.13  val_loss: 0.14  precision: 0.83  recall: 0.65  f1: 0.71
[2022-06-12 19:16:38] Epoch 10   training_loss: 0.12  val_loss: 0.15  precision: 0.83  recall: 0.69  f1: 0.73
[2022-06-12 19:16:43] Epoch 11   training_loss: 0.10  val_loss: 0.11  precision: 0.87  recall: 0.72  f1: 0.77
[2022-06-12 19:16:49] Epoch 12   training_loss: 0.10  val_loss: 0.11  precision: 0.88  recall: 0.74  f1: 0.79
[2022-06-12 19:16:55] Epoch 13   training_loss: 0.09  val_loss: 0.11  precision: 0.85  recall: 0.71  f1: 0.75
[2022-06-12 19:17:01] Epoch 14   training_loss: 0.09  val_loss: 0.11  precision: 0.86  recall: 0.72  f1: 0.77
[2022-06-12 19:17:07] Epoch 15   training_loss: 0.09  val_loss: 0.10  precision: 0.88  recall: 0.74  f1: 0.79
[2022-06-12 19:17:13] Epoch 16   training_loss: 0.09  val_loss: 0.11  precision: 0.86  recall: 0.74  f1: 0.78
[2022-06-12 19:17:19] Epoch 17   training_loss: 0.08  val_loss: 0.10  precision: 0.88  recall: 0.77  f1: 0.81
[2022-06-12 19:17:25] Epoch 18   training_loss: 0.08  val_loss: 0.10  precision: 0.90  recall: 0.77  f1: 0.82
[2022-06-12 19:17:32] Epoch 19   training_loss: 0.08  val_loss: 0.11  precision: 0.88  recall: 0.77  f1: 0.81
[2022-06-12 19:17:38] Epoch 20   training_loss: 0.08  val_loss: 0.10  precision: 0.88  recall: 0.79  f1: 0.82
[2022-06-12 19:17:44] Epoch 21   training_loss: 0.08  val_loss: 0.10  precision: 0.88  recall: 0.77  f1: 0.81
[2022-06-12 19:17:51] Epoch 22   training_loss: 0.08  val_loss: 0.10  precision: 0.89  recall: 0.78  f1: 0.82
[2022-06-12 19:17:57] Epoch 23   training_loss: 0.08  val_loss: 0.10  precision: 0.89  recall: 0.79  f1: 0.83
[2022-06-12 19:18:02] Epoch 24   training_loss: 0.08  val_loss: 0.10  precision: 0.89  recall: 0.78  f1: 0.82
[2022-06-12 19:18:07] Epoch 25   training_loss: 0.07  val_loss: 0.10  precision: 0.89  recall: 0.79  f1: 0.83
[2022-06-12 19:18:12] Epoch 26   training_loss: 0.07  val_loss: 0.10  precision: 0.89  recall: 0.78  f1: 0.81
[2022-06-12 19:18:17] Epoch 27   training_loss: 0.08  val_loss: 0.10  precision: 0.89  recall: 0.79  f1: 0.83
[2022-06-12 19:18:23] Epoch 28   training_loss: 0.07  val_loss: 0.11  precision: 0.87  recall: 0.79  f1: 0.82
[2022-06-12 19:18:28] Epoch 29   training_loss: 0.07  val_loss: 0.10  precision: 0.90  recall: 0.80  f1: 0.84
[2022-06-12 19:18:34] Epoch 30   training_loss: 0.07  val_loss: 0.10  precision: 0.90  recall: 0.79  f1: 0.83
[2022-06-12 19:18:39] Epoch 31   training_loss: 0.07  val_loss: 0.10  precision: 0.90  recall: 0.79  f1: 0.83
[2022-06-12 19:18:45] Epoch 32   training_loss: 0.08  val_loss: 0.10  precision: 0.90  recall: 0.79  f1: 0.83
[2022-06-12 19:18:51] Epoch 33   training_loss: 0.07  val_loss: 0.10  precision: 0.89  recall: 0.78  f1: 0.82
[2022-06-12 19:18:56] Epoch 34   training_loss: 0.07  val_loss: 0.10  precision: 0.89  recall: 0.79  f1: 0.83
[2022-06-12 19:19:01] Epoch 35   training_loss: 0.07  val_loss: 0.10  precision: 0.89  recall: 0.80  f1: 0.83
[2022-06-12 19:19:07] Epoch 36   training_loss: 0.07  val_loss: 0.10  precision: 0.90  recall: 0.79  f1: 0.83
[2022-06-12 19:19:13] Epoch 37   training_loss: 0.07  val_loss: 0.10  precision: 0.89  recall: 0.78  f1: 0.82
[2022-06-12 19:19:18] Epoch 38   training_loss: 0.07  val_loss: 0.10  precision: 0.89  recall: 0.78  f1: 0.82
[2022-06-12 19:19:24] Epoch 39   training_loss: 0.07  val_loss: 0.10  precision: 0.90  recall: 0.80  f1: 0.83
[2022-06-12 19:19:29] Epoch 40   training_loss: 0.07  val_loss: 0.10  precision: 0.89  recall: 0.80  f1: 0.84
[2022-06-12 19:19:35] Epoch 41   training_loss: 0.07  val_loss: 0.10  precision: 0.90  recall: 0.78  f1: 0.82
